INFO-FLOW: Workspace E:/LtrProjects/SharedProjects/HLS/CONV_LAYER/unroll_3_4 opened at Wed Oct 14 14:41:37 +0800 2020
Execute     ap_set_clock -name default -period 10 -default=false 
INFO: [SYN 201-201] Setting up clock 'default' with a period of 10ns.
WARNING: [HLS 200-40] Cannot find library 'C:/Xilinx/Vitis/2020.1/common/technology/xilinx/Virtex-7/Virtex-7.lib'.
WARNING: [HLS 200-40] Cannot find library 'xilinx/Virtex-7/Virtex-7'.
WARNING: [HLS 200-40] Cannot find library 'C:/Xilinx/Vitis/2020.1/common/technology/xilinx/Virtex-7/Virtex-7_fpv7.lib'.
WARNING: [HLS 200-40] Cannot find library 'xilinx/Virtex-7/Virtex-7_fpv7'.
Execute     set_part xcvu11p-flga2577-1-e 
INFO-FLOW: DBG:set_part: XILINX_VIVADO=C:/Xilinx/Vivado/2020.1
INFO-FLOW: DBG:set_part: RDI_DATADIR=C:/Xilinx/Vivado/2020.1/data;C:/Xilinx/Vitis/2020.1/data
Execute       ap_part_info -name xcvu11p-flga2577-1-e -data single -quiet 
DBG:HLSDevice: Trying to load device library: C:/Xilinx/Vitis/2020.1\lib\win64.o\librdi_hlsvwrap.dll
DBG:HLSDevice: first parts/arch.xml in RDI_DATADIR: C:/Xilinx/Vivado/2020.1/data/parts/arch.xml
Command       ap_part_info done; 1.136 sec.
Execute       ap_part_info -name xcvu11p-flga2577-1-e -data info 
Execute       ap_family_info -name virtexuplus -data info 
Execute       add_library xilinx/virtexuplus/virtexuplus:xcvu11p:-flga2577:-1-e 
Execute         get_default_platform 
Execute         open_platform DefaultPlatform 
Execute         import_lib C:/Xilinx/Vitis/2020.1/common/technology/xilinx/virtexuplus/virtexuplus 
Execute           source C:/Xilinx/Vitis/2020.1/common/technology/xilinx/common/xilinx.lib 
Execute             source C:/Xilinx/Vitis/2020.1/common/technology/xilinx/common/dsp48.lib 
Execute           source C:/Xilinx/Vitis/2020.1/common/technology/xilinx/common/xilinx.hlp 
Execute             source C:/Xilinx/Vitis/2020.1/common/technology/xilinx/interface/xilinx_interface.hlp 
Execute               source C:/Xilinx/Vitis/2020.1/common/technology/xilinx/interface/maxi.hlp 
Execute               source C:/Xilinx/Vitis/2020.1/common/technology/xilinx/interface/saxilite.hlp 
Execute             source C:/Xilinx/Vitis/2020.1/common/technology/xilinx/common/dsp48.hlp 
Execute           source C:/Xilinx/Vitis/2020.1/common/technology/xilinx/virtexuplus/dsp48e2.hlp 
Execute         source C:/Xilinx/Vitis/2020.1/common/technology/xilinx/virtexuplus/virtexuplus.gen 
Execute           source C:/Xilinx/Vitis/2020.1/common/technology/xilinx/common/xilinx.gen 
Execute             source C:/Xilinx/Vitis/2020.1/common/technology/xilinx/interface/plb46.gen 
Execute             source C:/Xilinx/Vitis/2020.1/common/technology/xilinx/interface/axi4.gen 
Execute             source C:/Xilinx/Vitis/2020.1/common/technology/xilinx/interface/nativeAXI4.gen 
Execute               source C:/Xilinx/Vitis/2020.1/common/technology/xilinx/interface/saxilite.gen 
Execute               source C:/Xilinx/Vitis/2020.1/common/technology/xilinx/interface/maxi.gen 
Execute             source C:/Xilinx/Vitis/2020.1/common/technology/xilinx/scripts/xilinxcoregen.gen 
Execute             source C:/Xilinx/Vitis/2020.1/common/technology/xilinx/interface/XilEDKCoreGen.gen 
Execute             source C:/Xilinx/Vitis/2020.1/common/technology/xilinx/ip/dds_compiler.gen 
Execute             source C:/Xilinx/Vitis/2020.1/common/technology/xilinx/ip/util.gen 
Execute             source C:/Xilinx/Vitis/2020.1/common/technology/xilinx/ip/xfft.gen 
Execute             source C:/Xilinx/Vitis/2020.1/common/technology/xilinx/ip/xfir.gen 
Execute             source C:/Xilinx/Vitis/2020.1/common/technology/xilinx/common/dsp48.gen 
Command           ap_source done; 0.113 sec.
Command         ap_source done; 0.113 sec.
Execute         ap_part_info -data single -name xcvu11p-flga2577-1-e 
Execute         ap_part_info -name xcvu11p-flga2577-1-e -data resources 
Execute         config_chip_info -resource {SLICE 162000} {LUT 1296000} {FF 2592000} {DSP 9216} {BRAM 4032} {URAM 960} {SLR 3} 
Execute         ap_part_info -name xcvu11p-flga2577-1-e -data info 
Execute         config_chip_info -speed slow 
Command       add_library done; 0.187 sec.
Execute       add_library xilinx/virtexuplus/virtexuplus_fpv7 
Execute         get_default_platform 
Execute         open_platform DefaultPlatform 
Execute         import_lib C:/Xilinx/Vitis/2020.1/common/technology/xilinx/virtexuplus/virtexuplus_fpv7 
Execute           source C:/Xilinx/Vitis/2020.1/common/technology/xilinx/common/xilinx_fp.lib 
Execute           source C:/Xilinx/Vitis/2020.1/common/technology/xilinx/common/xilinx_fp.hlp 
Execute             source C:/Xilinx/Vitis/2020.1/common/technology/xilinx/common/xilinx.hlp 
Execute               source C:/Xilinx/Vitis/2020.1/common/technology/xilinx/interface/xilinx_interface.hlp 
Execute                 source C:/Xilinx/Vitis/2020.1/common/technology/xilinx/interface/maxi.hlp 
Execute                 source C:/Xilinx/Vitis/2020.1/common/technology/xilinx/interface/saxilite.hlp 
Execute               source C:/Xilinx/Vitis/2020.1/common/technology/xilinx/common/dsp48.hlp 
Execute         source C:/Xilinx/Vitis/2020.1/common/technology/xilinx/virtexuplus/virtexuplus_fpv7.gen 
Execute           source C:/Xilinx/Vitis/2020.1/common/technology/xilinx/common/xilinx_fp.gen 
INFO: [HLS 200-10] Setting target device to 'xcvu11p-flga2577-1-e'
Execute       ap_part_info -name xcvu11p-flga2577-1-e -data info 
Execute       get_default_platform 
Command     set_part done; 1.431 sec.
Execute     ap_part_info -data single -name xcvu11p-flga2577-1-e 
Execute     ap_part_info -name xcvu11p-flga2577-1-e -data resources 
Execute     config_chip_info -resource {SLICE 162000} {LUT 1296000} {FF 2592000} {DSP 9216} {BRAM 4032} {URAM 960} {SLR 3} 
Execute     ap_part_info -name xcvu11p-flga2577-1-e -data info 
Execute     config_chip_info -speed slow 
Execute     send_msg_by_id INFO @200-1505@%s%s  vivado 
INFO: [HLS 200-1505] Using flow_target 'vivado'
Execute     get_config_interface -m_axi_latency 
Execute     get_config_interface -m_axi_alignment_byte_size 
Execute     get_config_interface -m_axi_max_widen_bitwidth 
Execute     get_config_interface -default_interface 
Execute     get_config_interface -default_slave_interface 
Execute     get_config_rtl -register_reset_num 
Command   open_solution done; 1.499 sec.
Execute   set_part xcvu11p-flga2577-1-e 
INFO-FLOW: DBG:set_part: XILINX_VIVADO=C:/Xilinx/Vivado/2020.1
INFO-FLOW: DBG:set_part: RDI_DATADIR=C:/Xilinx/Vivado/2020.1/data;C:/Xilinx/Vitis/2020.1/data
Execute     ap_part_info -name xcvu11p-flga2577-1-e -data single -quiet 
Execute     ap_part_info -name xcvu11p-flga2577-1-e -data info 
Execute     ap_family_info -name virtexuplus -data info 
Execute     add_library xilinx/virtexuplus/virtexuplus:xcvu11p:-flga2577:-1-e 
Execute       get_default_platform 
Execute       open_platform DefaultPlatform 
Execute       import_lib C:/Xilinx/Vitis/2020.1/common/technology/xilinx/virtexuplus/virtexuplus 
Execute         source C:/Xilinx/Vitis/2020.1/common/technology/xilinx/common/xilinx.lib 
Execute           source C:/Xilinx/Vitis/2020.1/common/technology/xilinx/common/dsp48.lib 
Execute         source C:/Xilinx/Vitis/2020.1/common/technology/xilinx/common/xilinx.hlp 
Execute           source C:/Xilinx/Vitis/2020.1/common/technology/xilinx/interface/xilinx_interface.hlp 
Execute             source C:/Xilinx/Vitis/2020.1/common/technology/xilinx/interface/maxi.hlp 
Execute             source C:/Xilinx/Vitis/2020.1/common/technology/xilinx/interface/saxilite.hlp 
Execute           source C:/Xilinx/Vitis/2020.1/common/technology/xilinx/common/dsp48.hlp 
Execute         source C:/Xilinx/Vitis/2020.1/common/technology/xilinx/virtexuplus/dsp48e2.hlp 
Execute       source C:/Xilinx/Vitis/2020.1/common/technology/xilinx/virtexuplus/virtexuplus.gen 
Execute         source C:/Xilinx/Vitis/2020.1/common/technology/xilinx/common/xilinx.gen 
Execute           source C:/Xilinx/Vitis/2020.1/common/technology/xilinx/interface/plb46.gen 
Execute           source C:/Xilinx/Vitis/2020.1/common/technology/xilinx/interface/axi4.gen 
Execute           source C:/Xilinx/Vitis/2020.1/common/technology/xilinx/interface/nativeAXI4.gen 
Execute             source C:/Xilinx/Vitis/2020.1/common/technology/xilinx/interface/saxilite.gen 
Execute             source C:/Xilinx/Vitis/2020.1/common/technology/xilinx/interface/maxi.gen 
Execute           source C:/Xilinx/Vitis/2020.1/common/technology/xilinx/scripts/xilinxcoregen.gen 
Execute           source C:/Xilinx/Vitis/2020.1/common/technology/xilinx/interface/XilEDKCoreGen.gen 
Execute           source C:/Xilinx/Vitis/2020.1/common/technology/xilinx/ip/dds_compiler.gen 
Execute           source C:/Xilinx/Vitis/2020.1/common/technology/xilinx/ip/util.gen 
Execute           source C:/Xilinx/Vitis/2020.1/common/technology/xilinx/ip/xfft.gen 
Execute           source C:/Xilinx/Vitis/2020.1/common/technology/xilinx/ip/xfir.gen 
Execute           source C:/Xilinx/Vitis/2020.1/common/technology/xilinx/common/dsp48.gen 
Command         ap_source done; 0.108 sec.
Command       ap_source done; 0.108 sec.
Execute       ap_part_info -data single -name xcvu11p-flga2577-1-e 
Execute       ap_part_info -name xcvu11p-flga2577-1-e -data resources 
Execute       config_chip_info -resource {SLICE 162000} {LUT 1296000} {FF 2592000} {DSP 9216} {BRAM 4032} {URAM 960} {SLR 3} 
Execute       ap_part_info -name xcvu11p-flga2577-1-e -data info 
Execute       config_chip_info -speed slow 
Command     add_library done; 0.172 sec.
Execute     add_library xilinx/virtexuplus/virtexuplus_fpv7 
Execute       get_default_platform 
Execute       open_platform DefaultPlatform 
Execute       import_lib C:/Xilinx/Vitis/2020.1/common/technology/xilinx/virtexuplus/virtexuplus_fpv7 
Execute         source C:/Xilinx/Vitis/2020.1/common/technology/xilinx/common/xilinx_fp.lib 
Execute         source C:/Xilinx/Vitis/2020.1/common/technology/xilinx/common/xilinx_fp.hlp 
Execute           source C:/Xilinx/Vitis/2020.1/common/technology/xilinx/common/xilinx.hlp 
Execute             source C:/Xilinx/Vitis/2020.1/common/technology/xilinx/interface/xilinx_interface.hlp 
Execute               source C:/Xilinx/Vitis/2020.1/common/technology/xilinx/interface/maxi.hlp 
Execute               source C:/Xilinx/Vitis/2020.1/common/technology/xilinx/interface/saxilite.hlp 
Execute             source C:/Xilinx/Vitis/2020.1/common/technology/xilinx/common/dsp48.hlp 
Execute       source C:/Xilinx/Vitis/2020.1/common/technology/xilinx/virtexuplus/virtexuplus_fpv7.gen 
Execute         source C:/Xilinx/Vitis/2020.1/common/technology/xilinx/common/xilinx_fp.gen 
Execute     ap_part_info -name xcvu11p-flga2577-1-e -data info 
Execute     get_default_platform 
Command   set_part done; 0.252 sec.
Execute   create_clock -period 10 -name default 
Execute   source ./CONV_LAYER/unroll_3_4/directives.tcl 
Execute     set_directive_top -name packed_conv_paper packed_conv_paper 
INFO-FLOW: Setting directive 'TOP' name=packed_conv_paper 
Execute     set_directive_pipeline -II 1 conv_paper/LOOP_1 
INFO-FLOW: Setting directive 'TOP' name=packed_conv_paper 
INFO-FLOW: Setting directive 'PIPELINE' II=1 
Execute   csynth_design 
Execute     get_config_compile -dump_cfg 
Execute     get_config_compile -effort 
Execute     get_config_compile -enable_clang39 
Execute     get_config_compile -g 
Execute     get_config_compile -ng 
Execute     get_config_compile -opt_fp 
Execute     get_config_compile -skip_cdt 
Execute     get_config_compile -skip_syncheck 
Execute     get_config_compile -skip_transform 
Execute     get_config_compile -keep_printf 
Execute     elaborate -effort=medium -skip_syncheck=0 -keep_printf=0 -skip_cdt=0 -skip_transform=0 -ng=0 -g=0 -opt_fp=0 -from_csynth_design=1 
INFO: [HLS 200-10] Analyzing design file 'CONV_LAYER/conv.cpp' ... 
INFO-FLOW: Compiling one TU...
Execute       get_config_compile -pragma_strict_mode 
INFO-FLOW: Handling CONV_LAYER/conv.cpp as C++
Execute       ap_part_info -name xcvu11p-flga2577-1-e -data info 
INFO-FLOW: Running: GCC PP 39
INFO-FLOW: Source preprocessing
Execute       ap_eval exec -ignorestderr C:/Xilinx/Vitis/2020.1/win64/tools/clang-3.9-csynth/bin/clang -fsave-optimization-record -foptimization-record-file=E:/LtrProjects/SharedProjects/HLS/CONV_LAYER/unroll_3_4/.autopilot/db/clang.conv.cpp.diag.yml -fno-limit-debug-info --sysroot C:/Xilinx/Vitis/2020.1/tps/mingw/6.2.0/win64.o/nt -fhls -fno-exceptions -E CONV_LAYER/conv.cpp -fno-math-errno -c -emit-llvm -mllvm -disable-llvm-optzns -Werror=implicit-function-declaration -Werror=implicit-hls-streams -Werror=return-type -Wpragmas -Wunused-parameter -fno-threadsafe-statics -fno-use-cxa-atexit -std=gnu++14 -target fpga64-xilinx-mingw32 -fno-threadsafe-statics -fno-use-cxa-atexit -I C:/Xilinx/Vitis/2020.1/common/technology/autopilot/39 -DAESL_SYN -D__SYNTHESIS__ -D__HLS_SYN__ -I C:/Xilinx/Vitis/2020.1/common/technology/autopilot -I C:/Xilinx/Vitis/2020.1/common/technology/autopilot/ap_sysc -include etc/autopilot_ssdm_op.h -D__DSP48E2__ -o E:/LtrProjects/SharedProjects/HLS/CONV_LAYER/unroll_3_4/.autopilot/db/conv.pp.0.cpp > E:/LtrProjects/SharedProjects/HLS/CONV_LAYER/unroll_3_4/.autopilot/db/clang.conv.cpp.out.log 2> E:/LtrProjects/SharedProjects/HLS/CONV_LAYER/unroll_3_4/.autopilot/db/clang.conv.cpp.err.log 
Command       ap_eval done; 0.192 sec.
INFO-FLOW: Done: GCC PP 39 time: 0.2 seconds per iteration
Execute       set_directive_top packed_conv_paper -name=packed_conv_paper 
INFO-FLOW: Setting directive 'TOP' name=packed_conv_paper 
INFO-FLOW: Setting directive 'PIPELINE' II=1 
INFO-FLOW: Setting directive 'TOP' name=packed_conv_paper 
INFO-FLOW: Setting directive 'TOP' name=packed_conv_paper 
INFO-FLOW: Setting directive 'PIPELINE' II=1 
INFO-FLOW: Setting directive 'TOP' name=packed_conv_paper 
Execute       source C:/Xilinx/Vitis/2020.1/tps/tcl/tcllib1.11.1/yaml/huddle.tcl 
Execute       source C:/Xilinx/Vitis/2020.1/tps/tcl/tcllib1.11.1/yaml/json2huddle.tcl 
Execute         source C:/Xilinx/Vitis/2020.1/tps/tcl/tcllib1.11.1/try/try.tcl 
INFO-FLOW: Setting directive 'TOP' name=packed_conv_paper 
INFO-FLOW: Setting directive 'PIPELINE' II=1 
INFO-FLOW: Setting directive 'TOP' name=packed_conv_paper 
Execute       list_core -type functional_unit 
Execute       clang_tidy xilinx-systemc-detector E:/LtrProjects/SharedProjects/HLS/CONV_LAYER/unroll_3_4/.autopilot/db/conv.pp.0.cpp std=gnu++14 -target fpga  -directive=E:/LtrProjects/SharedProjects/HLS/CONV_LAYER/unroll_3_4/.autopilot/db/.systemc_flag 
INFO-FLOW: exec C:/Xilinx/Vitis/2020.1/win64/tools/clang-3.9-csynth/bin/clang-tidy -header-filter=.* --checks=-*,xilinx-systemc-detector -import-directive=E:/LtrProjects/SharedProjects/HLS/CONV_LAYER/unroll_3_4/.autopilot/db/.systemc_flag -fix-errors E:/LtrProjects/SharedProjects/HLS/CONV_LAYER/unroll_3_4/.autopilot/db/conv.pp.0.cpp -- -std=gnu++14 -target fpga -fhls -ferror-limit=0
Command       clang_tidy done; 1.022 sec.
INFO-FLOW: Running: clang-tidy CDT preprocess 39
Execute       clang_tidy xilinx-directive2pragma E:/LtrProjects/SharedProjects/HLS/CONV_LAYER/unroll_3_4/.autopilot/db/conv.pp.0.cpp std=gnu++14 -target fpga  -directive=E:/LtrProjects/SharedProjects/HLS/CONV_LAYER/unroll_3_4/.autopilot/db/all.directive.json 
INFO-FLOW: exec C:/Xilinx/Vitis/2020.1/win64/tools/clang-3.9-csynth/bin/clang-tidy -header-filter=.* --checks=-*,xilinx-directive2pragma -import-directive=E:/LtrProjects/SharedProjects/HLS/CONV_LAYER/unroll_3_4/.autopilot/db/all.directive.json -fix-errors E:/LtrProjects/SharedProjects/HLS/CONV_LAYER/unroll_3_4/.autopilot/db/conv.pp.0.cpp -- -std=gnu++14 -target fpga -fhls -ferror-limit=0
Command       clang_tidy done; 1.012 sec.
Execute       clang_tidy xilinx-constantarray-param,xilinx-remove-assert E:/LtrProjects/SharedProjects/HLS/CONV_LAYER/unroll_3_4/.autopilot/db/conv.pp.0.cpp std=gnu++14 -target fpga  
INFO-FLOW: exec C:/Xilinx/Vitis/2020.1/win64/tools/clang-3.9-csynth/bin/clang-tidy -header-filter=.* --checks=-*,xilinx-constantarray-param,xilinx-remove-assert -fix-errors E:/LtrProjects/SharedProjects/HLS/CONV_LAYER/unroll_3_4/.autopilot/db/conv.pp.0.cpp -- -std=gnu++14 -target fpga -fhls -ferror-limit=0
Command       clang_tidy done; 0.709 sec.
INFO-FLOW: Done: clang-tidy CDT preprocess 39 time: 1.7 seconds per iteration
INFO-FLOW: Calling xilinx-label-all-loops ... 
Execute       clang_tidy -errorcheck xilinx-label-all-loops E:/LtrProjects/SharedProjects/HLS/CONV_LAYER/unroll_3_4/.autopilot/db/conv.pp.0.cpp std=gnu++14 -target fpga  
Execute         ap_eval exec -ignorestderr C:/Xilinx/Vitis/2020.1/win64/tools/clang-3.9-csynth/bin/clang-tidy -export-fixes=E:/LtrProjects/SharedProjects/HLS/CONV_LAYER/unroll_3_4/.autopilot/db/clang-tidy.conv.pp.0.cpp.diag.yml -header-filter=.* --checks=-*,xilinx-label-all-loops -fix-errors E:/LtrProjects/SharedProjects/HLS/CONV_LAYER/unroll_3_4/.autopilot/db/conv.pp.0.cpp -- -std=gnu++14 -target fpga -fhls -ferror-limit=0 > E:/LtrProjects/SharedProjects/HLS/CONV_LAYER/unroll_3_4/.autopilot/db/clang-tidy.conv.pp.0.cpp.out.log 2> E:/LtrProjects/SharedProjects/HLS/CONV_LAYER/unroll_3_4/.autopilot/db/clang-tidy.conv.pp.0.cpp.err.log 
Command         ap_eval done; 1.196 sec.
Execute         source C:/Xilinx/Vitis/2020.1/tps/tcl/tcllib1.11.1/yaml/yaml.tcl 
Execute           source C:/Xilinx/Vitis/2020.1/tps/tcl/tcllib1.11.1/cmdline/cmdline.tcl 
Command       clang_tidy done; 1.239 sec.
Execute       clang_tidy -errorcheck xilinx-top-parameters E:/LtrProjects/SharedProjects/HLS/CONV_LAYER/unroll_3_4/.autopilot/db/conv.pp.0.cpp std=gnu++14 -target fpga  
Execute         ap_eval exec -ignorestderr C:/Xilinx/Vitis/2020.1/win64/tools/clang-3.9-csynth/bin/clang-tidy -export-fixes=E:/LtrProjects/SharedProjects/HLS/CONV_LAYER/unroll_3_4/.autopilot/db/clang-tidy.conv.pp.0.cpp.diag.yml -header-filter=.* --checks=-*,xilinx-top-parameters -fix-errors E:/LtrProjects/SharedProjects/HLS/CONV_LAYER/unroll_3_4/.autopilot/db/conv.pp.0.cpp -- -std=gnu++14 -target fpga -fhls -ferror-limit=0 > E:/LtrProjects/SharedProjects/HLS/CONV_LAYER/unroll_3_4/.autopilot/db/clang-tidy.conv.pp.0.cpp.out.log 2> E:/LtrProjects/SharedProjects/HLS/CONV_LAYER/unroll_3_4/.autopilot/db/clang-tidy.conv.pp.0.cpp.err.log 
Command         ap_eval done; 0.611 sec.
Command       clang_tidy done; 0.614 sec.
Execute       clang_tidy -errorcheck xilinx-array-stream-check E:/LtrProjects/SharedProjects/HLS/CONV_LAYER/unroll_3_4/.autopilot/db/conv.pp.0.cpp std=gnu++14 -target fpga  
Execute         ap_eval exec -ignorestderr C:/Xilinx/Vitis/2020.1/win64/tools/clang-3.9-csynth/bin/clang-tidy -export-fixes=E:/LtrProjects/SharedProjects/HLS/CONV_LAYER/unroll_3_4/.autopilot/db/clang-tidy.conv.pp.0.cpp.diag.yml -header-filter=.* --checks=-*,xilinx-array-stream-check -fix-errors E:/LtrProjects/SharedProjects/HLS/CONV_LAYER/unroll_3_4/.autopilot/db/conv.pp.0.cpp -- -std=gnu++14 -target fpga -fhls -ferror-limit=0 > E:/LtrProjects/SharedProjects/HLS/CONV_LAYER/unroll_3_4/.autopilot/db/clang-tidy.conv.pp.0.cpp.out.log 2> E:/LtrProjects/SharedProjects/HLS/CONV_LAYER/unroll_3_4/.autopilot/db/clang-tidy.conv.pp.0.cpp.err.log 
Command         ap_eval done; 0.615 sec.
Command       clang_tidy done; 0.619 sec.
Execute       get_config_dataflow -strict_mode 
Execute       ap_eval exec -ignorestderr C:/Xilinx/Vitis/2020.1/win64/tools/clang-3.9-csynth/bin/xilinx-dataflow-lawyer -export-fixes=E:/LtrProjects/SharedProjects/HLS/CONV_LAYER/unroll_3_4/.autopilot/db/xilinx-dataflow-lawyer.conv.pp.0.cpp.diag.yml E:/LtrProjects/SharedProjects/HLS/CONV_LAYER/unroll_3_4/.autopilot/db/conv.pp.0.cpp -- -std=gnu++14 -target fpga -fhls -ferror-limit=0 -fstrict-dataflow > E:/LtrProjects/SharedProjects/HLS/CONV_LAYER/unroll_3_4/.autopilot/db/xilinx-dataflow-lawyer.conv.pp.0.cpp.out.log 2> E:/LtrProjects/SharedProjects/HLS/CONV_LAYER/unroll_3_4/.autopilot/db/xilinx-dataflow-lawyer.conv.pp.0.cpp.err.log 
Command       ap_eval done; 0.573 sec.
Execute       clang_tidy -errorcheck xilinx-warn-mayneed-no-ctor-attribute E:/LtrProjects/SharedProjects/HLS/CONV_LAYER/unroll_3_4/.autopilot/db/conv.pp.0.cpp std=gnu++14 -target fpga  
Execute         ap_eval exec -ignorestderr C:/Xilinx/Vitis/2020.1/win64/tools/clang-3.9-csynth/bin/clang-tidy -export-fixes=E:/LtrProjects/SharedProjects/HLS/CONV_LAYER/unroll_3_4/.autopilot/db/clang-tidy.conv.pp.0.cpp.diag.yml -header-filter=.* --checks=-*,xilinx-warn-mayneed-no-ctor-attribute -fix-errors E:/LtrProjects/SharedProjects/HLS/CONV_LAYER/unroll_3_4/.autopilot/db/conv.pp.0.cpp -- -std=gnu++14 -target fpga -fhls -ferror-limit=0 > E:/LtrProjects/SharedProjects/HLS/CONV_LAYER/unroll_3_4/.autopilot/db/clang-tidy.conv.pp.0.cpp.out.log 2> E:/LtrProjects/SharedProjects/HLS/CONV_LAYER/unroll_3_4/.autopilot/db/clang-tidy.conv.pp.0.cpp.err.log 
Command         ap_eval done; 0.77 sec.
Command       clang_tidy done; 0.774 sec.
Execute       ap_part_info -name xcvu11p-flga2577-1-e -data info 
INFO-FLOW: compiling source code to llvm bc
Execute       ap_eval exec -ignorestderr C:/Xilinx/Vitis/2020.1/win64/tools/clang-3.9-csynth/bin/clang -fsave-optimization-record -foptimization-record-file=E:/LtrProjects/SharedProjects/HLS/CONV_LAYER/unroll_3_4/.autopilot/db/clang.conv.pragma.2.cpp.diag.yml -fno-limit-debug-info -fhls -flto -fno-exceptions -Wno-error=c++11-narrowing E:/LtrProjects/SharedProjects/HLS/CONV_LAYER/unroll_3_4/.autopilot/db/conv.pragma.2.cpp -fno-math-errno -c -emit-llvm -mllvm -disable-llvm-optzns -Werror=implicit-function-declaration -Werror=implicit-hls-streams -Werror=return-type -Wpragmas -Wunused-parameter -fno-threadsafe-statics -fno-use-cxa-atexit -std=gnu++14 -target fpga64-xilinx-linux-gnu -DAESL_SYN -D__SYNTHESIS__ -D__HLS_SYN__ -I C:/Xilinx/Vitis/2020.1/common/technology/autopilot -I C:/Xilinx/Vitis/2020.1/common/technology/autopilot/ap_sysc -include etc/autopilot_ssdm_op.h -D__DSP48E2__ -g -o E:/LtrProjects/SharedProjects/HLS/CONV_LAYER/unroll_3_4/.autopilot/db/conv.bc > E:/LtrProjects/SharedProjects/HLS/CONV_LAYER/unroll_3_4/.autopilot/db/clang.conv.pragma.2.cpp.out.log 2> E:/LtrProjects/SharedProjects/HLS/CONV_LAYER/unroll_3_4/.autopilot/db/clang.conv.pragma.2.cpp.err.log 
Command       ap_eval done; 0.656 sec.
INFO-FLOW: Linking Debug ...
INFO-FLOW: Linking dut bc code.
Execute       run_link_or_opt -out E:/LtrProjects/SharedProjects/HLS/CONV_LAYER/unroll_3_4/.autopilot/db/a.g.ld.0.bc -args  "E:/LtrProjects/SharedProjects/HLS/CONV_LAYER/unroll_3_4/.autopilot/db/conv.g.bc"  
Execute         ap_eval exec -ignorestderr C:/Xilinx/Vitis/2020.1/win64/tools/clang-3.9-csynth/bin/llvm-link E:/LtrProjects/SharedProjects/HLS/CONV_LAYER/unroll_3_4/.autopilot/db/conv.g.bc -o E:/LtrProjects/SharedProjects/HLS/CONV_LAYER/unroll_3_4/.autopilot/db/a.g.ld.0.bc > E:/LtrProjects/SharedProjects/HLS/CONV_LAYER/unroll_3_4/.autopilot/db/llvm-link.a.g.ld.0.bc.out.log 2> E:/LtrProjects/SharedProjects/HLS/CONV_LAYER/unroll_3_4/.autopilot/db/llvm-link.a.g.ld.0.bc.err.log 
INFO-FLOW: 
Execute       run_link_or_opt -opt -out E:/LtrProjects/SharedProjects/HLS/CONV_LAYER/unroll_3_4/.autopilot/db/a.g.ld.1.lower.bc -args E:/LtrProjects/SharedProjects/HLS/CONV_LAYER/unroll_3_4/.autopilot/db/a.g.ld.0.bc -reflow-lower-math-intrinsics 
Execute         ap_eval exec -ignorestderr C:/Xilinx/Vitis/2020.1/win64/tools/clang-3.9-csynth/bin/opt -pass-remarks-missed=.* -pass-remarks-output=E:/LtrProjects/SharedProjects/HLS/CONV_LAYER/unroll_3_4/.autopilot/db/opt.a.g.ld.1.lower.bc.diag.yml E:/LtrProjects/SharedProjects/HLS/CONV_LAYER/unroll_3_4/.autopilot/db/a.g.ld.0.bc -reflow-lower-math-intrinsics -o E:/LtrProjects/SharedProjects/HLS/CONV_LAYER/unroll_3_4/.autopilot/db/a.g.ld.1.lower.bc > E:/LtrProjects/SharedProjects/HLS/CONV_LAYER/unroll_3_4/.autopilot/db/opt.a.g.ld.1.lower.bc.out.log 2> E:/LtrProjects/SharedProjects/HLS/CONV_LAYER/unroll_3_4/.autopilot/db/opt.a.g.ld.1.lower.bc.err.log 
INFO-FLOW: 
INFO-FLOW: Linking math bc lib
Execute       run_link_or_opt -out E:/LtrProjects/SharedProjects/HLS/CONV_LAYER/unroll_3_4/.autopilot/db/a.g.ld.2.m1.bc -args E:/LtrProjects/SharedProjects/HLS/CONV_LAYER/unroll_3_4/.autopilot/db/a.g.ld.1.lower.bc -only-needed C:/Xilinx/Vitis/2020.1/win64/lib/libhlsm_39.bc C:/Xilinx/Vitis/2020.1/win64/lib/libhlsmc++_39.bc 
Execute         ap_eval exec -ignorestderr C:/Xilinx/Vitis/2020.1/win64/tools/clang-3.9-csynth/bin/llvm-link E:/LtrProjects/SharedProjects/HLS/CONV_LAYER/unroll_3_4/.autopilot/db/a.g.ld.1.lower.bc -only-needed C:/Xilinx/Vitis/2020.1/win64/lib/libhlsm_39.bc C:/Xilinx/Vitis/2020.1/win64/lib/libhlsmc++_39.bc -o E:/LtrProjects/SharedProjects/HLS/CONV_LAYER/unroll_3_4/.autopilot/db/a.g.ld.2.m1.bc > E:/LtrProjects/SharedProjects/HLS/CONV_LAYER/unroll_3_4/.autopilot/db/llvm-link.a.g.ld.2.m1.bc.out.log 2> E:/LtrProjects/SharedProjects/HLS/CONV_LAYER/unroll_3_4/.autopilot/db/llvm-link.a.g.ld.2.m1.bc.err.log 
Command         ap_eval done; 2.989 sec.
INFO-FLOW: 
Command       run_link_or_opt done; 2.993 sec.
Execute       run_link_or_opt -opt -out E:/LtrProjects/SharedProjects/HLS/CONV_LAYER/unroll_3_4/.autopilot/db/a.g.ld.3.fpc.bc -args E:/LtrProjects/SharedProjects/HLS/CONV_LAYER/unroll_3_4/.autopilot/db/a.g.ld.2.m1.bc -reflow-globaldce -hls-top-function-name=packed_conv_paper -reflow-float-conversion 
Execute         ap_eval exec -ignorestderr C:/Xilinx/Vitis/2020.1/win64/tools/clang-3.9-csynth/bin/opt -pass-remarks-missed=.* -pass-remarks-output=E:/LtrProjects/SharedProjects/HLS/CONV_LAYER/unroll_3_4/.autopilot/db/opt.a.g.ld.3.fpc.bc.diag.yml E:/LtrProjects/SharedProjects/HLS/CONV_LAYER/unroll_3_4/.autopilot/db/a.g.ld.2.m1.bc -reflow-globaldce -hls-top-function-name=packed_conv_paper -reflow-float-conversion -o E:/LtrProjects/SharedProjects/HLS/CONV_LAYER/unroll_3_4/.autopilot/db/a.g.ld.3.fpc.bc > E:/LtrProjects/SharedProjects/HLS/CONV_LAYER/unroll_3_4/.autopilot/db/opt.a.g.ld.3.fpc.bc.out.log 2> E:/LtrProjects/SharedProjects/HLS/CONV_LAYER/unroll_3_4/.autopilot/db/opt.a.g.ld.3.fpc.bc.err.log 
Command         ap_eval done; 1.107 sec.
INFO-FLOW: 
Command       run_link_or_opt done; 1.112 sec.
Execute       run_link_or_opt -out E:/LtrProjects/SharedProjects/HLS/CONV_LAYER/unroll_3_4/.autopilot/db/a.g.ld.4.m2.bc -args E:/LtrProjects/SharedProjects/HLS/CONV_LAYER/unroll_3_4/.autopilot/db/a.g.ld.3.fpc.bc -only-needed C:/Xilinx/Vitis/2020.1/win64/lib/libfloatconversion_39.bc 
Execute         ap_eval exec -ignorestderr C:/Xilinx/Vitis/2020.1/win64/tools/clang-3.9-csynth/bin/llvm-link E:/LtrProjects/SharedProjects/HLS/CONV_LAYER/unroll_3_4/.autopilot/db/a.g.ld.3.fpc.bc -only-needed C:/Xilinx/Vitis/2020.1/win64/lib/libfloatconversion_39.bc -o E:/LtrProjects/SharedProjects/HLS/CONV_LAYER/unroll_3_4/.autopilot/db/a.g.ld.4.m2.bc > E:/LtrProjects/SharedProjects/HLS/CONV_LAYER/unroll_3_4/.autopilot/db/llvm-link.a.g.ld.4.m2.bc.out.log 2> E:/LtrProjects/SharedProjects/HLS/CONV_LAYER/unroll_3_4/.autopilot/db/llvm-link.a.g.ld.4.m2.bc.err.log 
Command         ap_eval done; 0.111 sec.
INFO-FLOW: 
Command       run_link_or_opt done; 0.113 sec.
Execute       run_link_or_opt -opt -out E:/LtrProjects/SharedProjects/HLS/CONV_LAYER/unroll_3_4/.autopilot/db/a.g.ld.5.gdce.bc -args E:/LtrProjects/SharedProjects/HLS/CONV_LAYER/unroll_3_4/.autopilot/db/a.g.ld.4.m2.bc -reflow-globaldce -hls-top-function-name=packed_conv_paper 
Execute         ap_eval exec -ignorestderr C:/Xilinx/Vitis/2020.1/win64/tools/clang-3.9-csynth/bin/opt -pass-remarks-missed=.* -pass-remarks-output=E:/LtrProjects/SharedProjects/HLS/CONV_LAYER/unroll_3_4/.autopilot/db/opt.a.g.ld.5.gdce.bc.diag.yml E:/LtrProjects/SharedProjects/HLS/CONV_LAYER/unroll_3_4/.autopilot/db/a.g.ld.4.m2.bc -reflow-globaldce -hls-top-function-name=packed_conv_paper -o E:/LtrProjects/SharedProjects/HLS/CONV_LAYER/unroll_3_4/.autopilot/db/a.g.ld.5.gdce.bc > E:/LtrProjects/SharedProjects/HLS/CONV_LAYER/unroll_3_4/.autopilot/db/opt.a.g.ld.5.gdce.bc.out.log 2> E:/LtrProjects/SharedProjects/HLS/CONV_LAYER/unroll_3_4/.autopilot/db/opt.a.g.ld.5.gdce.bc.err.log 
INFO-FLOW: 
Execute       get_solution -flow_target 
Execute       get_config_export -xo 
Execute       get_config_export -format 
Execute       get_config_rtl -module_prefix 
Execute       get_config_interface -default_interface 
Execute       send_msg_by_id INFO @200-777@%s Vivado 
INFO: [HLS 200-777] Using interface defaults for 'Vivado' target.
Execute       get_config_interface -default_slave_interface 
Execute       get_solution -flow_target 
Execute       get_config_export -xo 
Execute       get_config_export -format 
Execute       get_config_interface -m_axi_offset 
Execute       get_config_interface -m_axi_latency 
Execute       get_config_interface -m_axi_alignment_byte_size 
Execute       get_config_interface -m_axi_min_bitwidth 
Execute       get_config_interface -m_axi_max_bitwidth 
Execute       get_config_interface -m_axi_max_widen_bitwidth 
Execute       get_config_interface -m_axi_num_read_outstanding 
Execute       get_config_interface -m_axi_num_write_outstanding 
Execute       get_config_interface -m_axi_max_read_burst_length 
Execute       get_config_interface -m_axi_max_write_burst_length 
Execute       get_config_interface -m_axi_min_bitwidth 
Execute       get_config_interface -m_axi_max_bitwidth 
Execute       get_config_interface -m_axi_latency 
Execute       get_config_interface -m_axi_min_bitwidth 
Execute       get_config_interface -m_axi_max_bitwidth 
Execute       get_config_interface -m_axi_max_widen_bitwidth 
Execute       get_config_interface -m_axi_auto_max_ports 
Execute       get_config_interface -m_axi_num_read_outstanding 
Execute       get_config_interface -m_axi_num_write_outstanding 
Execute       get_config_interface -m_axi_max_read_burst_length 
Execute       get_config_interface -m_axi_max_write_burst_length 
Execute       get_config_interface -s_axilite_data64 
Execute       get_config_interface -m_axi_alignment_byte_size 
Execute       get_config_compile -pragma_strict_mode 
INFO-FLOW: Doing LTO.
Execute       ap_eval exec -ignorestderr C:/Xilinx/Vitis/2020.1/win64/tools/clang-3.9-csynth/bin/clang -fsave-optimization-record -foptimization-record-file=E:/LtrProjects/SharedProjects/HLS/CONV_LAYER/unroll_3_4/.autopilot/db/clang.a.g.ld.0.bc.diag.yml -fhls -mllvm -hls-top-function-name=packed_conv_paper -mllvm -hls-db-dir -mllvm E:/LtrProjects/SharedProjects/HLS/CONV_LAYER/unroll_3_4/.autopilot/db -emit-llvm -c -mllvm -hls-bitcode-version=3.1 -target fpga64-xilinx-none -mllvm -xcl-xmlinfo=E:/LtrProjects/SharedProjects/HLS/CONV_LAYER/unroll_3_4/.autopilot/db/kernel.internal.xml -mllvm -top-io-mapping-info=E:/LtrProjects/SharedProjects/HLS/CONV_LAYER/unroll_3_4/.autopilot/db/top-io-fe.xml -mllvm -pass-remarks=supported-subset -mllvm -reflow-enable-interface-default-setting=false -mllvm -reflow-enable-slave-interface-default-setting=false -mllvm -gen-kernel-xml=false -mllvm -maxi-latency=0 -mllvm -hls-maxi-data-size-in-bits=8 -mllvm -hls-maxi-max-data-size-in-bits=1024 -mllvm -hls-max-widen-size-in-bits=0 -mllvm -xcl-kernel-max-mem-ports=0 -mllvm -maxi-read-trans=16 -mllvm -maxi-write-trans=16 -mllvm -maxi-read-burst-len=16 -mllvm -maxi-write-burst-len=16 -mllvm -reflow-enable-saxi-64bits=0 -mllvm -assume-maxi-align=0 -mllvm -no-unaligned-maxi-accesses -x ir E:/LtrProjects/SharedProjects/HLS/CONV_LAYER/unroll_3_4/.autopilot/db/a.g.ld.5.gdce.bc -o E:/LtrProjects/SharedProjects/HLS/CONV_LAYER/unroll_3_4/.autopilot/db/a.g.lto.bc > E:/LtrProjects/SharedProjects/HLS/CONV_LAYER/unroll_3_4/.autopilot/db/clang.a.g.ld.0.bc.out.log 2> E:/LtrProjects/SharedProjects/HLS/CONV_LAYER/unroll_3_4/.autopilot/db/clang.a.g.ld.0.bc.err.log 
Command       ap_eval done; 0.229 sec.
INFO: [HLS 214-131] Inlining function 'ap_ufixed<20, 2, (ap_q_mode)5, (ap_o_mode)3, 0>::ap_ufixed<20, 2, false, (ap_q_mode)5, (ap_o_mode)3, 0>(ap_fixed_base<20, 2, false, (ap_q_mode)5, (ap_o_mode)3, 0> const&)' into 'ap_fixed_base<10, 1, false, (ap_q_mode)5, (ap_o_mode)3, 0>::RType<10, 1, false>::mult ap_fixed_base<10, 1, false, (ap_q_mode)5, (ap_o_mode)3, 0>::operator*<10, 1, false, (ap_q_mode)5, (ap_o_mode)3, 0>(ap_fixed_base<10, 1, false, (ap_q_mode)5, (ap_o_mode)3, 0> const&) const' (C:/Xilinx/Vitis/2020.1/common/technology/autopilot\ap_fixed_base.h:1119:12)
INFO: [HLS 214-131] Inlining function 'ap_fixed_base<20, 4, false, (ap_q_mode)5, (ap_o_mode)3, 0>::operator!() const' into 'ap_fixed_base<23, 5, false, (ap_q_mode)5, (ap_o_mode)3, 0>& ap_fixed_base<23, 5, false, (ap_q_mode)5, (ap_o_mode)3, 0>::operator=<20, 4, false, (ap_q_mode)5, (ap_o_mode)3, 0>(ap_fixed_base<20, 4, false, (ap_q_mode)5, (ap_o_mode)3, 0> const&)' (C:/Xilinx/Vitis/2020.1/common/technology/autopilot\ap_fixed_base.h:698:9)
INFO: [HLS 214-131] Inlining function 'ap_fixed_base<23, 5, false, (ap_q_mode)5, (ap_o_mode)3, 0>& ap_fixed_base<23, 5, false, (ap_q_mode)5, (ap_o_mode)3, 0>::operator=<20, 4, false, (ap_q_mode)5, (ap_o_mode)3, 0>(ap_fixed_base<20, 4, false, (ap_q_mode)5, (ap_o_mode)3, 0> const&)' into 'ap_fixed_base<23, 5, false, (ap_q_mode)5, (ap_o_mode)3, 0>::ap_fixed_base<20, 4, false, (ap_q_mode)5, (ap_o_mode)3, 0>(ap_fixed_base<20, 4, false, (ap_q_mode)5, (ap_o_mode)3, 0> const&)' (C:/Xilinx/Vitis/2020.1/common/technology/autopilot\ap_fixed_base.h:431:5)
INFO: [HLS 214-131] Inlining function 'ap_fixed_base<20, 2, false, (ap_q_mode)5, (ap_o_mode)3, 0>::operator!() const' into 'ap_fixed_base<23, 5, false, (ap_q_mode)5, (ap_o_mode)3, 0>& ap_fixed_base<23, 5, false, (ap_q_mode)5, (ap_o_mode)3, 0>::operator=<20, 2, false, (ap_q_mode)5, (ap_o_mode)3, 0>(ap_fixed_base<20, 2, false, (ap_q_mode)5, (ap_o_mode)3, 0> const&)' (C:/Xilinx/Vitis/2020.1/common/technology/autopilot\ap_fixed_base.h:698:9)
INFO: [HLS 214-131] Inlining function 'ap_fixed_base<23, 5, false, (ap_q_mode)5, (ap_o_mode)3, 0>& ap_fixed_base<23, 5, false, (ap_q_mode)5, (ap_o_mode)3, 0>::operator=<20, 2, false, (ap_q_mode)5, (ap_o_mode)3, 0>(ap_fixed_base<20, 2, false, (ap_q_mode)5, (ap_o_mode)3, 0> const&)' into 'ap_fixed_base<23, 5, false, (ap_q_mode)5, (ap_o_mode)3, 0>::ap_fixed_base<20, 2, false, (ap_q_mode)5, (ap_o_mode)3, 0>(ap_fixed_base<20, 2, false, (ap_q_mode)5, (ap_o_mode)3, 0> const&)' (C:/Xilinx/Vitis/2020.1/common/technology/autopilot\ap_fixed_base.h:431:5)
INFO: [HLS 214-131] Inlining function 'ap_fixed_base<23, 5, false, (ap_q_mode)5, (ap_o_mode)3, 0>::ap_fixed_base<20, 4, false, (ap_q_mode)5, (ap_o_mode)3, 0>(ap_fixed_base<20, 4, false, (ap_q_mode)5, (ap_o_mode)3, 0> const&)' into 'ap_fixed_base<20, 4, false, (ap_q_mode)5, (ap_o_mode)3, 0>::RType<20, 2, false>::plus ap_fixed_base<20, 4, false, (ap_q_mode)5, (ap_o_mode)3, 0>::operator+<20, 2, false, (ap_q_mode)5, (ap_o_mode)3, 0>(ap_fixed_base<20, 2, false, (ap_q_mode)5, (ap_o_mode)3, 0> const&) const' (C:/Xilinx/Vitis/2020.1/common/technology/autopilot\ap_fixed_base.h:1192:330)
INFO: [HLS 214-131] Inlining function 'ap_ufixed<23, 5, (ap_q_mode)5, (ap_o_mode)3, 0>::ap_ufixed<23, 5, false, (ap_q_mode)5, (ap_o_mode)3, 0>(ap_fixed_base<23, 5, false, (ap_q_mode)5, (ap_o_mode)3, 0> const&)' into 'ap_fixed_base<20, 4, false, (ap_q_mode)5, (ap_o_mode)3, 0>::RType<20, 2, false>::plus ap_fixed_base<20, 4, false, (ap_q_mode)5, (ap_o_mode)3, 0>::operator+<20, 2, false, (ap_q_mode)5, (ap_o_mode)3, 0>(ap_fixed_base<20, 2, false, (ap_q_mode)5, (ap_o_mode)3, 0> const&) const' (C:/Xilinx/Vitis/2020.1/common/technology/autopilot\ap_fixed_base.h:1192:382)
INFO: [HLS 214-131] Inlining function 'ap_fixed_base<23, 5, false, (ap_q_mode)5, (ap_o_mode)3, 0>::ap_fixed_base<20, 2, false, (ap_q_mode)5, (ap_o_mode)3, 0>(ap_fixed_base<20, 2, false, (ap_q_mode)5, (ap_o_mode)3, 0> const&)' into 'ap_fixed_base<20, 4, false, (ap_q_mode)5, (ap_o_mode)3, 0>::RType<20, 2, false>::plus ap_fixed_base<20, 4, false, (ap_q_mode)5, (ap_o_mode)3, 0>::operator+<20, 2, false, (ap_q_mode)5, (ap_o_mode)3, 0>(ap_fixed_base<20, 2, false, (ap_q_mode)5, (ap_o_mode)3, 0> const&) const' (C:/Xilinx/Vitis/2020.1/common/technology/autopilot\ap_fixed_base.h:1192:342)
INFO: [HLS 214-131] Inlining function 'ap_fixed_base<23, 5, false, (ap_q_mode)5, (ap_o_mode)3, 0>::operator!() const' into 'ap_fixed_base<20, 4, false, (ap_q_mode)5, (ap_o_mode)3, 0>& ap_fixed_base<20, 4, false, (ap_q_mode)5, (ap_o_mode)3, 0>::operator=<23, 5, false, (ap_q_mode)5, (ap_o_mode)3, 0>(ap_fixed_base<23, 5, false, (ap_q_mode)5, (ap_o_mode)3, 0> const&)' (C:/Xilinx/Vitis/2020.1/common/technology/autopilot\ap_fixed_base.h:698:9)
INFO: [HLS 214-131] Inlining function 'ap_fixed_base<20, 4, false, (ap_q_mode)5, (ap_o_mode)3, 0>::RType<20, 2, false>::plus ap_fixed_base<20, 4, false, (ap_q_mode)5, (ap_o_mode)3, 0>::operator+<20, 2, false, (ap_q_mode)5, (ap_o_mode)3, 0>(ap_fixed_base<20, 2, false, (ap_q_mode)5, (ap_o_mode)3, 0> const&) const' into 'ap_fixed_base<20, 4, false, (ap_q_mode)5, (ap_o_mode)3, 0>& ap_fixed_base<20, 4, false, (ap_q_mode)5, (ap_o_mode)3, 0>::operator+=<20, 2, false, (ap_q_mode)5, (ap_o_mode)3, 0>(ap_fixed_base<20, 2, false, (ap_q_mode)5, (ap_o_mode)3, 0> const&)' (C:/Xilinx/Vitis/2020.1/common/technology/autopilot\ap_fixed_base.h:1212:248)
INFO: [HLS 214-131] Inlining function 'ap_fixed_base<20, 4, false, (ap_q_mode)5, (ap_o_mode)3, 0>& ap_fixed_base<20, 4, false, (ap_q_mode)5, (ap_o_mode)3, 0>::operator=<23, 5, false, (ap_q_mode)5, (ap_o_mode)3, 0>(ap_fixed_base<23, 5, false, (ap_q_mode)5, (ap_o_mode)3, 0> const&)' into 'ap_fixed_base<20, 4, false, (ap_q_mode)5, (ap_o_mode)3, 0>& ap_fixed_base<20, 4, false, (ap_q_mode)5, (ap_o_mode)3, 0>::operator+=<20, 2, false, (ap_q_mode)5, (ap_o_mode)3, 0>(ap_fixed_base<20, 2, false, (ap_q_mode)5, (ap_o_mode)3, 0> const&)' (C:/Xilinx/Vitis/2020.1/common/technology/autopilot\ap_fixed_base.h:1212:246)
INFO: [HLS 214-131] Inlining function 'ap_fixed_base<10, 1, false, (ap_q_mode)5, (ap_o_mode)3, 0>::RType<10, 1, false>::mult ap_fixed_base<10, 1, false, (ap_q_mode)5, (ap_o_mode)3, 0>::operator*<10, 1, false, (ap_q_mode)5, (ap_o_mode)3, 0>(ap_fixed_base<10, 1, false, (ap_q_mode)5, (ap_o_mode)3, 0> const&) const' into 'void conv_paper<ap_ufixed<10, 1, (ap_q_mode)5, (ap_o_mode)3, 0>, ap_ufixed<10, 1, (ap_q_mode)5, (ap_o_mode)3, 0>, ap_ufixed<20, 4, (ap_q_mode)5, (ap_o_mode)3, 0> >(ap_ufixed<10, 1, (ap_q_mode)5, (ap_o_mode)3, 0>*, ap_ufixed<10, 1, (ap_q_mode)5, (ap_o_mode)3, 0>*, ap_ufixed<20, 4, (ap_q_mode)5, (ap_o_mode)3, 0>*)' (CONV_LAYER/conv.cpp:105:72)
INFO: [HLS 214-131] Inlining function 'ap_fixed_base<20, 4, false, (ap_q_mode)5, (ap_o_mode)3, 0>& ap_fixed_base<20, 4, false, (ap_q_mode)5, (ap_o_mode)3, 0>::operator+=<20, 2, false, (ap_q_mode)5, (ap_o_mode)3, 0>(ap_fixed_base<20, 2, false, (ap_q_mode)5, (ap_o_mode)3, 0> const&)' into 'void conv_paper<ap_ufixed<10, 1, (ap_q_mode)5, (ap_o_mode)3, 0>, ap_ufixed<10, 1, (ap_q_mode)5, (ap_o_mode)3, 0>, ap_ufixed<20, 4, (ap_q_mode)5, (ap_o_mode)3, 0> >(ap_ufixed<10, 1, (ap_q_mode)5, (ap_o_mode)3, 0>*, ap_ufixed<10, 1, (ap_q_mode)5, (ap_o_mode)3, 0>*, ap_ufixed<20, 4, (ap_q_mode)5, (ap_o_mode)3, 0>*)' (CONV_LAYER/conv.cpp:105:50)
INFO-FLOW: DBG:CMD: copy_raw_kernel_xml ap_link_39: kernel.xml not generated: E:/LtrProjects/SharedProjects/HLS/CONV_LAYER/unroll_3_4/.autopilot/db/kernel.internal.xml
INFO: [HLS 200-111] Finished Linking Time (s): cpu = 00:00:04 ; elapsed = 00:00:15 . Memory (MB): peak = 1011.930 ; gain = 893.770
INFO: [HLS 200-111] Finished Checking Pragmas Time (s): cpu = 00:00:04 ; elapsed = 00:00:15 . Memory (MB): peak = 1011.930 ; gain = 893.770
Execute       opt_and_import_c a -opt_level=2 -skip_syncheck=0 -ng=0 -keep_printf=0 
Execute         cleanup_all_models 
INFO: [HLS 200-10] Starting code transformations ...
INFO-FLOW: Running Standard Transforms...
Execute         transform -hls -share-std-xform -demangle-name -inline-byval-memcpy -always-inline -promote-dbg-pointer -interface-preproc -mem2reg -scalarrepl -mem2reg -keep-read-access -instcombine -dce -promote-dbg-pointer -bitop-raise -loop-simplify -indvarspre -indvars -loop-simplify -xunroll -constprop -instcombine -simplifycfg -indvars -simplifycfg -dce -globaldce -basicaa -simplifycfg -mem2reg -globalopt -global-constprop -deadargelim -instcombine -simplifycfg -scalarrepl -instcombine -reassociate -licm -simplifycfg -loop-simplify -indvars -instcombine -simplifycfg -mem2reg -loop-simplify -indvars -instcombine -gvn -gvn -instcombine -adce -break-crit-edges -simplifycfg -loop-delete -global-array-opt -dce -dse -adce -find-syn-modules -top packed_conv_paper -deadargelim -mem2reg -instcombine -dce -presyn-prepare -auto-rom-infer -interface-preproc -syn-check -check-rec-only -find-region -simplifycfg -func-extr -function-inline -globaldce -mem2reg -instcombine -dce -gvn -globaldce -adce -adse -constprop -instcombine -bit-constprop -instcombine -dce -simplifycfg -bitop-raise -simplifycfg -dce -loop-delete -reassociate -globalopt -global-privatize -mem2reg -dce -global-constprop -pointer-simplify -constprop -dce -func-inst -deadargelim -auto-shift-reg-idiom -promote-dbg-pointer -norm-name E:/LtrProjects/SharedProjects/HLS/CONV_LAYER/unroll_3_4/.autopilot/db/a.g.0.bc -o E:/LtrProjects/SharedProjects/HLS/CONV_LAYER/unroll_3_4/.autopilot/db/a.g.1.bc -f -phase std-opt 
Command         transform done; 0.102 sec.
INFO: [HLS 200-111] Finished Standard Transforms Time (s): cpu = 00:00:04 ; elapsed = 00:00:16 . Memory (MB): peak = 1011.930 ; gain = 893.770
INFO: [HLS 200-10] Checking synthesizability ...
INFO-FLOW: Checking Synthesizability 1/2..
Execute         transform -hls -syn-check -check-rec-only -disaggr -scalarrepl -norm-name -dce -mem2reg -instcombine -function-uniquify -directive-preproc -mem2reg -dse -dce -auto-rom-infer -dce -pag -array-normalize -instcombine -dce -warn-fifo-pointer -array-seg-normalize -instcombine -dce -data-pack -instcombine -dce -inst-simplify -array-flatten -instcombine -dce -array-burst -dce -deadargelim -promote-global-argument -simplifycfg -mem2reg -globaldce -dce -deadargelim -dce -instcombine -function-inline -globaldce -dce -doublePtrSimplify -doublePtrElim -dce -doublePtrSimplify -promote-dbg-pointer -dce -scalarrepl -dse -adse -instcombine -ptrLegalization -simplifycfg -dce -instcombine -pointer-simplify -ptrArgReplace -dce -instcombine -resolve-double-ptr -disaggr -scalarrepl -norm-name -dce -mem2reg -instcombine -ptrLegalization -simplifycfg -deadargelim -instcombine -dce -inst-simplify -function-uniquify -directive-preproc -mem2reg -dse -dce -globaldce -check-dspbuiltin E:/LtrProjects/SharedProjects/HLS/CONV_LAYER/unroll_3_4/.autopilot/db/a.g.1.bc -o E:/LtrProjects/SharedProjects/HLS/CONV_LAYER/unroll_3_4/.autopilot/db/a.g.2.prechk.bc -f 
Command         transform done; 0.122 sec.
INFO-FLOW: Checking Synthesizability 2/2..
Execute         transform -syn-check E:/LtrProjects/SharedProjects/HLS/CONV_LAYER/unroll_3_4/.autopilot/db/a.g.2.prechk.bc -o E:/LtrProjects/SharedProjects/HLS/CONV_LAYER/unroll_3_4/.autopilot/db/a.g.2.bc -f -phase syn-check 
INFO: [HLS 200-111] Finished Checking Synthesizability Time (s): cpu = 00:00:04 ; elapsed = 00:00:16 . Memory (MB): peak = 1011.930 ; gain = 893.770
INFO-FLOW: Compiler optimizing ...
INFO-FLOW: Share syncheck's 1.bc for syn flow: copy E:/LtrProjects/SharedProjects/HLS/CONV_LAYER/unroll_3_4/.autopilot/db/a.g.1.bc to E:/LtrProjects/SharedProjects/HLS/CONV_LAYER/unroll_3_4/.autopilot/db/a.o.1.bc
INFO-FLOW: Presyn 1...
Execute         transform -hls -tmp E:/LtrProjects/SharedProjects/HLS/CONV_LAYER/unroll_3_4/.autopilot/db -interface-port-rename -function-uniquify -directive-preproc -mem2reg -dse -dce -disaggr -scalarrepl -norm-name -deadargelim -mem2reg -instcombine -dce -simplifycfg -auto-rom-infer -dce -function-uniquify -resource-proc -clib-intrinsic-prepare -dce -func-buffer -dce -pag -array-normalize -func-legal -instcombine -gvn -constprop -dce -simplifycfg -mem2reg -globaldce -resolve-double-ptr -dce -deadargelim -dce -instcombine -ptrArgReplace -mem2reg -dce -array-seg-normalize -deadargelim -instcombine -dce -function-uniquify -directive-preproc -mem2reg -dse -dce -pointer-simplify -dce -port-alignment -dce -interface-preproc -data-pack -instcombine -dce -basicaa -aggr-aa -aggrmodref-aa -aggr-aa -gvn -gvn -basicaa -aggr-aa -aggrmodref-aa -aggr-aa -dse -adse -adce -loop-simplify -indvars -instcombine -gvn -loop-simplify -mem2reg -dce -find-region -instcombine -auto-loop-pipeline -inst-simplify -interface-preproc -cfgopt -instcombine -indvars -auto-loop-unroll -loop-simplify -loop-bound -xunroll -constprop -instcombine -simplifycfg -indvars -simplifycfg -dce -globaldce -clean-region -attach-range -gvn -inst-simplify -constprop -simplifycfg -dce -pointer-simplify -dce -globalopt -constprop -dce -array-promote -constprop -dce -ptrArgReplace -mem2reg -simplifycfg -dce -auto-par -instcombine -dce -array-transform-check -array-reshape -instcombine -simplifycfg -dce -ptrArgReplace -deadargelim -mem2reg -instcombine -simplifycfg -dce -indvars -loop-simplify -loop-bound -xunroll -constprop -instcombine -simplifycfg -indvars -simplifycfg -dce -globaldce -basicaa -aggr-aa -aggrmodref-aa -aggr-aa -dse -duplicate-dataflow-processes -globaldce -instcombine -array-partition -instcombine -simplifycfg -dce -ptrArgReplace -global-constprop -deadargelim -mem2reg -func-legal -dce -global-constprop -deadargelim -mem2reg -simplifycfg -dce -merge-param -deadargelim -globalopt -constprop -dce -array-promote -constprop -dce -ptrArgReplace -mem2reg -simplifycfg -dce -mem-intrinsic-preproc -dce -global-internalize -global-privatize -mem2reg -globaldce -promote-global-argument -ptrArgReplace -mem2reg -dce -globalopt -mergereturn -simplify-global-access -mem2reg -dce -pointer-simplify -dce -functionattrs -basicaa -aggr-aa -aggrmodref-aa -aggr-aa -gvn -gvn -basicaa -aggr-aa -aggrmodref-aa -aggr-aa -dse -adse -adce -dce -norm-name -function-inline -complex-op-raise -inst-simplify -globaldce -func-inst -constprop -instcombine -simplifycfg -dce -func-legal -dce -loop-bound -arraycheck -bitwidthmin2 -bitwidthmin2 -on-by-dataflow -loop-delete -instcombine -simplifycfg -globaldce -dce -gvn -deadargelim -dce -loop-simplify -clean-region -simplifycfg -propagate-stable-arguments -loop-stream -instcombine -simplifycfg -dce -globaldce -duplicate-dataflow-processes -stream-intrinsic-preproc -dce -check-ap-stream -loop-simplify -eliminate-keepreads -extract-dataflow-in-loop -loop-simplify -dce -gvn -deadargelim -dse -check-dataflow-syntax -legalize-stream-variable -legalize-global -extract-subproc -dce -dead-channel-elimination -canonicalize-gep -globaldce -dce -gvn -deadargelim -directive-preproc -annotate-dataflow-channels -scalar-propagation -deadargelim -globaldce -mem2reg -check-dataflow-channels -function-stream -dce -globaldce -prop-fifo-spec -internal-stream-gen -canonicalize-gep -globaldce -dce -gvn -deadargelim -mergereturn -indvars -loop-simplify -instcombine -array-stream -array-seg-normalize -array-partition -func-legal -instcombine -simplifycfg -dce -bundle-memfifo-ops -deadargelim -function-uniquify -directive-preproc -mem2reg -dse -dce -group-axi-access -licm -simplifycfg -dce -loop-delete -norm-name E:/LtrProjects/SharedProjects/HLS/CONV_LAYER/unroll_3_4/.autopilot/db/a.o.1.bc -o E:/LtrProjects/SharedProjects/HLS/CONV_LAYER/unroll_3_4/.autopilot/db/a.o.1.tmp.bc -f 
INFO: [XFORM 203-502] Unrolling all sub-loops inside loop 'LOOP_1' (CONV_LAYER/conv.cpp:88) in function 'conv_paper<ap_ufixed<10, 1, (ap_q_mode)5, (ap_o_mode)3, 0>, ap_ufixed<10, 1, (ap_q_mode)5, (ap_o_mode)3, 0>, ap_ufixed<20, 4, (ap_q_mode)5, (ap_o_mode)3, 0> >' for pipelining.
INFO: [HLS 200-489] Unrolling loop 'VITIS_LOOP_90_1' (CONV_LAYER/conv.cpp:90) in function 'conv_paper<ap_ufixed<10, 1, (ap_q_mode)5, (ap_o_mode)3, 0>, ap_ufixed<10, 1, (ap_q_mode)5, (ap_o_mode)3, 0>, ap_ufixed<20, 4, (ap_q_mode)5, (ap_o_mode)3, 0> >' completely with a factor of 3.
INFO: [HLS 200-489] Unrolling loop 'LOOP_4' (CONV_LAYER/conv.cpp:93) in function 'conv_paper<ap_ufixed<10, 1, (ap_q_mode)5, (ap_o_mode)3, 0>, ap_ufixed<10, 1, (ap_q_mode)5, (ap_o_mode)3, 0>, ap_ufixed<20, 4, (ap_q_mode)5, (ap_o_mode)3, 0> >' completely with a factor of 10.
INFO: [HLS 200-489] Unrolling loop 'LOOP_3' (CONV_LAYER/conv.cpp:96) in function 'conv_paper<ap_ufixed<10, 1, (ap_q_mode)5, (ap_o_mode)3, 0>, ap_ufixed<10, 1, (ap_q_mode)5, (ap_o_mode)3, 0>, ap_ufixed<20, 4, (ap_q_mode)5, (ap_o_mode)3, 0> >' completely with a factor of 8.
INFO: [HLS 200-489] Unrolling loop 'VITIS_LOOP_98_2' (CONV_LAYER/conv.cpp:98) in function 'conv_paper<ap_ufixed<10, 1, (ap_q_mode)5, (ap_o_mode)3, 0>, ap_ufixed<10, 1, (ap_q_mode)5, (ap_o_mode)3, 0>, ap_ufixed<20, 4, (ap_q_mode)5, (ap_o_mode)3, 0> >' completely with a factor of 8.
Command         transform done; 3.597 sec.
INFO-FLOW: Presyn 2...
Execute         transform -hls -keep-callgraph -scalarrepl -mem2reg -port-alignment -attach-range -dce -pipe-mux-gen -indvars -loop-bound -inst-simplify -instcombine -dce -merge-array-access -mem2reg -dce -clean-region -mergereturn -if-conv -instcombine -dce -constprop -basicaa -aggr-aa -aggrmodref-aa -aggr-aa -gvn -gvn -basicaa -aggr-aa -aggrmodref-aa -aggr-aa -dse -adse -adce -scalarrepl -mem2reg -global-constprop -deadargelim -deadargelim -instcombine -dce -simplifycfg -ptrArgReplace -mem2reg -function-inline -globaldce -mem2reg -instcombine -dce -expr-balance -instcombine -dce -bitwidthmin2 -bitwidthmin2 -interface-preproc -directive-preproc -inst-rectify -instcombine -dce -functionattrs -constprop -instcombine -bit-constprop -simplify-global-access -globalopt -globaldce -inst-simplify -instcombine -elimdeaddata -dce -loop-delete -simplifycfg -loop-simplify -auto-burst -barrier -norm-name E:/LtrProjects/SharedProjects/HLS/CONV_LAYER/unroll_3_4/.autopilot/db/a.o.1.tmp.bc -o E:/LtrProjects/SharedProjects/HLS/CONV_LAYER/unroll_3_4/.autopilot/db/a.o.2.bc -f -phase presyn 
Command         transform done; 2.11 sec.
INFO: [HLS 200-111] Finished Pre-synthesis Time (s): cpu = 00:00:09 ; elapsed = 00:00:22 . Memory (MB): peak = 1011.930 ; gain = 893.770
Execute         get_config_compile -enable_loop_extract 
INFO-FLOW: Building ssdm...
Execute         transform -hls -function-uniquify -auto-function-inline -globaldce -ptrArgReplace -mem2reg -dce -reset-lda -loop-simplify -indvars -aggr-aa -licm -loop-dep -loop-bound -licm -loop-simplify -flattenloopnest -array-flatten -gvn -instcombine -dce -array-map -dce -func-legal -gvn -adce -instcombine -cfgopt -simplifycfg -loop-simplify -array-burst -promote-global-argument -dce -array-seg-normalize -basicaa -aggrmodref-aa -globalsmodref-aa -aggr-aa -gvn -gvn -basicaa -aggrmodref-aa -globalsmodref-aa -aggr-aa -dse -adse -adce -licm -inst-simplify -dce -globaldce -instcombine -array-stream -eliminate-keepreads -instcombine -dce -deadargelim -doublePtrSimplify -doublePtrElim -dce -doublePtrSimplify -promote-dbg-pointer -dce -scalarrepl -mem2reg -disaggr -norm-name -mem2reg -instcombine -dse -adse -adce -ptrLegalization -dce -auto-rom-infer -array-flatten -dce -instcombine -check-doubleptr -loop-rot -constprop -cfgopt -simplifycfg -loop-simplify -indvars -pointer-simplify -dce -loop-bound -loop-simplify -loop-preproc -constprop -global-constprop -gvn -mem2reg -instcombine -dce -loop-bound -loop-merge -dce -bitwidthmin2 -bitwidthmin2 -deadargelim -dce -canonicalize-dataflow -dce -scalar-propagation -deadargelim -globaldce -mem2reg -read-loop-dep -interface-preproc -directive-preproc -interface-gen -bram-byte-enable -deadargelim -inst-simplify -dce -gvn -mem2reg -instcombine -dce -adse -loop-bound -instcombine -cfgopt -simplifycfg -loop-simplify -clean-region -io-protocol -find-region -mem2reg -bitop-raise -complex-op-raise -inst-simplify -inst-rectify -instcombine -adce -deadargelim -loop-simplify -phi-opt -bitop-raise -cfgopt -simplifycfg -strip-dead-prototypes -interface-lower -bitop-lower -intrinsic-lower -auto-function-inline -basicaa -aggrmodref-aa -globalsmodref-aa -aggr-aa -inst-simplify -simplifycfg -loop-simplify -mergereturn -inst-simplify -inst-rectify -dce -load-elim -bitop-lower -loop-rewind -pointer-simplify -dce -cfgopt -dce -loop-bound -loop-dep -read-loop-dep -dce -check-stream -norm-name -legalize -validate-dataflow -inst-clarity -bitwidth -dump-loop-dep-to-ir -check-all-ssdm -cdfg-build E:/LtrProjects/SharedProjects/HLS/CONV_LAYER/unroll_3_4/.autopilot/db/a.o.2.bc -o E:/LtrProjects/SharedProjects/HLS/CONV_LAYER/unroll_3_4/.autopilot/db/a.o.3.bc -f -phase build-ssdm 
INFO: [XFORM 203-541] Flattening a loop nest 'LOOP_2' (CONV_LAYER/conv.cpp:85:14) in function 'conv_paper<ap_ufixed<10, 1, (ap_q_mode)5, (ap_o_mode)3, 0>, ap_ufixed<10, 1, (ap_q_mode)5, (ap_o_mode)3, 0>, ap_ufixed<20, 4, (ap_q_mode)5, (ap_o_mode)3, 0> >'.
WARNING: [XFORM 203-631] Renaming function 'conv_paper<ap_ufixed<10, 1, (ap_q_mode)5, (ap_o_mode)3, 0>, ap_ufixed<10, 1, (ap_q_mode)5, (ap_o_mode)3, 0>, ap_ufixed<20, 4, (ap_q_mode)5, (ap_o_mode)3, 0> >' to 'conv_paper<ap_ufixed<10, 1, 5, 3, 0>, ap_ufixed<10, 1, 5, 3, 0>, ap_ufixed<20, 4, 5, 3, 0> >' (CONV_LAYER/conv.cpp:85:41)
Command         transform done; 12.286 sec.
INFO: [HLS 200-111] Finished Architecture Synthesis Time (s): cpu = 00:00:22 ; elapsed = 00:00:34 . Memory (MB): peak = 1011.930 ; gain = 893.770
INFO-FLOW: Finish building internal data model.
Command       opt_and_import_c done; 18.437 sec.
Command     elaborate done; 31.523 sec.
Execute     autosyn -from_csynth_design=1 
INFO: [HLS 200-10] Starting hardware synthesis ...
INFO-FLOW: Synthesizing C/C++ design ...
INFO: [HLS 200-10] Synthesizing 'packed_conv_paper' ...
Execute       ap_set_top_model packed_conv_paper 
WARNING: [SYN 201-103] Legalizing function name 'conv_paper<ap_ufixed<10, 1, 5, 3, 0>, ap_ufixed<10, 1, 5, 3, 0>, ap_ufixed<20, 4, 5, 3, 0> >' to 'conv_paper_ap_ufixed_10_1_5_3_0_ap_ufixed_10_1_5_3_0_ap_ufixed_20_4_5_3_0_s'.
Execute       get_model_list packed_conv_paper -filter all-wo-channel -topdown 
Execute       preproc_iomode -model packed_conv_paper 
Execute       preproc_iomode -model conv_paper<ap_ufixed<10, 1, 5, 3, 0>, ap_ufixed<10, 1, 5, 3, 0>, ap_ufixed<20, 4, 5, 3, 0> > 
Execute       get_model_list packed_conv_paper -filter all-wo-channel 
INFO-FLOW: Model list for configure: {conv_paper<ap_ufixed<10, 1, 5, 3, 0>, ap_ufixed<10, 1, 5, 3, 0>, ap_ufixed<20, 4, 5, 3, 0> >} packed_conv_paper
INFO-FLOW: Configuring Module : conv_paper<ap_ufixed<10, 1, 5, 3, 0>, ap_ufixed<10, 1, 5, 3, 0>, ap_ufixed<20, 4, 5, 3, 0> > ...
Execute       set_default_model conv_paper<ap_ufixed<10, 1, 5, 3, 0>, ap_ufixed<10, 1, 5, 3, 0>, ap_ufixed<20, 4, 5, 3, 0> > 
Execute       apply_spec_resource_limit conv_paper<ap_ufixed<10, 1, 5, 3, 0>, ap_ufixed<10, 1, 5, 3, 0>, ap_ufixed<20, 4, 5, 3, 0> > 
INFO-FLOW: Configuring Module : packed_conv_paper ...
Execute       set_default_model packed_conv_paper 
Execute       apply_spec_resource_limit packed_conv_paper 
INFO-FLOW: Model list for preprocess: {conv_paper<ap_ufixed<10, 1, 5, 3, 0>, ap_ufixed<10, 1, 5, 3, 0>, ap_ufixed<20, 4, 5, 3, 0> >} packed_conv_paper
INFO-FLOW: Preprocessing Module: conv_paper<ap_ufixed<10, 1, 5, 3, 0>, ap_ufixed<10, 1, 5, 3, 0>, ap_ufixed<20, 4, 5, 3, 0> > ...
Execute       set_default_model conv_paper<ap_ufixed<10, 1, 5, 3, 0>, ap_ufixed<10, 1, 5, 3, 0>, ap_ufixed<20, 4, 5, 3, 0> > 
Execute       cdfg_preprocess -model conv_paper<ap_ufixed<10, 1, 5, 3, 0>, ap_ufixed<10, 1, 5, 3, 0>, ap_ufixed<20, 4, 5, 3, 0> > 
Execute       rtl_gen_preprocess conv_paper<ap_ufixed<10, 1, 5, 3, 0>, ap_ufixed<10, 1, 5, 3, 0>, ap_ufixed<20, 4, 5, 3, 0> > 
INFO-FLOW: Preprocessing Module: packed_conv_paper ...
Execute       set_default_model packed_conv_paper 
Execute       cdfg_preprocess -model packed_conv_paper 
Execute       rtl_gen_preprocess packed_conv_paper 
WARNING: [SYN 201-107] Renaming port name 'packed_conv_paper/input' to 'packed_conv_paper/input_r' to avoid the conflict with HDL keywords or other object names.
WARNING: [SYN 201-107] Renaming port name 'packed_conv_paper/output' to 'packed_conv_paper/output_r' to avoid the conflict with HDL keywords or other object names.
INFO-FLOW: Model list for synthesis: {conv_paper<ap_ufixed<10, 1, 5, 3, 0>, ap_ufixed<10, 1, 5, 3, 0>, ap_ufixed<20, 4, 5, 3, 0> >} packed_conv_paper
INFO: [HLS 200-10] ----------------------------------------------------------------
INFO: [HLS 200-42] -- Implementing module 'conv_paper_ap_ufixed_10_1_5_3_0_ap_ufixed_10_1_5_3_0_ap_ufixed_20_4_5_3_0_s' 
INFO: [HLS 200-10] ----------------------------------------------------------------
Execute       set_default_model conv_paper<ap_ufixed<10, 1, 5, 3, 0>, ap_ufixed<10, 1, 5, 3, 0>, ap_ufixed<20, 4, 5, 3, 0> > 
Execute       schedule -model conv_paper<ap_ufixed<10, 1, 5, 3, 0>, ap_ufixed<10, 1, 5, 3, 0>, ap_ufixed<20, 4, 5, 3, 0> > 
