==============================================================
Vitis HLS - High-Level Synthesis from C, C++ and OpenCL v2020.1 (64-bit)
Copyright 1986-2020 Xilinx, Inc. All Rights Reserved.
==============================================================
INFO: [SYN 201-201] Setting up clock 'default' with a period of 3ns.
INFO: [HLS 200-10] Setting target device to 'xcu200-fsgd2104-2-e'
INFO: [HLS 200-1505] Using flow_target 'vivado'
INFO: [HLS 200-10] Analyzing design file 'CONV_LAYER/buf2pe.cpp' ... 
WARNING: [HLS 207-903] extra tokens at end of #include directive: CONV_LAYER/conv.h:8:21
WARNING: [HLS 207-3891] the 'dim' option to 'Stream' pragma is not supported and will be ignored: CONV_LAYER/buf2pe.cpp:19:54
WARNING: [HLS 207-1017] unknown pragma ignored: CONV_LAYER/buf2pe.cpp:40:9
WARNING: [HLS 207-1017] unknown pragma ignored: CONV_LAYER/buf2pe.cpp:83:9
WARNING: [HLS 207-1017] unknown pragma ignored: CONV_LAYER/buf2pe.cpp:86:9
WARNING: [HLS 207-1017] unknown pragma ignored: CONV_LAYER/buf2pe.cpp:87:9
WARNING: [HLS 207-1017] unknown pragma ignored: CONV_LAYER/buf2pe.cpp:90:9
WARNING: [HLS 207-1017] unknown pragma ignored: CONV_LAYER/buf2pe.cpp:173:9
INFO: [HLS 200-777] Using interface defaults for 'Vivado' target.
INFO: [HLS 214-131] Inlining function 'hls::stream<ap_int<8>, 0>::read(ap_int<8>&)' into 'hls::stream<ap_int<8>, 0>::read()' (C:/Xilinx/Vitis/2020.1/common/technology/autopilot/hls_stream_39.h:156:9)
INFO: [HLS 214-131] Inlining function 'ap_int_base<32, true>::ap_int_base(int)' into 'bool operator<<4, false>(ap_int_base<4, false> const&, int)' (C:/Xilinx/Vitis/2020.1/common/technology/autopilot\ap_int_base.h:1620:713)
INFO: [HLS 214-131] Inlining function 'bool ap_int_base<4, false>::operator<<32, true>(ap_int_base<32, true> const&) const' into 'bool operator<<4, false>(ap_int_base<4, false> const&, int)' (C:/Xilinx/Vitis/2020.1/common/technology/autopilot\ap_int_base.h:1620:711)
INFO: [HLS 214-131] Inlining function 'ap_int_base<36, true>::ap_int_base<4, false>(ap_int_base<4, false> const&)' into 'ap_int_base<4, false>::RType<32, true>::mult operator*<4, false, 32, true>(ap_int_base<4, false> const&, ap_int_base<32, true> const&)' (C:/Xilinx/Vitis/2020.1/common/technology/autopilot\ap_int_base.h:1349:339)
INFO: [HLS 214-131] Inlining function 'ap_int<36>::ap_int<36, true>(ap_int_base<36, true> const&)' into 'ap_int_base<4, false>::RType<32, true>::mult operator*<4, false, 32, true>(ap_int_base<4, false> const&, ap_int_base<32, true> const&)' (C:/Xilinx/Vitis/2020.1/common/technology/autopilot\ap_int_base.h:1349:551)
INFO: [HLS 214-131] Inlining function 'ap_int_base<36, true>::ap_int_base<32, true>(ap_int_base<32, true> const&)' into 'ap_int_base<4, false>::RType<32, true>::mult operator*<4, false, 32, true>(ap_int_base<4, false> const&, ap_int_base<32, true> const&)' (C:/Xilinx/Vitis/2020.1/common/technology/autopilot\ap_int_base.h:1349:427)
INFO: [HLS 214-131] Inlining function 'ap_int_base<32, true>::ap_int_base(int)' into 'ap_int_base<4, false>::RType<($_0)32, true>::mult operator*<4, false>(ap_int_base<4, false> const&, int)' (C:/Xilinx/Vitis/2020.1/common/technology/autopilot\ap_int_base.h:1465:483)
INFO: [HLS 214-131] Inlining function 'ap_int_base<4, false>::RType<32, true>::mult operator*<4, false, 32, true>(ap_int_base<4, false> const&, ap_int_base<32, true> const&)' into 'ap_int_base<4, false>::RType<($_0)32, true>::mult operator*<4, false>(ap_int_base<4, false> const&, int)' (C:/Xilinx/Vitis/2020.1/common/technology/autopilot\ap_int_base.h:1465:481)
INFO: [HLS 214-131] Inlining function 'ap_int_base<37, true>::ap_int_base<8, false>(ap_int_base<8, false> const&)' into 'ap_int_base<8, false>::RType<36, true>::plus operator+<8, false, 36, true>(ap_int_base<8, false> const&, ap_int_base<36, true> const&)' (C:/Xilinx/Vitis/2020.1/common/technology/autopilot\ap_int_base.h:1350:339)
INFO: [HLS 214-131] Inlining function 'ap_int<37>::ap_int<37, true>(ap_int_base<37, true> const&)' into 'ap_int_base<8, false>::RType<36, true>::plus operator+<8, false, 36, true>(ap_int_base<8, false> const&, ap_int_base<36, true> const&)' (C:/Xilinx/Vitis/2020.1/common/technology/autopilot\ap_int_base.h:1350:551)
INFO: [HLS 214-131] Inlining function 'ap_int_base<37, true>::ap_int_base<36, true>(ap_int_base<36, true> const&)' into 'ap_int_base<8, false>::RType<36, true>::plus operator+<8, false, 36, true>(ap_int_base<8, false> const&, ap_int_base<36, true> const&)' (C:/Xilinx/Vitis/2020.1/common/technology/autopilot\ap_int_base.h:1350:427)
INFO: [HLS 214-131] Inlining function 'ap_int_base<38, true>::ap_int_base<37, true>(ap_int_base<37, true> const&)' into 'ap_int_base<37, true>::RType<4, false>::plus operator+<37, true, 4, false>(ap_int_base<37, true> const&, ap_int_base<4, false> const&)' (C:/Xilinx/Vitis/2020.1/common/technology/autopilot\ap_int_base.h:1350:339)
INFO: [HLS 214-131] Inlining function 'ap_int<38>::ap_int<38, true>(ap_int_base<38, true> const&)' into 'ap_int_base<37, true>::RType<4, false>::plus operator+<37, true, 4, false>(ap_int_base<37, true> const&, ap_int_base<4, false> const&)' (C:/Xilinx/Vitis/2020.1/common/technology/autopilot\ap_int_base.h:1350:551)
INFO: [HLS 214-131] Inlining function 'ap_int_base<38, true>::ap_int_base<4, false>(ap_int_base<4, false> const&)' into 'ap_int_base<37, true>::RType<4, false>::plus operator+<37, true, 4, false>(ap_int_base<37, true> const&, ap_int_base<4, false> const&)' (C:/Xilinx/Vitis/2020.1/common/technology/autopilot\ap_int_base.h:1350:427)
INFO: [HLS 214-131] Inlining function 'ap_int_base<32, true>::ap_int_base(int)' into 'bool operator>=<4, false>(ap_int_base<4, false> const&, int)' (C:/Xilinx/Vitis/2020.1/common/technology/autopilot\ap_int_base.h:1620:1093)
INFO: [HLS 214-131] Inlining function 'bool ap_int_base<4, false>::operator>=<32, true>(ap_int_base<32, true> const&) const' into 'bool operator>=<4, false>(ap_int_base<4, false> const&, int)' (C:/Xilinx/Vitis/2020.1/common/technology/autopilot\ap_int_base.h:1620:1090)
INFO: [HLS 214-131] Inlining function 'ap_int_base<32, true>::ap_int_base(int)' into 'bool operator==<4, false>(ap_int_base<4, false> const&, int)' (C:/Xilinx/Vitis/2020.1/common/technology/autopilot\ap_int_base.h:1620:1853)
INFO: [HLS 214-131] Inlining function 'bool ap_int_base<4, false>::operator==<32, true>(ap_int_base<32, true> const&) const' into 'bool operator==<4, false>(ap_int_base<4, false> const&, int)' (C:/Xilinx/Vitis/2020.1/common/technology/autopilot\ap_int_base.h:1620:1850)
INFO: [HLS 214-131] Inlining function 'ap_int_base<32, true>::ap_int_base(int)' into 'bool operator!=<4, false>(ap_int_base<4, false> const&, int)' (C:/Xilinx/Vitis/2020.1/common/technology/autopilot\ap_int_base.h:1620:2233)
INFO: [HLS 214-131] Inlining function 'bool ap_int_base<4, false>::operator!=<32, true>(ap_int_base<32, true> const&) const' into 'bool operator!=<4, false>(ap_int_base<4, false> const&, int)' (C:/Xilinx/Vitis/2020.1/common/technology/autopilot\ap_int_base.h:1620:2230)
INFO: [HLS 214-131] Inlining function 'ap_int_base<33, true>::ap_int_base<4, false>(ap_int_base<4, false> const&)' into 'ap_int_base<4, false>::RType<32, true>::minus operator-<4, false, 32, true>(ap_int_base<4, false> const&, ap_int_base<32, true> const&)' (C:/Xilinx/Vitis/2020.1/common/technology/autopilot\ap_int_base.h:1351:341)
INFO: [HLS 214-131] Inlining function 'ap_int<33>::ap_int<33, true>(ap_int_base<33, true> const&)' into 'ap_int_base<4, false>::RType<32, true>::minus operator-<4, false, 32, true>(ap_int_base<4, false> const&, ap_int_base<32, true> const&)' (C:/Xilinx/Vitis/2020.1/common/technology/autopilot\ap_int_base.h:1351:555)
INFO: [HLS 214-131] Inlining function 'ap_int_base<33, true>::ap_int_base<32, true>(ap_int_base<32, true> const&)' into 'ap_int_base<4, false>::RType<32, true>::minus operator-<4, false, 32, true>(ap_int_base<4, false> const&, ap_int_base<32, true> const&)' (C:/Xilinx/Vitis/2020.1/common/technology/autopilot\ap_int_base.h:1351:430)
INFO: [HLS 214-131] Inlining function 'ap_int_base<32, true>::ap_int_base(int)' into 'ap_int_base<4, false>::RType<($_0)32, true>::minus operator-<4, false>(ap_int_base<4, false> const&, int)' (C:/Xilinx/Vitis/2020.1/common/technology/autopilot\ap_int_base.h:1465:1531)
INFO: [HLS 214-131] Inlining function 'ap_int_base<4, false>::RType<32, true>::minus operator-<4, false, 32, true>(ap_int_base<4, false> const&, ap_int_base<32, true> const&)' into 'ap_int_base<4, false>::RType<($_0)32, true>::minus operator-<4, false>(ap_int_base<4, false> const&, int)' (C:/Xilinx/Vitis/2020.1/common/technology/autopilot\ap_int_base.h:1465:1529)
INFO: [HLS 214-131] Inlining function 'ap_int_base<37, true>::ap_int_base<36, true>(ap_int_base<36, true> const&)' into 'ap_int_base<36, true>::RType<32, true>::plus operator+<36, true, 32, true>(ap_int_base<36, true> const&, ap_int_base<32, true> const&)' (C:/Xilinx/Vitis/2020.1/common/technology/autopilot\ap_int_base.h:1350:339)
INFO: [HLS 214-131] Inlining function 'ap_int<37>::ap_int<37, true>(ap_int_base<37, true> const&)' into 'ap_int_base<36, true>::RType<32, true>::plus operator+<36, true, 32, true>(ap_int_base<36, true> const&, ap_int_base<32, true> const&)' (C:/Xilinx/Vitis/2020.1/common/technology/autopilot\ap_int_base.h:1350:551)
INFO: [HLS 214-131] Inlining function 'ap_int_base<37, true>::ap_int_base<32, true>(ap_int_base<32, true> const&)' into 'ap_int_base<36, true>::RType<32, true>::plus operator+<36, true, 32, true>(ap_int_base<36, true> const&, ap_int_base<32, true> const&)' (C:/Xilinx/Vitis/2020.1/common/technology/autopilot\ap_int_base.h:1350:427)
INFO: [HLS 214-131] Inlining function 'ap_int_base<32, true>::ap_int_base(int)' into 'ap_int_base<36, true>::RType<($_0)32, true>::plus operator+<36, true>(ap_int_base<36, true> const&, int)' (C:/Xilinx/Vitis/2020.1/common/technology/autopilot\ap_int_base.h:1465:1006)
INFO: [HLS 214-131] Inlining function 'ap_int_base<36, true>::RType<32, true>::plus operator+<36, true, 32, true>(ap_int_base<36, true> const&, ap_int_base<32, true> const&)' into 'ap_int_base<36, true>::RType<($_0)32, true>::plus operator+<36, true>(ap_int_base<36, true> const&, int)' (C:/Xilinx/Vitis/2020.1/common/technology/autopilot\ap_int_base.h:1465:1004)
INFO: [HLS 214-131] Inlining function 'ap_int_base<1, false>::ap_int_base(int)' into 'ap_int_base<4, false>::operator++(int)' (C:/Xilinx/Vitis/2020.1/common/technology/autopilot\ap_int_base.h:734:16)
INFO: [HLS 214-131] Inlining function 'ap_uint<4>::ap_uint<4, false>(ap_int_base<4, false> const&)' into 'ap_int_base<4, false>::operator++(int)' (C:/Xilinx/Vitis/2020.1/common/technology/autopilot\ap_int_base.h:735:12)
INFO: [HLS 214-131] Inlining function 'ap_int_base<4, false>& ap_int_base<4, false>::operator+=<1, false>(ap_int_base<1, false> const&)' into 'ap_int_base<4, false>::operator++(int)' (C:/Xilinx/Vitis/2020.1/common/technology/autopilot\ap_int_base.h:734:5)
INFO: [HLS 214-131] Inlining function 'ap_int_base<32, true>::ap_int_base(int)' into 'ap_int_base<8, false>& operator+=<8, false>(ap_int_base<8, false>&, int)' (C:/Xilinx/Vitis/2020.1/common/technology/autopilot\ap_int_base.h:1559:167)
INFO: [HLS 214-131] Inlining function 'ap_int_base<8, false>& ap_int_base<8, false>::operator+=<32, true>(ap_int_base<32, true> const&)' into 'ap_int_base<8, false>& operator+=<8, false>(ap_int_base<8, false>&, int)' (C:/Xilinx/Vitis/2020.1/common/technology/autopilot\ap_int_base.h:1559:164)
INFO: [HLS 214-131] Inlining function 'ap_int<8>::ap_int(int)' into 'pe(ap_int<8>*, hls::stream<ap_int<8>, 0>&, hls::stream<ap_int<8>, 0>*, hls::stream<ap_int<8>, 0>&)' (CONV_LAYER/buf2pe.cpp:13:46)
INFO: [HLS 214-131] Inlining function 'ap_int_base<8, false>& operator+=<8, false>(ap_int_base<8, false>&, int)' into 'pe(ap_int<8>*, hls::stream<ap_int<8>, 0>&, hls::stream<ap_int<8>, 0>*, hls::stream<ap_int<8>, 0>&)' (CONV_LAYER/buf2pe.cpp:169:46)
INFO: [HLS 214-131] Inlining function 'ap_int_base<4, false>::operator++(int)' into 'pe(ap_int<8>*, hls::stream<ap_int<8>, 0>&, hls::stream<ap_int<8>, 0>*, hls::stream<ap_int<8>, 0>&)' (CONV_LAYER/buf2pe.cpp:168:21)
INFO: [HLS 214-131] Inlining function 'ap_uint<8>::operator=(ap_uint<8> const&)' into 'pe(ap_int<8>*, hls::stream<ap_int<8>, 0>&, hls::stream<ap_int<8>, 0>*, hls::stream<ap_int<8>, 0>&)' (CONV_LAYER/buf2pe.cpp:164:46)
INFO: [HLS 214-131] Inlining function 'ap_uint<8>::ap_uint(int)' into 'pe(ap_int<8>*, hls::stream<ap_int<8>, 0>&, hls::stream<ap_int<8>, 0>*, hls::stream<ap_int<8>, 0>&)' (CONV_LAYER/buf2pe.cpp:164:48)
INFO: [HLS 214-131] Inlining function 'ap_uint<4>::operator=(ap_uint<4> const&)' into 'pe(ap_int<8>*, hls::stream<ap_int<8>, 0>&, hls::stream<ap_int<8>, 0>*, hls::stream<ap_int<8>, 0>&)' (CONV_LAYER/buf2pe.cpp:163:37)
INFO: [HLS 214-131] Inlining function 'ap_uint<4>::ap_uint(int)' into 'pe(ap_int<8>*, hls::stream<ap_int<8>, 0>&, hls::stream<ap_int<8>, 0>*, hls::stream<ap_int<8>, 0>&)' (CONV_LAYER/buf2pe.cpp:163:39)
INFO: [HLS 214-131] Inlining function 'bool operator==<4, false>(ap_int_base<4, false> const&, int)' into 'pe(ap_int<8>*, hls::stream<ap_int<8>, 0>&, hls::stream<ap_int<8>, 0>*, hls::stream<ap_int<8>, 0>&)' (CONV_LAYER/buf2pe.cpp:161:37)
INFO: [HLS 214-131] Inlining function 'ap_int_base<4, false>::operator++(int)' into 'pe(ap_int<8>*, hls::stream<ap_int<8>, 0>&, hls::stream<ap_int<8>, 0>*, hls::stream<ap_int<8>, 0>&)' (CONV_LAYER/buf2pe.cpp:158:25)
INFO: [HLS 214-131] Inlining function 'ap_uint<4>::operator=(ap_uint<4> const&)' into 'pe(ap_int<8>*, hls::stream<ap_int<8>, 0>&, hls::stream<ap_int<8>, 0>*, hls::stream<ap_int<8>, 0>&)' (CONV_LAYER/buf2pe.cpp:156:43)
INFO: [HLS 214-131] Inlining function 'ap_uint<4>::ap_uint(int)' into 'pe(ap_int<8>*, hls::stream<ap_int<8>, 0>&, hls::stream<ap_int<8>, 0>*, hls::stream<ap_int<8>, 0>&)' (CONV_LAYER/buf2pe.cpp:156:45)
INFO: [HLS 214-131] Inlining function 'bool operator==<4, false>(ap_int_base<4, false> const&, int)' into 'pe(ap_int<8>*, hls::stream<ap_int<8>, 0>&, hls::stream<ap_int<8>, 0>*, hls::stream<ap_int<8>, 0>&)' (CONV_LAYER/buf2pe.cpp:155:43)
INFO: [HLS 214-131] Inlining function 'hls::stream<ap_int<8>, 0>::write(ap_int<8> const&)' into 'pe(ap_int<8>*, hls::stream<ap_int<8>, 0>&, hls::stream<ap_int<8>, 0>*, hls::stream<ap_int<8>, 0>&)' (CONV_LAYER/buf2pe.cpp:131:38)
INFO: [HLS 214-131] Inlining function 'ap_int_base<4, false>::operator++(int)' into 'pe(ap_int<8>*, hls::stream<ap_int<8>, 0>&, hls::stream<ap_int<8>, 0>*, hls::stream<ap_int<8>, 0>&)' (CONV_LAYER/buf2pe.cpp:46:62)
INFO: [HLS 214-131] Inlining function 'ap_int_base<8, false>& operator+=<8, false>(ap_int_base<8, false>&, int)' into 'pe(ap_int<8>*, hls::stream<ap_int<8>, 0>&, hls::stream<ap_int<8>, 0>*, hls::stream<ap_int<8>, 0>&)' (CONV_LAYER/buf2pe.cpp:128:54)
INFO: [HLS 214-131] Inlining function 'ap_int_base<4, false>::operator++(int)' into 'pe(ap_int<8>*, hls::stream<ap_int<8>, 0>&, hls::stream<ap_int<8>, 0>*, hls::stream<ap_int<8>, 0>&)' (CONV_LAYER/buf2pe.cpp:127:29)
INFO: [HLS 214-131] Inlining function 'ap_uint<8>::operator=(ap_uint<8> const&)' into 'pe(ap_int<8>*, hls::stream<ap_int<8>, 0>&, hls::stream<ap_int<8>, 0>*, hls::stream<ap_int<8>, 0>&)' (CONV_LAYER/buf2pe.cpp:123:54)
INFO: [HLS 214-131] Inlining function 'ap_uint<8>::ap_uint(int)' into 'pe(ap_int<8>*, hls::stream<ap_int<8>, 0>&, hls::stream<ap_int<8>, 0>*, hls::stream<ap_int<8>, 0>&)' (CONV_LAYER/buf2pe.cpp:123:56)
INFO: [HLS 214-131] Inlining function 'ap_uint<4>::operator=(ap_uint<4> const&)' into 'pe(ap_int<8>*, hls::stream<ap_int<8>, 0>&, hls::stream<ap_int<8>, 0>*, hls::stream<ap_int<8>, 0>&)' (CONV_LAYER/buf2pe.cpp:122:45)
INFO: [HLS 214-131] Inlining function 'ap_uint<4>::ap_uint(int)' into 'pe(ap_int<8>*, hls::stream<ap_int<8>, 0>&, hls::stream<ap_int<8>, 0>*, hls::stream<ap_int<8>, 0>&)' (CONV_LAYER/buf2pe.cpp:122:47)
INFO: [HLS 214-131] Inlining function 'bool operator==<4, false>(ap_int_base<4, false> const&, int)' into 'pe(ap_int<8>*, hls::stream<ap_int<8>, 0>&, hls::stream<ap_int<8>, 0>*, hls::stream<ap_int<8>, 0>&)' (CONV_LAYER/buf2pe.cpp:120:45)
INFO: [HLS 214-131] Inlining function 'ap_int_base<4, false>::operator++(int)' into 'pe(ap_int<8>*, hls::stream<ap_int<8>, 0>&, hls::stream<ap_int<8>, 0>*, hls::stream<ap_int<8>, 0>&)' (CONV_LAYER/buf2pe.cpp:117:33)
INFO: [HLS 214-131] Inlining function 'ap_uint<4>::operator=(ap_uint<4> const&)' into 'pe(ap_int<8>*, hls::stream<ap_int<8>, 0>&, hls::stream<ap_int<8>, 0>*, hls::stream<ap_int<8>, 0>&)' (CONV_LAYER/buf2pe.cpp:115:51)
INFO: [HLS 214-131] Inlining function 'ap_uint<4>::ap_uint(int)' into 'pe(ap_int<8>*, hls::stream<ap_int<8>, 0>&, hls::stream<ap_int<8>, 0>*, hls::stream<ap_int<8>, 0>&)' (CONV_LAYER/buf2pe.cpp:115:53)
INFO: [HLS 214-131] Inlining function 'bool operator==<4, false>(ap_int_base<4, false> const&, int)' into 'pe(ap_int<8>*, hls::stream<ap_int<8>, 0>&, hls::stream<ap_int<8>, 0>*, hls::stream<ap_int<8>, 0>&)' (CONV_LAYER/buf2pe.cpp:114:51)
INFO: [HLS 214-131] Inlining function 'hls::stream<ap_int<8>, 0>::write(ap_int<8> const&)' into 'pe(ap_int<8>*, hls::stream<ap_int<8>, 0>&, hls::stream<ap_int<8>, 0>*, hls::stream<ap_int<8>, 0>&)' (CONV_LAYER/buf2pe.cpp:112:70)
INFO: [HLS 214-131] Inlining function 'ap_int_base<4, false>::operator unsigned long long() const' into 'pe(ap_int<8>*, hls::stream<ap_int<8>, 0>&, hls::stream<ap_int<8>, 0>*, hls::stream<ap_int<8>, 0>&)' (CONV_LAYER/buf2pe.cpp:112:99)
INFO: [HLS 214-131] Inlining function 'ap_int_base<37, true>::operator long long() const' into 'pe(ap_int<8>*, hls::stream<ap_int<8>, 0>&, hls::stream<ap_int<8>, 0>*, hls::stream<ap_int<8>, 0>&)' (CONV_LAYER/buf2pe.cpp:112:49)
INFO: [HLS 214-131] Inlining function 'ap_int_base<36, true>::RType<($_0)32, true>::plus operator+<36, true>(ap_int_base<36, true> const&, int)' into 'pe(ap_int<8>*, hls::stream<ap_int<8>, 0>&, hls::stream<ap_int<8>, 0>*, hls::stream<ap_int<8>, 0>&)' (CONV_LAYER/buf2pe.cpp:112:61)
INFO: [HLS 214-131] Inlining function 'ap_int_base<4, false>::RType<($_0)32, true>::mult operator*<4, false>(ap_int_base<4, false> const&, int)' into 'pe(ap_int<8>*, hls::stream<ap_int<8>, 0>&, hls::stream<ap_int<8>, 0>*, hls::stream<ap_int<8>, 0>&)' (CONV_LAYER/buf2pe.cpp:112:55)
INFO: [HLS 214-131] Inlining function 'hls::stream<ap_int<8>, 0>::write(ap_int<8> const&)' into 'pe(ap_int<8>*, hls::stream<ap_int<8>, 0>&, hls::stream<ap_int<8>, 0>*, hls::stream<ap_int<8>, 0>&)' (CONV_LAYER/buf2pe.cpp:109:63)
INFO: [HLS 214-131] Inlining function 'ap_int_base<4, false>::operator unsigned long long() const' into 'pe(ap_int<8>*, hls::stream<ap_int<8>, 0>&, hls::stream<ap_int<8>, 0>*, hls::stream<ap_int<8>, 0>&)' (CONV_LAYER/buf2pe.cpp:109:85)
INFO: [HLS 214-131] Inlining function 'ap_int_base<33, true>::operator long long() const' into 'pe(ap_int<8>*, hls::stream<ap_int<8>, 0>&, hls::stream<ap_int<8>, 0>*, hls::stream<ap_int<8>, 0>&)' (CONV_LAYER/buf2pe.cpp:109:45)
INFO: [HLS 214-131] Inlining function 'ap_int_base<4, false>::RType<($_0)32, true>::minus operator-<4, false>(ap_int_base<4, false> const&, int)' into 'pe(ap_int<8>*, hls::stream<ap_int<8>, 0>&, hls::stream<ap_int<8>, 0>*, hls::stream<ap_int<8>, 0>&)' (CONV_LAYER/buf2pe.cpp:109:51)
INFO: [HLS 214-131] Inlining function 'bool operator!=<4, false>(ap_int_base<4, false> const&, int)' into 'pe(ap_int<8>*, hls::stream<ap_int<8>, 0>&, hls::stream<ap_int<8>, 0>*, hls::stream<ap_int<8>, 0>&)' (CONV_LAYER/buf2pe.cpp:108:39)
INFO: [HLS 214-131] Inlining function 'ap_int<8>::operator=(ap_int<8> const&)' into 'pe(ap_int<8>*, hls::stream<ap_int<8>, 0>&, hls::stream<ap_int<8>, 0>*, hls::stream<ap_int<8>, 0>&)' (CONV_LAYER/buf2pe.cpp:89:63)
INFO: [HLS 214-131] Inlining function 'ap_int_base<4, false>::operator unsigned long long() const' into 'pe(ap_int<8>*, hls::stream<ap_int<8>, 0>&, hls::stream<ap_int<8>, 0>*, hls::stream<ap_int<8>, 0>&)' (CONV_LAYER/buf2pe.cpp:89:49)
INFO: [HLS 214-131] Inlining function 'hls::stream<ap_int<8>, 0>::read()' into 'pe(ap_int<8>*, hls::stream<ap_int<8>, 0>&, hls::stream<ap_int<8>, 0>*, hls::stream<ap_int<8>, 0>&)' (CONV_LAYER/buf2pe.cpp:89:91)
INFO: [HLS 214-131] Inlining function 'ap_int_base<4, false>::operator unsigned long long() const' into 'pe(ap_int<8>*, hls::stream<ap_int<8>, 0>&, hls::stream<ap_int<8>, 0>*, hls::stream<ap_int<8>, 0>&)' (CONV_LAYER/buf2pe.cpp:89:77)
INFO: [HLS 214-131] Inlining function 'ap_int<8>::operator=(ap_int<8> const&)' into 'pe(ap_int<8>*, hls::stream<ap_int<8>, 0>&, hls::stream<ap_int<8>, 0>*, hls::stream<ap_int<8>, 0>&)' (CONV_LAYER/buf2pe.cpp:85:63)
INFO: [HLS 214-131] Inlining function 'ap_int_base<4, false>::operator unsigned long long() const' into 'pe(ap_int<8>*, hls::stream<ap_int<8>, 0>&, hls::stream<ap_int<8>, 0>*, hls::stream<ap_int<8>, 0>&)' (CONV_LAYER/buf2pe.cpp:85:49)
INFO: [HLS 214-131] Inlining function 'ap_int_base<4, false>::operator unsigned long long() const' into 'pe(ap_int<8>*, hls::stream<ap_int<8>, 0>&, hls::stream<ap_int<8>, 0>*, hls::stream<ap_int<8>, 0>&)' (CONV_LAYER/buf2pe.cpp:85:81)
INFO: [HLS 214-131] Inlining function 'ap_int<8>::operator=(ap_int<8> const&)' into 'pe(ap_int<8>*, hls::stream<ap_int<8>, 0>&, hls::stream<ap_int<8>, 0>*, hls::stream<ap_int<8>, 0>&)' (CONV_LAYER/buf2pe.cpp:76:63)
INFO: [HLS 214-131] Inlining function 'ap_int_base<4, false>::operator unsigned long long() const' into 'pe(ap_int<8>*, hls::stream<ap_int<8>, 0>&, hls::stream<ap_int<8>, 0>*, hls::stream<ap_int<8>, 0>&)' (CONV_LAYER/buf2pe.cpp:76:49)
INFO: [HLS 214-131] Inlining function 'ap_int_base<8, false>::operator unsigned long long() const' into 'pe(ap_int<8>*, hls::stream<ap_int<8>, 0>&, hls::stream<ap_int<8>, 0>*, hls::stream<ap_int<8>, 0>&)' (CONV_LAYER/buf2pe.cpp:76:79)
INFO: [HLS 214-131] Inlining function 'ap_int<8>::operator=(ap_int<8> const&)' into 'pe(ap_int<8>*, hls::stream<ap_int<8>, 0>&, hls::stream<ap_int<8>, 0>*, hls::stream<ap_int<8>, 0>&)' (CONV_LAYER/buf2pe.cpp:73:63)
INFO: [HLS 214-131] Inlining function 'ap_int_base<4, false>::operator unsigned long long() const' into 'pe(ap_int<8>*, hls::stream<ap_int<8>, 0>&, hls::stream<ap_int<8>, 0>*, hls::stream<ap_int<8>, 0>&)' (CONV_LAYER/buf2pe.cpp:73:49)
INFO: [HLS 214-131] Inlining function 'ap_int<8>::ap_int(int)' into 'pe(ap_int<8>*, hls::stream<ap_int<8>, 0>&, hls::stream<ap_int<8>, 0>*, hls::stream<ap_int<8>, 0>&)' (CONV_LAYER/buf2pe.cpp:73:65)
INFO: [HLS 214-131] Inlining function 'bool operator!=<4, false>(ap_int_base<4, false> const&, int)' into 'pe(ap_int<8>*, hls::stream<ap_int<8>, 0>&, hls::stream<ap_int<8>, 0>*, hls::stream<ap_int<8>, 0>&)' (CONV_LAYER/buf2pe.cpp:70:49)
INFO: [HLS 214-131] Inlining function 'bool operator==<4, false>(ap_int_base<4, false> const&, int)' into 'pe(ap_int<8>*, hls::stream<ap_int<8>, 0>&, hls::stream<ap_int<8>, 0>*, hls::stream<ap_int<8>, 0>&)' (CONV_LAYER/buf2pe.cpp:69:87)
INFO: [HLS 214-131] Inlining function 'bool operator==<4, false>(ap_int_base<4, false> const&, int)' into 'pe(ap_int<8>*, hls::stream<ap_int<8>, 0>&, hls::stream<ap_int<8>, 0>*, hls::stream<ap_int<8>, 0>&)' (CONV_LAYER/buf2pe.cpp:68:133)
INFO: [HLS 214-131] Inlining function 'bool operator==<4, false>(ap_int_base<4, false> const&, int)' into 'pe(ap_int<8>*, hls::stream<ap_int<8>, 0>&, hls::stream<ap_int<8>, 0>*, hls::stream<ap_int<8>, 0>&)' (CONV_LAYER/buf2pe.cpp:67:85)
INFO: [HLS 214-131] Inlining function 'bool operator<<4, false>(ap_int_base<4, false> const&, int)' into 'pe(ap_int<8>*, hls::stream<ap_int<8>, 0>&, hls::stream<ap_int<8>, 0>*, hls::stream<ap_int<8>, 0>&)' (CONV_LAYER/buf2pe.cpp:63:85)
INFO: [HLS 214-131] Inlining function 'bool operator>=<4, false>(ap_int_base<4, false> const&, int)' into 'pe(ap_int<8>*, hls::stream<ap_int<8>, 0>&, hls::stream<ap_int<8>, 0>*, hls::stream<ap_int<8>, 0>&)' (CONV_LAYER/buf2pe.cpp:63:59)
INFO: [HLS 214-131] Inlining function 'bool operator<<4, false>(ap_int_base<4, false> const&, int)' into 'pe(ap_int<8>*, hls::stream<ap_int<8>, 0>&, hls::stream<ap_int<8>, 0>*, hls::stream<ap_int<8>, 0>&)' (CONV_LAYER/buf2pe.cpp:62:85)
INFO: [HLS 214-131] Inlining function 'bool operator>=<4, false>(ap_int_base<4, false> const&, int)' into 'pe(ap_int<8>*, hls::stream<ap_int<8>, 0>&, hls::stream<ap_int<8>, 0>*, hls::stream<ap_int<8>, 0>&)' (CONV_LAYER/buf2pe.cpp:62:59)
INFO: [HLS 214-131] Inlining function 'bool operator<<4, false>(ap_int_base<4, false> const&, int)' into 'pe(ap_int<8>*, hls::stream<ap_int<8>, 0>&, hls::stream<ap_int<8>, 0>*, hls::stream<ap_int<8>, 0>&)' (CONV_LAYER/buf2pe.cpp:61:81)
INFO: [HLS 214-131] Inlining function 'bool operator>=<4, false>(ap_int_base<4, false> const&, int)' into 'pe(ap_int<8>*, hls::stream<ap_int<8>, 0>&, hls::stream<ap_int<8>, 0>*, hls::stream<ap_int<8>, 0>&)' (CONV_LAYER/buf2pe.cpp:61:57)
INFO: [HLS 214-131] Inlining function 'ap_uint<8>::ap_uint<38>(ap_int<38> const&)' into 'pe(ap_int<8>*, hls::stream<ap_int<8>, 0>&, hls::stream<ap_int<8>, 0>*, hls::stream<ap_int<8>, 0>&)' (CONV_LAYER/buf2pe.cpp:57:62)
INFO: [HLS 214-131] Inlining function 'ap_int_base<37, true>::RType<4, false>::plus operator+<37, true, 4, false>(ap_int_base<37, true> const&, ap_int_base<4, false> const&)' into 'pe(ap_int<8>*, hls::stream<ap_int<8>, 0>&, hls::stream<ap_int<8>, 0>*, hls::stream<ap_int<8>, 0>&)' (CONV_LAYER/buf2pe.cpp:57:128)
INFO: [HLS 214-131] Inlining function 'ap_int_base<8, false>::RType<36, true>::plus operator+<8, false, 36, true>(ap_int_base<8, false> const&, ap_int_base<36, true> const&)' into 'pe(ap_int<8>*, hls::stream<ap_int<8>, 0>&, hls::stream<ap_int<8>, 0>*, hls::stream<ap_int<8>, 0>&)' (CONV_LAYER/buf2pe.cpp:57:87)
INFO: [HLS 214-131] Inlining function 'ap_int_base<4, false>::RType<($_0)32, true>::mult operator*<4, false>(ap_int_base<4, false> const&, int)' into 'pe(ap_int<8>*, hls::stream<ap_int<8>, 0>&, hls::stream<ap_int<8>, 0>*, hls::stream<ap_int<8>, 0>&)' (CONV_LAYER/buf2pe.cpp:57:107)
INFO: [HLS 214-131] Inlining function 'ap_uint<4>::ap_uint(int)' into 'pe(ap_int<8>*, hls::stream<ap_int<8>, 0>&, hls::stream<ap_int<8>, 0>*, hls::stream<ap_int<8>, 0>&)' (CONV_LAYER/buf2pe.cpp:55:61)
INFO: [HLS 214-131] Inlining function 'bool operator<<4, false>(ap_int_base<4, false> const&, int)' into 'pe(ap_int<8>*, hls::stream<ap_int<8>, 0>&, hls::stream<ap_int<8>, 0>*, hls::stream<ap_int<8>, 0>&)' (CONV_LAYER/buf2pe.cpp:46:55)
INFO: [HLS 214-131] Inlining function 'ap_uint<4>::ap_uint(int)' into 'pe(ap_int<8>*, hls::stream<ap_int<8>, 0>&, hls::stream<ap_int<8>, 0>*, hls::stream<ap_int<8>, 0>&)' (CONV_LAYER/buf2pe.cpp:46:46)
INFO: [HLS 214-131] Inlining function 'ap_int<8>::operator=(ap_int<8> const&)' into 'pe(ap_int<8>*, hls::stream<ap_int<8>, 0>&, hls::stream<ap_int<8>, 0>*, hls::stream<ap_int<8>, 0>&)' (CONV_LAYER/buf2pe.cpp:39:69)
INFO: [HLS 214-131] Inlining function 'hls::stream<ap_int<8>, 0>::read()' into 'pe(ap_int<8>*, hls::stream<ap_int<8>, 0>&, hls::stream<ap_int<8>, 0>*, hls::stream<ap_int<8>, 0>&)' (CONV_LAYER/buf2pe.cpp:39:85)
INFO: [HLS 214-131] Inlining function 'ap_uint<4>::ap_uint(int)' into 'pe(ap_int<8>*, hls::stream<ap_int<8>, 0>&, hls::stream<ap_int<8>, 0>*, hls::stream<ap_int<8>, 0>&)' (CONV_LAYER/buf2pe.cpp:34:49)
INFO: [HLS 214-131] Inlining function 'ap_uint<8>::ap_uint(int)' into 'pe(ap_int<8>*, hls::stream<ap_int<8>, 0>&, hls::stream<ap_int<8>, 0>*, hls::stream<ap_int<8>, 0>&)' (CONV_LAYER/buf2pe.cpp:30:52)
INFO: [HLS 214-131] Inlining function 'ap_uint<4>::ap_uint(int)' into 'pe(ap_int<8>*, hls::stream<ap_int<8>, 0>&, hls::stream<ap_int<8>, 0>*, hls::stream<ap_int<8>, 0>&)' (CONV_LAYER/buf2pe.cpp:29:43)
INFO: [HLS 214-131] Inlining function 'hls::stream<ap_int<8>, 0>::stream()' into 'pe(ap_int<8>*, hls::stream<ap_int<8>, 0>&, hls::stream<ap_int<8>, 0>*, hls::stream<ap_int<8>, 0>&)' (CONV_LAYER/buf2pe.cpp:18:26)
WARNING: [HLS 214-182] Conflict with INTERFACE pragma: array_partition pragma on TOP function argument, in 'call' (CONV_LAYER/buf2pe.cpp:11:44)
WARNING: [HLS 214-183] Unsupport array of struct: array_partition pragma on TOP function argument, in 'call' (CONV_LAYER/buf2pe.cpp:11:44)
WARNING: [HLS 214-183] Unsupport array of struct: array_partition pragma on TOP function argument, in 'call' (CONV_LAYER/buf2pe.cpp:12:9)
INFO: [HLS 200-111] Finished Linking Time (s): cpu = 00:00:08 ; elapsed = 00:00:18 . Memory (MB): peak = 1032.145 ; gain = 913.762
INFO: [HLS 200-111] Finished Checking Pragmas Time (s): cpu = 00:00:08 ; elapsed = 00:00:19 . Memory (MB): peak = 1032.145 ; gain = 913.762
INFO: [HLS 200-10] Starting code transformations ...
INFO: [HLS 200-111] Finished Standard Transforms Time (s): cpu = 00:00:08 ; elapsed = 00:00:19 . Memory (MB): peak = 1032.145 ; gain = 913.762
INFO: [HLS 200-10] Checking synthesizability ...
INFO: [HLS 200-111] Finished Checking Synthesizability Time (s): cpu = 00:00:08 ; elapsed = 00:00:19 . Memory (MB): peak = 1032.145 ; gain = 913.762
INFO: [XFORM 203-502] Unrolling all sub-loops inside loop 'VITIS_LOOP_31_2' (CONV_LAYER/buf2pe.cpp:31) in function 'pe' for pipelining.
INFO: [HLS 200-489] Unrolling loop 'VITIS_LOOP_35_3' (CONV_LAYER/buf2pe.cpp:35) in function 'pe' completely with a factor of 3.
INFO: [HLS 200-489] Unrolling loop 'CONCURRENT' (CONV_LAYER/buf2pe.cpp:48) in function 'pe' completely with a factor of 3.
INFO: [HLS 200-489] Unrolling loop 'VITIS_LOOP_48_4' in function 'pe' completely with a factor of 4.
INFO: [XFORM 203-102] Automatically partitioning streamed array 'inner_fifos.V.V' (CONV_LAYER/buf2pe.cpp:18) .
INFO: [XFORM 203-102] Automatically partitioning streamed array 'pe_input_stream.V' (CONV_LAYER/buf2pe.cpp:10) .
INFO: [XFORM 203-101] Partitioning array 'input_registers.V' (CONV_LAYER/buf2pe.cpp:13) in dimension 1 completely.
INFO: [XFORM 203-101] Partitioning array 'inner_fifos.V.V' (CONV_LAYER/buf2pe.cpp:18) in dimension 1 completely.
INFO: [XFORM 203-101] Partitioning array 'pe_input_stream.V' (CONV_LAYER/buf2pe.cpp:10) in dimension 1 completely.
INFO: [XFORM 203-101] Partitioning array 'input_registers.V' (CONV_LAYER/buf2pe.cpp:13) in dimension 2 completely.
INFO: [XFORM 203-101] Partitioning array 'inner_fifos.V.V' (CONV_LAYER/buf2pe.cpp:18) in dimension 2 completely.
INFO: [XFORM 203-401] Performing if-conversion on hyperblock to (CONV_LAYER/buf2pe.cpp:72:33) in function 'pe'... converting 5 basic blocks.
INFO: [XFORM 203-401] Performing if-conversion on hyperblock from (C:/Xilinx/Vitis/2020.1/common/technology/autopilot/hls_stream_39.h:167:9) to (CONV_LAYER/buf2pe.cpp:108:44) in function 'pe'... converting 5 basic blocks.
INFO: [XFORM 203-401] Performing if-conversion on hyperblock from (C:/Xilinx/Vitis/2020.1/common/technology/autopilot/hls_stream_39.h:167:9) to (CONV_LAYER/buf2pe.cpp:38:39) in function 'pe'... converting 3 basic blocks.
INFO: [XFORM 203-401] Performing if-conversion on hyperblock to (CONV_LAYER/buf2pe.cpp:84:11) in function 'pe'... converting 5 basic blocks.
INFO: [XFORM 203-401] Performing if-conversion on hyperblock from (C:/Xilinx/Vitis/2020.1/common/technology/autopilot/hls_stream_39.h:167:9) to (CONV_LAYER/buf2pe.cpp:108:44) in function 'pe'... converting 5 basic blocks.
INFO: [XFORM 203-401] Performing if-conversion on hyperblock from (C:/Xilinx/Vitis/2020.1/common/technology/autopilot/hls_stream_39.h:167:9) to (CONV_LAYER/buf2pe.cpp:38:39) in function 'pe'... converting 3 basic blocks.
INFO: [XFORM 203-401] Performing if-conversion on hyperblock from (C:/Xilinx/Vitis/2020.1/common/technology/autopilot/hls_stream_39.h:167:9) to (CONV_LAYER/buf2pe.cpp:108:44) in function 'pe'... converting 3 basic blocks.
INFO: [HLS 200-111] Finished Pre-synthesis Time (s): cpu = 00:00:09 ; elapsed = 00:00:20 . Memory (MB): peak = 1032.145 ; gain = 913.762
INFO: [XFORM 203-541] Flattening a loop nest 'VITIS_LOOP_27_1' (CONV_LAYER/buf2pe.cpp:27:35) in function 'pe'.
INFO: [XFORM 203-541] Flattening a loop nest 'LOOP_3' (CONV_LAYER/buf2pe.cpp:25:14) in function 'pe'.
INFO: [HLS 200-472] Inferring partial write operation for 'weight_registers.V' 
INFO: [HLS 200-111] Finished Architecture Synthesis Time (s): cpu = 00:00:10 ; elapsed = 00:00:21 . Memory (MB): peak = 1032.145 ; gain = 913.762
INFO: [HLS 200-10] Starting hardware synthesis ...
INFO: [HLS 200-10] Synthesizing 'pe' ...
INFO: [HLS 200-10] ----------------------------------------------------------------
INFO: [HLS 200-42] -- Implementing module 'pe' 
INFO: [HLS 200-10] ----------------------------------------------------------------
INFO: [SCHED 204-11] Starting scheduling ...
INFO: [SCHED 204-61] Pipelining loop 'LOOP_3_VITIS_LOOP_27_1_VITIS_LOOP_31_2'.
WARNING: [HLS 200-880] The II Violation in module 'pe' (Loop: LOOP_3_VITIS_LOOP_27_1_VITIS_LOOP_31_2): Unable to enforce a carried dependence constraint (II = 1, distance = 1, offset = 1) between fifo read on port 'weight_stream_V' (C:/Xilinx/Vitis/2020.1/common/technology/autopilot/hls_stream_39.h:145) and fifo read on port 'weight_stream_V' (C:/Xilinx/Vitis/2020.1/common/technology/autopilot/hls_stream_39.h:145).
WARNING: [HLS 200-880] The II Violation in module 'pe' (Loop: LOOP_3_VITIS_LOOP_27_1_VITIS_LOOP_31_2): Unable to enforce a carried dependence constraint (II = 2, distance = 1, offset = 1) between fifo read on port 'weight_stream_V' (C:/Xilinx/Vitis/2020.1/common/technology/autopilot/hls_stream_39.h:145) and fifo read on port 'weight_stream_V' (C:/Xilinx/Vitis/2020.1/common/technology/autopilot/hls_stream_39.h:145).
WARNING: [HLS 200-885] Unable to schedule 'load' operation ('input_registers[0][3].V') on array 'input_buffers' due to limited memory ports. Please consider using a memory core with more ports or partitioning the array 'input_buffers'.
INFO: [HLS 200-1470] Pipelining result : Target II = 1, Final II = 6, Depth = 7.
WARNING: [HLS 200-871] Estimated clock period (4.667ns) exceeds the target (target clock period: 3ns, clock uncertainty: 0.81ns, effective delay budget: 2.19ns).
WARNING: [HLS 200-1016] The critical path in module 'pe' consists of the following:	'phi' operation ('indvar_flatten', CONV_LAYER/buf2pe.cpp:27) with incoming values : ('select_ln27_5', CONV_LAYER/buf2pe.cpp:27) [66]  (0 ns)
	'icmp' operation ('icmp_ln27', CONV_LAYER/buf2pe.cpp:27) [80]  (0.656 ns)
	'xor' operation ('xor_ln25', CONV_LAYER/buf2pe.cpp:25) [86]  (0 ns)
	'and' operation ('and_ln25', CONV_LAYER/buf2pe.cpp:25) [88]  (0.122 ns)
	'or' operation ('or_ln27', CONV_LAYER/buf2pe.cpp:27) [92]  (0.122 ns)
	'select' operation ('select_ln27', CONV_LAYER/buf2pe.cpp:27) [93]  (0.278 ns)
	'add' operation ('empty_16', CONV_LAYER/buf2pe.cpp:27) [108]  (0.572 ns)
	'mul' operation ('mul', CONV_LAYER/buf2pe.cpp:27) [110]  (0.91 ns)
	'add' operation ('add_ln216') [130]  (0.706 ns)
	'add' operation ('add_ln216_1') [131]  (0.706 ns)
	'getelementptr' operation ('input_buffers_addr') [138]  (0 ns)
	'load' operation ('input_buffers_load') on array 'input_buffers' [139]  (0.594 ns)

INFO: [SCHED 204-11] Finished scheduling.
INFO: [HLS 200-111]  Elapsed time: 21.717 seconds; current allocated memory: 213.526 MB.
INFO: [BIND 205-100] Starting micro-architecture generation ...
INFO: [BIND 205-101] Performing variable lifetime analysis.
INFO: [BIND 205-101] Exploring resource sharing.
INFO: [BIND 205-101] Binding ...
INFO: [BIND 205-100] Finished micro-architecture generation.
INFO: [HLS 200-111]  Elapsed time: 0.31 seconds; current allocated memory: 214.733 MB.
INFO: [HLS 200-10] ----------------------------------------------------------------
INFO: [HLS 200-10] -- Generating RTL for module 'pe' 
INFO: [HLS 200-10] ----------------------------------------------------------------
INFO: [RTGEN 206-500] Setting interface mode on port 'pe/input_buffers' to 'bram'.
INFO: [RTGEN 206-500] Setting interface mode on port 'pe/weight_stream_V' to 'ap_fifo'.
INFO: [RTGEN 206-500] Setting interface mode on port 'pe/pe_input_stream_V_0' to 'ap_fifo'.
INFO: [RTGEN 206-500] Setting interface mode on port 'pe/pe_input_stream_V_1' to 'ap_fifo'.
INFO: [RTGEN 206-500] Setting interface mode on port 'pe/pe_input_stream_V_2' to 'ap_fifo'.
INFO: [RTGEN 206-500] Setting interface mode on port 'pe/pe_input_stream_V_3' to 'ap_fifo'.
INFO: [RTGEN 206-500] Setting interface mode on port 'pe/pe_input_stream_V_4' to 'ap_fifo'.
INFO: [RTGEN 206-500] Setting interface mode on port 'pe/pe_input_stream_V_5' to 'ap_fifo'.
INFO: [RTGEN 206-500] Setting interface mode on port 'pe/pe_input_stream_V_6' to 'ap_fifo'.
INFO: [RTGEN 206-500] Setting interface mode on port 'pe/pe_input_stream_V_7' to 'ap_fifo'.
INFO: [RTGEN 206-500] Setting interface mode on port 'pe/pe_input_stream_V_8' to 'ap_fifo'.
INFO: [RTGEN 206-500] Setting interface mode on port 'pe/pe_weight_stream_V' to 'ap_fifo'.
INFO: [RTGEN 206-500] Setting interface mode on function 'pe' to 'ap_ctrl_hs'.
WARNING: [RTGEN 206-101] Setting dangling out port 'pe/input_buffers_WEN_A' to 0.
WARNING: [RTGEN 206-101] Setting dangling out port 'pe/input_buffers_Din_A' to 0.
WARNING: [RTGEN 206-101] Setting dangling out port 'pe/input_buffers_WEN_B' to 0.
WARNING: [RTGEN 206-101] Setting dangling out port 'pe/input_buffers_Din_B' to 0.
INFO: [RTGEN 206-100] Generating core module 'mul_5ns_3ns_7_1_1': 1 instance(s).
INFO: [RTGEN 206-100] Finished creating RTL model for 'pe'.
INFO: [HLS 200-111]  Elapsed time: 0.634 seconds; current allocated memory: 216.984 MB.
INFO: [RTMG 210-282] Generating pipelined core: 'pe_mul_5ns_3ns_7_1_1_Multiplier_0'
INFO: [RTMG 210-278] Implementing memory 'pe_weight_registers_V_ram (RAM)' using block RAMs.
INFO: [RTMG 210-285] Implementing FIFO 'inner_fifos_0_0_V_V_U(pe_fifo_w8_d6_S)' using Shift Registers.
INFO: [RTMG 210-285] Implementing FIFO 'inner_fifos_0_1_V_V_U(pe_fifo_w8_d6_S)' using Shift Registers.
INFO: [RTMG 210-285] Implementing FIFO 'inner_fifos_0_2_V_V_U(pe_fifo_w8_d6_S)' using Shift Registers.
INFO: [RTMG 210-285] Implementing FIFO 'inner_fifos_1_0_V_V_U(pe_fifo_w8_d6_S)' using Shift Registers.
INFO: [RTMG 210-285] Implementing FIFO 'inner_fifos_1_1_V_V_U(pe_fifo_w8_d6_S)' using Shift Registers.
INFO: [RTMG 210-285] Implementing FIFO 'inner_fifos_1_2_V_V_U(pe_fifo_w8_d6_S)' using Shift Registers.
INFO: [HLS 200-111] Finished generating all RTL models Time (s): cpu = 00:00:13 ; elapsed = 00:00:26 . Memory (MB): peak = 1032.145 ; gain = 913.762
INFO: [VHDL 208-304] Generating VHDL RTL for pe.
INFO: [VLOG 209-307] Generating Verilog RTL for pe.
INFO: [HLS 200-790] **** Loop Constraint Status: All loop constraints were NOT satisfied.
INFO: [HLS 200-789] **** Estimated Fmax: 214.27 MHz
INFO: [HLS 200-112] Total elapsed time: 25.789 seconds; peak allocated memory: 216.984 MB.
==============================================================
Vitis HLS - High-Level Synthesis from C, C++ and OpenCL v2020.1 (64-bit)
Copyright 1986-2020 Xilinx, Inc. All Rights Reserved.
==============================================================
INFO: [SYN 201-201] Setting up clock 'default' with a period of 3ns.
INFO: [HLS 200-10] Setting target device to 'xcu200-fsgd2104-2-e'
INFO: [HLS 200-1505] Using flow_target 'vivado'
INFO: [SIM 211-2] *************** CSIM start ***************
INFO: [SIM 211-4] CSIM will launch GCC as the compiler.
INFO: [SIM 211-1] CSim done with 0 errors.
INFO: [SIM 211-3] *************** CSIM finish ***************
==============================================================
Vitis HLS - High-Level Synthesis from C, C++ and OpenCL v2020.1 (64-bit)
Copyright 1986-2020 Xilinx, Inc. All Rights Reserved.
==============================================================
INFO: [SYN 201-201] Setting up clock 'default' with a period of 3ns.
INFO: [HLS 200-10] Setting target device to 'xcu200-fsgd2104-2-e'
INFO: [HLS 200-1505] Using flow_target 'vivado'
INFO: [HLS 200-10] Analyzing design file 'CONV_LAYER/buf2pe.cpp' ... 
WARNING: [HLS 207-903] extra tokens at end of #include directive: CONV_LAYER/conv.h:8:21
WARNING: [HLS 207-3891] the 'dim' option to 'Stream' pragma is not supported and will be ignored: CONV_LAYER/buf2pe.cpp:19:54
WARNING: [HLS 207-1017] unknown pragma ignored: CONV_LAYER/buf2pe.cpp:39:9
WARNING: [HLS 207-1017] unknown pragma ignored: CONV_LAYER/buf2pe.cpp:82:9
WARNING: [HLS 207-1017] unknown pragma ignored: CONV_LAYER/buf2pe.cpp:85:9
WARNING: [HLS 207-1017] unknown pragma ignored: CONV_LAYER/buf2pe.cpp:86:9
WARNING: [HLS 207-1017] unknown pragma ignored: CONV_LAYER/buf2pe.cpp:89:9
WARNING: [HLS 207-1017] unknown pragma ignored: CONV_LAYER/buf2pe.cpp:161:9
INFO: [HLS 200-777] Using interface defaults for 'Vivado' target.
INFO: [HLS 214-131] Inlining function 'hls::stream<ap_int<8>, 0>::read(ap_int<8>&)' into 'hls::stream<ap_int<8>, 0>::read()' (C:/Xilinx/Vitis/2020.1/common/technology/autopilot/hls_stream_39.h:156:9)
INFO: [HLS 214-131] Inlining function 'ap_int_base<32, true>::ap_int_base(int)' into 'bool operator<<4, false>(ap_int_base<4, false> const&, int)' (C:/Xilinx/Vitis/2020.1/common/technology/autopilot\ap_int_base.h:1620:713)
INFO: [HLS 214-131] Inlining function 'bool ap_int_base<4, false>::operator<<32, true>(ap_int_base<32, true> const&) const' into 'bool operator<<4, false>(ap_int_base<4, false> const&, int)' (C:/Xilinx/Vitis/2020.1/common/technology/autopilot\ap_int_base.h:1620:711)
INFO: [HLS 214-131] Inlining function 'ap_int_base<36, true>::ap_int_base<4, false>(ap_int_base<4, false> const&)' into 'ap_int_base<4, false>::RType<32, true>::mult operator*<4, false, 32, true>(ap_int_base<4, false> const&, ap_int_base<32, true> const&)' (C:/Xilinx/Vitis/2020.1/common/technology/autopilot\ap_int_base.h:1349:339)
INFO: [HLS 214-131] Inlining function 'ap_int<36>::ap_int<36, true>(ap_int_base<36, true> const&)' into 'ap_int_base<4, false>::RType<32, true>::mult operator*<4, false, 32, true>(ap_int_base<4, false> const&, ap_int_base<32, true> const&)' (C:/Xilinx/Vitis/2020.1/common/technology/autopilot\ap_int_base.h:1349:551)
INFO: [HLS 214-131] Inlining function 'ap_int_base<36, true>::ap_int_base<32, true>(ap_int_base<32, true> const&)' into 'ap_int_base<4, false>::RType<32, true>::mult operator*<4, false, 32, true>(ap_int_base<4, false> const&, ap_int_base<32, true> const&)' (C:/Xilinx/Vitis/2020.1/common/technology/autopilot\ap_int_base.h:1349:427)
INFO: [HLS 214-131] Inlining function 'ap_int_base<32, true>::ap_int_base(int)' into 'ap_int_base<4, false>::RType<($_0)32, true>::mult operator*<4, false>(ap_int_base<4, false> const&, int)' (C:/Xilinx/Vitis/2020.1/common/technology/autopilot\ap_int_base.h:1465:483)
INFO: [HLS 214-131] Inlining function 'ap_int_base<4, false>::RType<32, true>::mult operator*<4, false, 32, true>(ap_int_base<4, false> const&, ap_int_base<32, true> const&)' into 'ap_int_base<4, false>::RType<($_0)32, true>::mult operator*<4, false>(ap_int_base<4, false> const&, int)' (C:/Xilinx/Vitis/2020.1/common/technology/autopilot\ap_int_base.h:1465:481)
INFO: [HLS 214-131] Inlining function 'ap_int_base<68, true>::ap_int_base<36, true>(ap_int_base<36, true> const&)' into 'ap_int_base<36, true>::RType<32, true>::mult operator*<36, true, 32, true>(ap_int_base<36, true> const&, ap_int_base<32, true> const&)' (C:/Xilinx/Vitis/2020.1/common/technology/autopilot\ap_int_base.h:1349:339)
INFO: [HLS 214-131] Inlining function 'ap_int<68>::ap_int<68, true>(ap_int_base<68, true> const&)' into 'ap_int_base<36, true>::RType<32, true>::mult operator*<36, true, 32, true>(ap_int_base<36, true> const&, ap_int_base<32, true> const&)' (C:/Xilinx/Vitis/2020.1/common/technology/autopilot\ap_int_base.h:1349:551)
INFO: [HLS 214-131] Inlining function 'ap_int_base<68, true>::ap_int_base<32, true>(ap_int_base<32, true> const&)' into 'ap_int_base<36, true>::RType<32, true>::mult operator*<36, true, 32, true>(ap_int_base<36, true> const&, ap_int_base<32, true> const&)' (C:/Xilinx/Vitis/2020.1/common/technology/autopilot\ap_int_base.h:1349:427)
INFO: [HLS 214-131] Inlining function 'ap_int_base<32, true>::ap_int_base(int)' into 'ap_int_base<36, true>::RType<($_0)32, true>::mult operator*<36, true>(ap_int_base<36, true> const&, int)' (C:/Xilinx/Vitis/2020.1/common/technology/autopilot\ap_int_base.h:1465:483)
INFO: [HLS 214-131] Inlining function 'ap_int_base<36, true>::RType<32, true>::mult operator*<36, true, 32, true>(ap_int_base<36, true> const&, ap_int_base<32, true> const&)' into 'ap_int_base<36, true>::RType<($_0)32, true>::mult operator*<36, true>(ap_int_base<36, true> const&, int)' (C:/Xilinx/Vitis/2020.1/common/technology/autopilot\ap_int_base.h:1465:481)
INFO: [HLS 214-131] Inlining function 'ap_int_base<69, true>::ap_int_base<68, true>(ap_int_base<68, true> const&)' into 'ap_int_base<68, true>::RType<36, true>::plus operator+<68, true, 36, true>(ap_int_base<68, true> const&, ap_int_base<36, true> const&)' (C:/Xilinx/Vitis/2020.1/common/technology/autopilot\ap_int_base.h:1350:339)
INFO: [HLS 214-131] Inlining function 'ap_int<69>::ap_int<69, true>(ap_int_base<69, true> const&)' into 'ap_int_base<68, true>::RType<36, true>::plus operator+<68, true, 36, true>(ap_int_base<68, true> const&, ap_int_base<36, true> const&)' (C:/Xilinx/Vitis/2020.1/common/technology/autopilot\ap_int_base.h:1350:551)
INFO: [HLS 214-131] Inlining function 'ap_int_base<69, true>::ap_int_base<36, true>(ap_int_base<36, true> const&)' into 'ap_int_base<68, true>::RType<36, true>::plus operator+<68, true, 36, true>(ap_int_base<68, true> const&, ap_int_base<36, true> const&)' (C:/Xilinx/Vitis/2020.1/common/technology/autopilot\ap_int_base.h:1350:427)
INFO: [HLS 214-131] Inlining function 'ap_int_base<70, true>::ap_int_base<69, true>(ap_int_base<69, true> const&)' into 'ap_int_base<69, true>::RType<4, false>::plus operator+<69, true, 4, false>(ap_int_base<69, true> const&, ap_int_base<4, false> const&)' (C:/Xilinx/Vitis/2020.1/common/technology/autopilot\ap_int_base.h:1350:339)
INFO: [HLS 214-131] Inlining function 'ap_int<70>::ap_int<70, true>(ap_int_base<70, true> const&)' into 'ap_int_base<69, true>::RType<4, false>::plus operator+<69, true, 4, false>(ap_int_base<69, true> const&, ap_int_base<4, false> const&)' (C:/Xilinx/Vitis/2020.1/common/technology/autopilot\ap_int_base.h:1350:551)
INFO: [HLS 214-131] Inlining function 'ap_int_base<70, true>::ap_int_base<4, false>(ap_int_base<4, false> const&)' into 'ap_int_base<69, true>::RType<4, false>::plus operator+<69, true, 4, false>(ap_int_base<69, true> const&, ap_int_base<4, false> const&)' (C:/Xilinx/Vitis/2020.1/common/technology/autopilot\ap_int_base.h:1350:427)
INFO: [HLS 214-131] Inlining function 'ap_int_base<32, true>::ap_int_base(int)' into 'bool operator>=<4, false>(ap_int_base<4, false> const&, int)' (C:/Xilinx/Vitis/2020.1/common/technology/autopilot\ap_int_base.h:1620:1093)
INFO: [HLS 214-131] Inlining function 'bool ap_int_base<4, false>::operator>=<32, true>(ap_int_base<32, true> const&) const' into 'bool operator>=<4, false>(ap_int_base<4, false> const&, int)' (C:/Xilinx/Vitis/2020.1/common/technology/autopilot\ap_int_base.h:1620:1090)
INFO: [HLS 214-131] Inlining function 'ap_int_base<32, true>::ap_int_base(int)' into 'bool operator==<4, false>(ap_int_base<4, false> const&, int)' (C:/Xilinx/Vitis/2020.1/common/technology/autopilot\ap_int_base.h:1620:1853)
INFO: [HLS 214-131] Inlining function 'bool ap_int_base<4, false>::operator==<32, true>(ap_int_base<32, true> const&) const' into 'bool operator==<4, false>(ap_int_base<4, false> const&, int)' (C:/Xilinx/Vitis/2020.1/common/technology/autopilot\ap_int_base.h:1620:1850)
INFO: [HLS 214-131] Inlining function 'ap_int_base<32, true>::ap_int_base(int)' into 'bool operator!=<4, false>(ap_int_base<4, false> const&, int)' (C:/Xilinx/Vitis/2020.1/common/technology/autopilot\ap_int_base.h:1620:2233)
INFO: [HLS 214-131] Inlining function 'bool ap_int_base<4, false>::operator!=<32, true>(ap_int_base<32, true> const&) const' into 'bool operator!=<4, false>(ap_int_base<4, false> const&, int)' (C:/Xilinx/Vitis/2020.1/common/technology/autopilot\ap_int_base.h:1620:2230)
INFO: [HLS 214-131] Inlining function 'ap_int_base<33, true>::ap_int_base<4, false>(ap_int_base<4, false> const&)' into 'ap_int_base<4, false>::RType<32, true>::minus operator-<4, false, 32, true>(ap_int_base<4, false> const&, ap_int_base<32, true> const&)' (C:/Xilinx/Vitis/2020.1/common/technology/autopilot\ap_int_base.h:1351:341)
INFO: [HLS 214-131] Inlining function 'ap_int<33>::ap_int<33, true>(ap_int_base<33, true> const&)' into 'ap_int_base<4, false>::RType<32, true>::minus operator-<4, false, 32, true>(ap_int_base<4, false> const&, ap_int_base<32, true> const&)' (C:/Xilinx/Vitis/2020.1/common/technology/autopilot\ap_int_base.h:1351:555)
INFO: [HLS 214-131] Inlining function 'ap_int_base<33, true>::ap_int_base<32, true>(ap_int_base<32, true> const&)' into 'ap_int_base<4, false>::RType<32, true>::minus operator-<4, false, 32, true>(ap_int_base<4, false> const&, ap_int_base<32, true> const&)' (C:/Xilinx/Vitis/2020.1/common/technology/autopilot\ap_int_base.h:1351:430)
INFO: [HLS 214-131] Inlining function 'ap_int_base<32, true>::ap_int_base(int)' into 'ap_int_base<4, false>::RType<($_0)32, true>::minus operator-<4, false>(ap_int_base<4, false> const&, int)' (C:/Xilinx/Vitis/2020.1/common/technology/autopilot\ap_int_base.h:1465:1531)
INFO: [HLS 214-131] Inlining function 'ap_int_base<4, false>::RType<32, true>::minus operator-<4, false, 32, true>(ap_int_base<4, false> const&, ap_int_base<32, true> const&)' into 'ap_int_base<4, false>::RType<($_0)32, true>::minus operator-<4, false>(ap_int_base<4, false> const&, int)' (C:/Xilinx/Vitis/2020.1/common/technology/autopilot\ap_int_base.h:1465:1529)
INFO: [HLS 214-131] Inlining function 'ap_int_base<37, true>::ap_int_base<36, true>(ap_int_base<36, true> const&)' into 'ap_int_base<36, true>::RType<32, true>::plus operator+<36, true, 32, true>(ap_int_base<36, true> const&, ap_int_base<32, true> const&)' (C:/Xilinx/Vitis/2020.1/common/technology/autopilot\ap_int_base.h:1350:339)
INFO: [HLS 214-131] Inlining function 'ap_int<37>::ap_int<37, true>(ap_int_base<37, true> const&)' into 'ap_int_base<36, true>::RType<32, true>::plus operator+<36, true, 32, true>(ap_int_base<36, true> const&, ap_int_base<32, true> const&)' (C:/Xilinx/Vitis/2020.1/common/technology/autopilot\ap_int_base.h:1350:551)
INFO: [HLS 214-131] Inlining function 'ap_int_base<37, true>::ap_int_base<32, true>(ap_int_base<32, true> const&)' into 'ap_int_base<36, true>::RType<32, true>::plus operator+<36, true, 32, true>(ap_int_base<36, true> const&, ap_int_base<32, true> const&)' (C:/Xilinx/Vitis/2020.1/common/technology/autopilot\ap_int_base.h:1350:427)
INFO: [HLS 214-131] Inlining function 'ap_int_base<32, true>::ap_int_base(int)' into 'ap_int_base<36, true>::RType<($_0)32, true>::plus operator+<36, true>(ap_int_base<36, true> const&, int)' (C:/Xilinx/Vitis/2020.1/common/technology/autopilot\ap_int_base.h:1465:1006)
INFO: [HLS 214-131] Inlining function 'ap_int_base<36, true>::RType<32, true>::plus operator+<36, true, 32, true>(ap_int_base<36, true> const&, ap_int_base<32, true> const&)' into 'ap_int_base<36, true>::RType<($_0)32, true>::plus operator+<36, true>(ap_int_base<36, true> const&, int)' (C:/Xilinx/Vitis/2020.1/common/technology/autopilot\ap_int_base.h:1465:1004)
INFO: [HLS 214-131] Inlining function 'ap_int_base<1, false>::ap_int_base(int)' into 'ap_int_base<4, false>::operator++(int)' (C:/Xilinx/Vitis/2020.1/common/technology/autopilot\ap_int_base.h:734:16)
INFO: [HLS 214-131] Inlining function 'ap_uint<4>::ap_uint<4, false>(ap_int_base<4, false> const&)' into 'ap_int_base<4, false>::operator++(int)' (C:/Xilinx/Vitis/2020.1/common/technology/autopilot\ap_int_base.h:735:12)
INFO: [HLS 214-131] Inlining function 'ap_int_base<4, false>& ap_int_base<4, false>::operator+=<1, false>(ap_int_base<1, false> const&)' into 'ap_int_base<4, false>::operator++(int)' (C:/Xilinx/Vitis/2020.1/common/technology/autopilot\ap_int_base.h:734:5)
INFO: [HLS 214-131] Inlining function 'ap_int<8>::ap_int(int)' into 'pe(ap_int<8>*, hls::stream<ap_int<8>, 0>&, hls::stream<ap_int<8>, 0>*, hls::stream<ap_int<8>, 0>&)' (CONV_LAYER/buf2pe.cpp:13:46)
INFO: [HLS 214-131] Inlining function 'ap_int_base<4, false>::operator++(int)' into 'pe(ap_int<8>*, hls::stream<ap_int<8>, 0>&, hls::stream<ap_int<8>, 0>*, hls::stream<ap_int<8>, 0>&)' (CONV_LAYER/buf2pe.cpp:158:21)
INFO: [HLS 214-131] Inlining function 'ap_uint<4>::operator=(ap_uint<4> const&)' into 'pe(ap_int<8>*, hls::stream<ap_int<8>, 0>&, hls::stream<ap_int<8>, 0>*, hls::stream<ap_int<8>, 0>&)' (CONV_LAYER/buf2pe.cpp:156:37)
INFO: [HLS 214-131] Inlining function 'ap_uint<4>::ap_uint(int)' into 'pe(ap_int<8>*, hls::stream<ap_int<8>, 0>&, hls::stream<ap_int<8>, 0>*, hls::stream<ap_int<8>, 0>&)' (CONV_LAYER/buf2pe.cpp:156:39)
INFO: [HLS 214-131] Inlining function 'bool operator==<4, false>(ap_int_base<4, false> const&, int)' into 'pe(ap_int<8>*, hls::stream<ap_int<8>, 0>&, hls::stream<ap_int<8>, 0>*, hls::stream<ap_int<8>, 0>&)' (CONV_LAYER/buf2pe.cpp:155:37)
INFO: [HLS 214-131] Inlining function 'ap_int_base<4, false>::operator++(int)' into 'pe(ap_int<8>*, hls::stream<ap_int<8>, 0>&, hls::stream<ap_int<8>, 0>*, hls::stream<ap_int<8>, 0>&)' (CONV_LAYER/buf2pe.cpp:152:25)
INFO: [HLS 214-131] Inlining function 'ap_uint<4>::operator=(ap_uint<4> const&)' into 'pe(ap_int<8>*, hls::stream<ap_int<8>, 0>&, hls::stream<ap_int<8>, 0>*, hls::stream<ap_int<8>, 0>&)' (CONV_LAYER/buf2pe.cpp:150:43)
INFO: [HLS 214-131] Inlining function 'ap_uint<4>::ap_uint(int)' into 'pe(ap_int<8>*, hls::stream<ap_int<8>, 0>&, hls::stream<ap_int<8>, 0>*, hls::stream<ap_int<8>, 0>&)' (CONV_LAYER/buf2pe.cpp:150:45)
INFO: [HLS 214-131] Inlining function 'bool operator==<4, false>(ap_int_base<4, false> const&, int)' into 'pe(ap_int<8>*, hls::stream<ap_int<8>, 0>&, hls::stream<ap_int<8>, 0>*, hls::stream<ap_int<8>, 0>&)' (CONV_LAYER/buf2pe.cpp:149:43)
INFO: [HLS 214-131] Inlining function 'hls::stream<ap_int<8>, 0>::write(ap_int<8> const&)' into 'pe(ap_int<8>*, hls::stream<ap_int<8>, 0>&, hls::stream<ap_int<8>, 0>*, hls::stream<ap_int<8>, 0>&)' (CONV_LAYER/buf2pe.cpp:125:38)
INFO: [HLS 214-131] Inlining function 'ap_int_base<4, false>::operator++(int)' into 'pe(ap_int<8>*, hls::stream<ap_int<8>, 0>&, hls::stream<ap_int<8>, 0>*, hls::stream<ap_int<8>, 0>&)' (CONV_LAYER/buf2pe.cpp:45:62)
INFO: [HLS 214-131] Inlining function 'ap_int_base<4, false>::operator++(int)' into 'pe(ap_int<8>*, hls::stream<ap_int<8>, 0>&, hls::stream<ap_int<8>, 0>*, hls::stream<ap_int<8>, 0>&)' (CONV_LAYER/buf2pe.cpp:122:29)
INFO: [HLS 214-131] Inlining function 'ap_uint<4>::operator=(ap_uint<4> const&)' into 'pe(ap_int<8>*, hls::stream<ap_int<8>, 0>&, hls::stream<ap_int<8>, 0>*, hls::stream<ap_int<8>, 0>&)' (CONV_LAYER/buf2pe.cpp:120:45)
INFO: [HLS 214-131] Inlining function 'ap_uint<4>::ap_uint(int)' into 'pe(ap_int<8>*, hls::stream<ap_int<8>, 0>&, hls::stream<ap_int<8>, 0>*, hls::stream<ap_int<8>, 0>&)' (CONV_LAYER/buf2pe.cpp:120:47)
INFO: [HLS 214-131] Inlining function 'bool operator==<4, false>(ap_int_base<4, false> const&, int)' into 'pe(ap_int<8>*, hls::stream<ap_int<8>, 0>&, hls::stream<ap_int<8>, 0>*, hls::stream<ap_int<8>, 0>&)' (CONV_LAYER/buf2pe.cpp:119:45)
INFO: [HLS 214-131] Inlining function 'ap_int_base<4, false>::operator++(int)' into 'pe(ap_int<8>*, hls::stream<ap_int<8>, 0>&, hls::stream<ap_int<8>, 0>*, hls::stream<ap_int<8>, 0>&)' (CONV_LAYER/buf2pe.cpp:116:33)
INFO: [HLS 214-131] Inlining function 'ap_uint<4>::operator=(ap_uint<4> const&)' into 'pe(ap_int<8>*, hls::stream<ap_int<8>, 0>&, hls::stream<ap_int<8>, 0>*, hls::stream<ap_int<8>, 0>&)' (CONV_LAYER/buf2pe.cpp:114:51)
INFO: [HLS 214-131] Inlining function 'ap_uint<4>::ap_uint(int)' into 'pe(ap_int<8>*, hls::stream<ap_int<8>, 0>&, hls::stream<ap_int<8>, 0>*, hls::stream<ap_int<8>, 0>&)' (CONV_LAYER/buf2pe.cpp:114:53)
INFO: [HLS 214-131] Inlining function 'bool operator==<4, false>(ap_int_base<4, false> const&, int)' into 'pe(ap_int<8>*, hls::stream<ap_int<8>, 0>&, hls::stream<ap_int<8>, 0>*, hls::stream<ap_int<8>, 0>&)' (CONV_LAYER/buf2pe.cpp:113:51)
INFO: [HLS 214-131] Inlining function 'hls::stream<ap_int<8>, 0>::write(ap_int<8> const&)' into 'pe(ap_int<8>*, hls::stream<ap_int<8>, 0>&, hls::stream<ap_int<8>, 0>*, hls::stream<ap_int<8>, 0>&)' (CONV_LAYER/buf2pe.cpp:111:70)
INFO: [HLS 214-131] Inlining function 'ap_int_base<4, false>::operator unsigned long long() const' into 'pe(ap_int<8>*, hls::stream<ap_int<8>, 0>&, hls::stream<ap_int<8>, 0>*, hls::stream<ap_int<8>, 0>&)' (CONV_LAYER/buf2pe.cpp:111:99)
INFO: [HLS 214-131] Inlining function 'ap_int_base<37, true>::operator long long() const' into 'pe(ap_int<8>*, hls::stream<ap_int<8>, 0>&, hls::stream<ap_int<8>, 0>*, hls::stream<ap_int<8>, 0>&)' (CONV_LAYER/buf2pe.cpp:111:49)
INFO: [HLS 214-131] Inlining function 'ap_int_base<36, true>::RType<($_0)32, true>::plus operator+<36, true>(ap_int_base<36, true> const&, int)' into 'pe(ap_int<8>*, hls::stream<ap_int<8>, 0>&, hls::stream<ap_int<8>, 0>*, hls::stream<ap_int<8>, 0>&)' (CONV_LAYER/buf2pe.cpp:111:61)
INFO: [HLS 214-131] Inlining function 'ap_int_base<4, false>::RType<($_0)32, true>::mult operator*<4, false>(ap_int_base<4, false> const&, int)' into 'pe(ap_int<8>*, hls::stream<ap_int<8>, 0>&, hls::stream<ap_int<8>, 0>*, hls::stream<ap_int<8>, 0>&)' (CONV_LAYER/buf2pe.cpp:111:55)
INFO: [HLS 214-131] Inlining function 'hls::stream<ap_int<8>, 0>::write(ap_int<8> const&)' into 'pe(ap_int<8>*, hls::stream<ap_int<8>, 0>&, hls::stream<ap_int<8>, 0>*, hls::stream<ap_int<8>, 0>&)' (CONV_LAYER/buf2pe.cpp:108:63)
INFO: [HLS 214-131] Inlining function 'ap_int_base<4, false>::operator unsigned long long() const' into 'pe(ap_int<8>*, hls::stream<ap_int<8>, 0>&, hls::stream<ap_int<8>, 0>*, hls::stream<ap_int<8>, 0>&)' (CONV_LAYER/buf2pe.cpp:108:85)
INFO: [HLS 214-131] Inlining function 'ap_int_base<33, true>::operator long long() const' into 'pe(ap_int<8>*, hls::stream<ap_int<8>, 0>&, hls::stream<ap_int<8>, 0>*, hls::stream<ap_int<8>, 0>&)' (CONV_LAYER/buf2pe.cpp:108:45)
INFO: [HLS 214-131] Inlining function 'ap_int_base<4, false>::RType<($_0)32, true>::minus operator-<4, false>(ap_int_base<4, false> const&, int)' into 'pe(ap_int<8>*, hls::stream<ap_int<8>, 0>&, hls::stream<ap_int<8>, 0>*, hls::stream<ap_int<8>, 0>&)' (CONV_LAYER/buf2pe.cpp:108:51)
INFO: [HLS 214-131] Inlining function 'bool operator!=<4, false>(ap_int_base<4, false> const&, int)' into 'pe(ap_int<8>*, hls::stream<ap_int<8>, 0>&, hls::stream<ap_int<8>, 0>*, hls::stream<ap_int<8>, 0>&)' (CONV_LAYER/buf2pe.cpp:107:39)
INFO: [HLS 214-131] Inlining function 'ap_int<8>::operator=(ap_int<8> const&)' into 'pe(ap_int<8>*, hls::stream<ap_int<8>, 0>&, hls::stream<ap_int<8>, 0>*, hls::stream<ap_int<8>, 0>&)' (CONV_LAYER/buf2pe.cpp:88:63)
INFO: [HLS 214-131] Inlining function 'ap_int_base<4, false>::operator unsigned long long() const' into 'pe(ap_int<8>*, hls::stream<ap_int<8>, 0>&, hls::stream<ap_int<8>, 0>*, hls::stream<ap_int<8>, 0>&)' (CONV_LAYER/buf2pe.cpp:88:49)
INFO: [HLS 214-131] Inlining function 'hls::stream<ap_int<8>, 0>::read()' into 'pe(ap_int<8>*, hls::stream<ap_int<8>, 0>&, hls::stream<ap_int<8>, 0>*, hls::stream<ap_int<8>, 0>&)' (CONV_LAYER/buf2pe.cpp:88:91)
INFO: [HLS 214-131] Inlining function 'ap_int_base<4, false>::operator unsigned long long() const' into 'pe(ap_int<8>*, hls::stream<ap_int<8>, 0>&, hls::stream<ap_int<8>, 0>*, hls::stream<ap_int<8>, 0>&)' (CONV_LAYER/buf2pe.cpp:88:77)
INFO: [HLS 214-131] Inlining function 'ap_int<8>::operator=(ap_int<8> const&)' into 'pe(ap_int<8>*, hls::stream<ap_int<8>, 0>&, hls::stream<ap_int<8>, 0>*, hls::stream<ap_int<8>, 0>&)' (CONV_LAYER/buf2pe.cpp:84:63)
INFO: [HLS 214-131] Inlining function 'ap_int_base<4, false>::operator unsigned long long() const' into 'pe(ap_int<8>*, hls::stream<ap_int<8>, 0>&, hls::stream<ap_int<8>, 0>*, hls::stream<ap_int<8>, 0>&)' (CONV_LAYER/buf2pe.cpp:84:49)
INFO: [HLS 214-131] Inlining function 'ap_int_base<4, false>::operator unsigned long long() const' into 'pe(ap_int<8>*, hls::stream<ap_int<8>, 0>&, hls::stream<ap_int<8>, 0>*, hls::stream<ap_int<8>, 0>&)' (CONV_LAYER/buf2pe.cpp:84:81)
INFO: [HLS 214-131] Inlining function 'ap_int<8>::operator=(ap_int<8> const&)' into 'pe(ap_int<8>*, hls::stream<ap_int<8>, 0>&, hls::stream<ap_int<8>, 0>*, hls::stream<ap_int<8>, 0>&)' (CONV_LAYER/buf2pe.cpp:75:63)
INFO: [HLS 214-131] Inlining function 'ap_int_base<4, false>::operator unsigned long long() const' into 'pe(ap_int<8>*, hls::stream<ap_int<8>, 0>&, hls::stream<ap_int<8>, 0>*, hls::stream<ap_int<8>, 0>&)' (CONV_LAYER/buf2pe.cpp:75:49)
INFO: [HLS 214-131] Inlining function 'ap_int_base<8, false>::operator unsigned long long() const' into 'pe(ap_int<8>*, hls::stream<ap_int<8>, 0>&, hls::stream<ap_int<8>, 0>*, hls::stream<ap_int<8>, 0>&)' (CONV_LAYER/buf2pe.cpp:75:79)
INFO: [HLS 214-131] Inlining function 'ap_int<8>::operator=(ap_int<8> const&)' into 'pe(ap_int<8>*, hls::stream<ap_int<8>, 0>&, hls::stream<ap_int<8>, 0>*, hls::stream<ap_int<8>, 0>&)' (CONV_LAYER/buf2pe.cpp:72:63)
INFO: [HLS 214-131] Inlining function 'ap_int_base<4, false>::operator unsigned long long() const' into 'pe(ap_int<8>*, hls::stream<ap_int<8>, 0>&, hls::stream<ap_int<8>, 0>*, hls::stream<ap_int<8>, 0>&)' (CONV_LAYER/buf2pe.cpp:72:49)
INFO: [HLS 214-131] Inlining function 'ap_int<8>::ap_int(int)' into 'pe(ap_int<8>*, hls::stream<ap_int<8>, 0>&, hls::stream<ap_int<8>, 0>*, hls::stream<ap_int<8>, 0>&)' (CONV_LAYER/buf2pe.cpp:72:65)
INFO: [HLS 214-131] Inlining function 'bool operator!=<4, false>(ap_int_base<4, false> const&, int)' into 'pe(ap_int<8>*, hls::stream<ap_int<8>, 0>&, hls::stream<ap_int<8>, 0>*, hls::stream<ap_int<8>, 0>&)' (CONV_LAYER/buf2pe.cpp:69:49)
INFO: [HLS 214-131] Inlining function 'bool operator==<4, false>(ap_int_base<4, false> const&, int)' into 'pe(ap_int<8>*, hls::stream<ap_int<8>, 0>&, hls::stream<ap_int<8>, 0>*, hls::stream<ap_int<8>, 0>&)' (CONV_LAYER/buf2pe.cpp:68:87)
INFO: [HLS 214-131] Inlining function 'bool operator==<4, false>(ap_int_base<4, false> const&, int)' into 'pe(ap_int<8>*, hls::stream<ap_int<8>, 0>&, hls::stream<ap_int<8>, 0>*, hls::stream<ap_int<8>, 0>&)' (CONV_LAYER/buf2pe.cpp:67:133)
INFO: [HLS 214-131] Inlining function 'bool operator==<4, false>(ap_int_base<4, false> const&, int)' into 'pe(ap_int<8>*, hls::stream<ap_int<8>, 0>&, hls::stream<ap_int<8>, 0>*, hls::stream<ap_int<8>, 0>&)' (CONV_LAYER/buf2pe.cpp:66:85)
INFO: [HLS 214-131] Inlining function 'bool operator<<4, false>(ap_int_base<4, false> const&, int)' into 'pe(ap_int<8>*, hls::stream<ap_int<8>, 0>&, hls::stream<ap_int<8>, 0>*, hls::stream<ap_int<8>, 0>&)' (CONV_LAYER/buf2pe.cpp:62:85)
INFO: [HLS 214-131] Inlining function 'bool operator>=<4, false>(ap_int_base<4, false> const&, int)' into 'pe(ap_int<8>*, hls::stream<ap_int<8>, 0>&, hls::stream<ap_int<8>, 0>*, hls::stream<ap_int<8>, 0>&)' (CONV_LAYER/buf2pe.cpp:62:59)
INFO: [HLS 214-131] Inlining function 'bool operator<<4, false>(ap_int_base<4, false> const&, int)' into 'pe(ap_int<8>*, hls::stream<ap_int<8>, 0>&, hls::stream<ap_int<8>, 0>*, hls::stream<ap_int<8>, 0>&)' (CONV_LAYER/buf2pe.cpp:61:85)
INFO: [HLS 214-131] Inlining function 'bool operator>=<4, false>(ap_int_base<4, false> const&, int)' into 'pe(ap_int<8>*, hls::stream<ap_int<8>, 0>&, hls::stream<ap_int<8>, 0>*, hls::stream<ap_int<8>, 0>&)' (CONV_LAYER/buf2pe.cpp:61:59)
INFO: [HLS 214-131] Inlining function 'bool operator<<4, false>(ap_int_base<4, false> const&, int)' into 'pe(ap_int<8>*, hls::stream<ap_int<8>, 0>&, hls::stream<ap_int<8>, 0>*, hls::stream<ap_int<8>, 0>&)' (CONV_LAYER/buf2pe.cpp:60:81)
INFO: [HLS 214-131] Inlining function 'bool operator>=<4, false>(ap_int_base<4, false> const&, int)' into 'pe(ap_int<8>*, hls::stream<ap_int<8>, 0>&, hls::stream<ap_int<8>, 0>*, hls::stream<ap_int<8>, 0>&)' (CONV_LAYER/buf2pe.cpp:60:57)
INFO: [HLS 214-131] Inlining function 'ap_uint<8>::ap_uint<70>(ap_int<70> const&)' into 'pe(ap_int<8>*, hls::stream<ap_int<8>, 0>&, hls::stream<ap_int<8>, 0>*, hls::stream<ap_int<8>, 0>&)' (CONV_LAYER/buf2pe.cpp:56:62)
INFO: [HLS 214-131] Inlining function 'ap_int_base<69, true>::RType<4, false>::plus operator+<69, true, 4, false>(ap_int_base<69, true> const&, ap_int_base<4, false> const&)' into 'pe(ap_int<8>*, hls::stream<ap_int<8>, 0>&, hls::stream<ap_int<8>, 0>*, hls::stream<ap_int<8>, 0>&)' (CONV_LAYER/buf2pe.cpp:56:161)
INFO: [HLS 214-131] Inlining function 'ap_int_base<68, true>::RType<36, true>::plus operator+<68, true, 36, true>(ap_int_base<68, true> const&, ap_int_base<36, true> const&)' into 'pe(ap_int<8>*, hls::stream<ap_int<8>, 0>&, hls::stream<ap_int<8>, 0>*, hls::stream<ap_int<8>, 0>&)' (CONV_LAYER/buf2pe.cpp:56:120)
INFO: [HLS 214-131] Inlining function 'ap_int_base<4, false>::RType<($_0)32, true>::mult operator*<4, false>(ap_int_base<4, false> const&, int)' into 'pe(ap_int<8>*, hls::stream<ap_int<8>, 0>&, hls::stream<ap_int<8>, 0>*, hls::stream<ap_int<8>, 0>&)' (CONV_LAYER/buf2pe.cpp:56:140)
INFO: [HLS 214-131] Inlining function 'ap_int_base<36, true>::RType<($_0)32, true>::mult operator*<36, true>(ap_int_base<36, true> const&, int)' into 'pe(ap_int<8>*, hls::stream<ap_int<8>, 0>&, hls::stream<ap_int<8>, 0>*, hls::stream<ap_int<8>, 0>&)' (CONV_LAYER/buf2pe.cpp:56:99)
INFO: [HLS 214-131] Inlining function 'ap_int_base<4, false>::RType<($_0)32, true>::mult operator*<4, false>(ap_int_base<4, false> const&, int)' into 'pe(ap_int<8>*, hls::stream<ap_int<8>, 0>&, hls::stream<ap_int<8>, 0>*, hls::stream<ap_int<8>, 0>&)' (CONV_LAYER/buf2pe.cpp:56:78)
INFO: [HLS 214-131] Inlining function 'ap_uint<4>::ap_uint(int)' into 'pe(ap_int<8>*, hls::stream<ap_int<8>, 0>&, hls::stream<ap_int<8>, 0>*, hls::stream<ap_int<8>, 0>&)' (CONV_LAYER/buf2pe.cpp:54:61)
INFO: [HLS 214-131] Inlining function 'bool operator<<4, false>(ap_int_base<4, false> const&, int)' into 'pe(ap_int<8>*, hls::stream<ap_int<8>, 0>&, hls::stream<ap_int<8>, 0>*, hls::stream<ap_int<8>, 0>&)' (CONV_LAYER/buf2pe.cpp:45:55)
INFO: [HLS 214-131] Inlining function 'ap_uint<4>::ap_uint(int)' into 'pe(ap_int<8>*, hls::stream<ap_int<8>, 0>&, hls::stream<ap_int<8>, 0>*, hls::stream<ap_int<8>, 0>&)' (CONV_LAYER/buf2pe.cpp:45:46)
INFO: [HLS 214-131] Inlining function 'ap_int<8>::operator=(ap_int<8> const&)' into 'pe(ap_int<8>*, hls::stream<ap_int<8>, 0>&, hls::stream<ap_int<8>, 0>*, hls::stream<ap_int<8>, 0>&)' (CONV_LAYER/buf2pe.cpp:38:69)
INFO: [HLS 214-131] Inlining function 'hls::stream<ap_int<8>, 0>::read()' into 'pe(ap_int<8>*, hls::stream<ap_int<8>, 0>&, hls::stream<ap_int<8>, 0>*, hls::stream<ap_int<8>, 0>&)' (CONV_LAYER/buf2pe.cpp:38:85)
INFO: [HLS 214-131] Inlining function 'ap_uint<4>::ap_uint(int)' into 'pe(ap_int<8>*, hls::stream<ap_int<8>, 0>&, hls::stream<ap_int<8>, 0>*, hls::stream<ap_int<8>, 0>&)' (CONV_LAYER/buf2pe.cpp:33:49)
INFO: [HLS 214-131] Inlining function 'ap_uint<4>::ap_uint(int)' into 'pe(ap_int<8>*, hls::stream<ap_int<8>, 0>&, hls::stream<ap_int<8>, 0>*, hls::stream<ap_int<8>, 0>&)' (CONV_LAYER/buf2pe.cpp:29:43)
INFO: [HLS 214-131] Inlining function 'hls::stream<ap_int<8>, 0>::stream()' into 'pe(ap_int<8>*, hls::stream<ap_int<8>, 0>&, hls::stream<ap_int<8>, 0>*, hls::stream<ap_int<8>, 0>&)' (CONV_LAYER/buf2pe.cpp:18:26)
WARNING: [HLS 214-182] Conflict with INTERFACE pragma: array_partition pragma on TOP function argument, in 'call' (CONV_LAYER/buf2pe.cpp:11:44)
WARNING: [HLS 214-183] Unsupport array of struct: array_partition pragma on TOP function argument, in 'call' (CONV_LAYER/buf2pe.cpp:11:44)
WARNING: [HLS 214-183] Unsupport array of struct: array_partition pragma on TOP function argument, in 'call' (CONV_LAYER/buf2pe.cpp:12:9)
INFO: [HLS 200-111] Finished Linking Time (s): cpu = 00:00:09 ; elapsed = 00:00:19 . Memory (MB): peak = 1031.809 ; gain = 912.980
INFO: [HLS 200-111] Finished Checking Pragmas Time (s): cpu = 00:00:09 ; elapsed = 00:00:19 . Memory (MB): peak = 1031.809 ; gain = 912.980
INFO: [HLS 200-10] Starting code transformations ...
INFO: [HLS 200-111] Finished Standard Transforms Time (s): cpu = 00:00:09 ; elapsed = 00:00:20 . Memory (MB): peak = 1031.809 ; gain = 912.980
INFO: [HLS 200-10] Checking synthesizability ...
INFO: [HLS 200-111] Finished Checking Synthesizability Time (s): cpu = 00:00:09 ; elapsed = 00:00:20 . Memory (MB): peak = 1031.809 ; gain = 912.980
INFO: [XFORM 203-502] Unrolling all sub-loops inside loop 'VITIS_LOOP_30_2' (CONV_LAYER/buf2pe.cpp:30) in function 'pe' for pipelining.
INFO: [HLS 200-489] Unrolling loop 'VITIS_LOOP_34_3' (CONV_LAYER/buf2pe.cpp:34) in function 'pe' completely with a factor of 3.
INFO: [HLS 200-489] Unrolling loop 'CONCURRENT' (CONV_LAYER/buf2pe.cpp:47) in function 'pe' completely with a factor of 3.
INFO: [HLS 200-489] Unrolling loop 'VITIS_LOOP_47_4' in function 'pe' completely with a factor of 4.
INFO: [XFORM 203-102] Automatically partitioning streamed array 'inner_fifos.V.V' (CONV_LAYER/buf2pe.cpp:18) .
INFO: [XFORM 203-102] Automatically partitioning streamed array 'pe_input_stream.V' (CONV_LAYER/buf2pe.cpp:10) .
INFO: [XFORM 203-101] Partitioning array 'input_registers.V' (CONV_LAYER/buf2pe.cpp:13) in dimension 1 completely.
INFO: [XFORM 203-101] Partitioning array 'inner_fifos.V.V' (CONV_LAYER/buf2pe.cpp:18) in dimension 1 completely.
INFO: [XFORM 203-101] Partitioning array 'pe_input_stream.V' (CONV_LAYER/buf2pe.cpp:10) in dimension 1 completely.
INFO: [XFORM 203-101] Partitioning array 'input_registers.V' (CONV_LAYER/buf2pe.cpp:13) in dimension 2 completely.
INFO: [XFORM 203-101] Partitioning array 'inner_fifos.V.V' (CONV_LAYER/buf2pe.cpp:18) in dimension 2 completely.
INFO: [XFORM 203-401] Performing if-conversion on hyperblock to (CONV_LAYER/buf2pe.cpp:71:33) in function 'pe'... converting 3 basic blocks.
INFO: [XFORM 203-401] Performing if-conversion on hyperblock from (C:/Xilinx/Vitis/2020.1/common/technology/autopilot/hls_stream_39.h:167:9) to (CONV_LAYER/buf2pe.cpp:107:44) in function 'pe'... converting 3 basic blocks.
INFO: [XFORM 203-401] Performing if-conversion on hyperblock to (CONV_LAYER/buf2pe.cpp:83:11) in function 'pe'... converting 3 basic blocks.
INFO: [XFORM 203-401] Performing if-conversion on hyperblock from (C:/Xilinx/Vitis/2020.1/common/technology/autopilot/hls_stream_39.h:167:9) to (CONV_LAYER/buf2pe.cpp:107:44) in function 'pe'... converting 3 basic blocks.
INFO: [HLS 200-111] Finished Pre-synthesis Time (s): cpu = 00:00:10 ; elapsed = 00:00:21 . Memory (MB): peak = 1031.809 ; gain = 912.980
INFO: [XFORM 203-541] Flattening a loop nest 'VITIS_LOOP_27_1' (CONV_LAYER/buf2pe.cpp:27:35) in function 'pe'.
INFO: [XFORM 203-541] Flattening a loop nest 'LOOP_3' (CONV_LAYER/buf2pe.cpp:25:14) in function 'pe'.
INFO: [HLS 200-472] Inferring partial write operation for 'weight_registers.V' 
INFO: [HLS 200-111] Finished Architecture Synthesis Time (s): cpu = 00:00:11 ; elapsed = 00:00:22 . Memory (MB): peak = 1031.809 ; gain = 912.980
INFO: [HLS 200-10] Starting hardware synthesis ...
INFO: [HLS 200-10] Synthesizing 'pe' ...
INFO: [HLS 200-10] ----------------------------------------------------------------
INFO: [HLS 200-42] -- Implementing module 'pe' 
INFO: [HLS 200-10] ----------------------------------------------------------------
INFO: [SCHED 204-11] Starting scheduling ...
INFO: [SCHED 204-61] Pipelining loop 'LOOP_3_VITIS_LOOP_27_1_VITIS_LOOP_30_2'.
WARNING: [HLS 200-880] The II Violation in module 'pe' (Loop: LOOP_3_VITIS_LOOP_27_1_VITIS_LOOP_30_2): Unable to enforce a carried dependence constraint (II = 1, distance = 1, offset = 1) between fifo read on port 'weight_stream_V' (C:/Xilinx/Vitis/2020.1/common/technology/autopilot/hls_stream_39.h:145) and fifo read on port 'weight_stream_V' (C:/Xilinx/Vitis/2020.1/common/technology/autopilot/hls_stream_39.h:145).
WARNING: [HLS 200-880] The II Violation in module 'pe' (Loop: LOOP_3_VITIS_LOOP_27_1_VITIS_LOOP_30_2): Unable to enforce a carried dependence constraint (II = 2, distance = 1, offset = 1) between fifo read on port 'weight_stream_V' (C:/Xilinx/Vitis/2020.1/common/technology/autopilot/hls_stream_39.h:145) and fifo read on port 'weight_stream_V' (C:/Xilinx/Vitis/2020.1/common/technology/autopilot/hls_stream_39.h:145).
WARNING: [HLS 200-885] Unable to schedule 'load' operation ('input_registers[0][3].V') on array 'input_buffers' due to limited memory ports. Please consider using a memory core with more ports or partitioning the array 'input_buffers'.
INFO: [HLS 200-1470] Pipelining result : Target II = 1, Final II = 6, Depth = 7.
WARNING: [HLS 200-871] Estimated clock period (3.8675ns) exceeds the target (target clock period: 3ns, clock uncertainty: 0.81ns, effective delay budget: 2.19ns).
WARNING: [HLS 200-1016] The critical path in module 'pe' consists of the following:	'phi' operation ('indvar_flatten', CONV_LAYER/buf2pe.cpp:27) with incoming values : ('select_ln27_4', CONV_LAYER/buf2pe.cpp:27) [66]  (0 ns)
	'icmp' operation ('icmp_ln27', CONV_LAYER/buf2pe.cpp:27) [79]  (0.656 ns)
	'xor' operation ('xor_ln25', CONV_LAYER/buf2pe.cpp:25) [85]  (0 ns)
	'and' operation ('and_ln25', CONV_LAYER/buf2pe.cpp:25) [87]  (0.122 ns)
	'or' operation ('or_ln27', CONV_LAYER/buf2pe.cpp:27) [91]  (0.122 ns)
	'select' operation ('select_ln27_1', CONV_LAYER/buf2pe.cpp:27) [93]  (0.351 ns)
	'sub' operation ('sub_ln216') [123]  (0.707 ns)
	'add' operation ('add_ln216_2') [150]  (0.707 ns)
	'sub' operation ('sub_ln216_2') [154]  (0 ns)
	'add' operation ('add_ln216_3') [155]  (0.608 ns)
	'getelementptr' operation ('input_buffers_addr_1') [162]  (0 ns)
	'load' operation ('input_buffers_load_1') on array 'input_buffers' [163]  (0.594 ns)

INFO: [SCHED 204-11] Finished scheduling.
INFO: [HLS 200-111]  Elapsed time: 22.562 seconds; current allocated memory: 214.544 MB.
INFO: [BIND 205-100] Starting micro-architecture generation ...
INFO: [BIND 205-101] Performing variable lifetime analysis.
INFO: [BIND 205-101] Exploring resource sharing.
INFO: [BIND 205-101] Binding ...
INFO: [BIND 205-100] Finished micro-architecture generation.
INFO: [HLS 200-111]  Elapsed time: 0.349 seconds; current allocated memory: 215.849 MB.
INFO: [HLS 200-10] ----------------------------------------------------------------
INFO: [HLS 200-10] -- Generating RTL for module 'pe' 
INFO: [HLS 200-10] ----------------------------------------------------------------
INFO: [RTGEN 206-500] Setting interface mode on port 'pe/input_buffers' to 'bram'.
INFO: [RTGEN 206-500] Setting interface mode on port 'pe/weight_stream_V' to 'ap_fifo'.
INFO: [RTGEN 206-500] Setting interface mode on port 'pe/pe_input_stream_V_0' to 'ap_fifo'.
INFO: [RTGEN 206-500] Setting interface mode on port 'pe/pe_input_stream_V_1' to 'ap_fifo'.
INFO: [RTGEN 206-500] Setting interface mode on port 'pe/pe_input_stream_V_2' to 'ap_fifo'.
INFO: [RTGEN 206-500] Setting interface mode on port 'pe/pe_input_stream_V_3' to 'ap_fifo'.
INFO: [RTGEN 206-500] Setting interface mode on port 'pe/pe_input_stream_V_4' to 'ap_fifo'.
INFO: [RTGEN 206-500] Setting interface mode on port 'pe/pe_input_stream_V_5' to 'ap_fifo'.
INFO: [RTGEN 206-500] Setting interface mode on port 'pe/pe_input_stream_V_6' to 'ap_fifo'.
INFO: [RTGEN 206-500] Setting interface mode on port 'pe/pe_input_stream_V_7' to 'ap_fifo'.
INFO: [RTGEN 206-500] Setting interface mode on port 'pe/pe_input_stream_V_8' to 'ap_fifo'.
INFO: [RTGEN 206-500] Setting interface mode on port 'pe/pe_weight_stream_V' to 'ap_fifo'.
INFO: [RTGEN 206-500] Setting interface mode on function 'pe' to 'ap_ctrl_hs'.
WARNING: [RTGEN 206-101] Setting dangling out port 'pe/input_buffers_WEN_A' to 0.
WARNING: [RTGEN 206-101] Setting dangling out port 'pe/input_buffers_Din_A' to 0.
WARNING: [RTGEN 206-101] Setting dangling out port 'pe/input_buffers_WEN_B' to 0.
WARNING: [RTGEN 206-101] Setting dangling out port 'pe/input_buffers_Din_B' to 0.
INFO: [RTGEN 206-100] Generating core module 'mul_5ns_3ns_7_1_1': 1 instance(s).
INFO: [RTGEN 206-100] Finished creating RTL model for 'pe'.
INFO: [HLS 200-111]  Elapsed time: 0.611 seconds; current allocated memory: 218.290 MB.
INFO: [RTMG 210-282] Generating pipelined core: 'pe_mul_5ns_3ns_7_1_1_Multiplier_0'
INFO: [RTMG 210-278] Implementing memory 'pe_weight_registers_V_ram (RAM)' using block RAMs.
INFO: [RTMG 210-285] Implementing FIFO 'inner_fifos_0_0_V_V_U(pe_fifo_w8_d6_S)' using Shift Registers.
INFO: [RTMG 210-285] Implementing FIFO 'inner_fifos_0_1_V_V_U(pe_fifo_w8_d6_S)' using Shift Registers.
INFO: [RTMG 210-285] Implementing FIFO 'inner_fifos_0_2_V_V_U(pe_fifo_w8_d6_S)' using Shift Registers.
INFO: [RTMG 210-285] Implementing FIFO 'inner_fifos_1_0_V_V_U(pe_fifo_w8_d6_S)' using Shift Registers.
INFO: [RTMG 210-285] Implementing FIFO 'inner_fifos_1_1_V_V_U(pe_fifo_w8_d6_S)' using Shift Registers.
INFO: [RTMG 210-285] Implementing FIFO 'inner_fifos_1_2_V_V_U(pe_fifo_w8_d6_S)' using Shift Registers.
INFO: [HLS 200-111] Finished generating all RTL models Time (s): cpu = 00:00:14 ; elapsed = 00:00:26 . Memory (MB): peak = 1031.809 ; gain = 912.980
INFO: [VHDL 208-304] Generating VHDL RTL for pe.
INFO: [VLOG 209-307] Generating Verilog RTL for pe.
INFO: [HLS 200-790] **** Loop Constraint Status: All loop constraints were NOT satisfied.
INFO: [HLS 200-789] **** Estimated Fmax: 258.56 MHz
INFO: [HLS 200-112] Total elapsed time: 26.443 seconds; peak allocated memory: 218.290 MB.
