INFO: [SIM 2] *************** CSIM start ***************
INFO: [SIM 4] CSIM will launch GCC as the compiler.
   Compiling ../../../buf2pe_indexing.cpp in debug mode
   Generating csim.exe
Hello?
-1 0 0 0  || -1 11 12 13  || -1 21 22 23  || 
0 0 0 0  || 11 12 13 14  || 21 22 23 24  || 
0 0 0 0  || 12 13 14 15  || 22 23 24 25  || 
-1 11 12 0  || -1 21 22 15  || -1 31 32 33  || 
11 12 13 0  || 21 22 23 15  || 31 32 33 34  || 
12 13 14 0  || 22 23 24 15  || 32 33 34 35  || 
-1 21 22 0  || -1 31 32 15  || -1 41 42 43  || 
21 22 23 0  || 31 32 33 15  || 41 42 43 44  || 
22 23 24 0  || 32 33 34 15  || 42 43 44 45  || 
--------------------------------
0 0 0 0  || 13 11 12 13  || 23 21 22 23  || 
0 0 0 0  || 11 12 13 14  || 21 22 23 24  || 
0 0 0 -1  || 12 13 14 -1  || 22 23 24 -1  || 
13 11 12 -1  || 23 21 22 -1  || 33 31 32 33  || 
11 12 13 -1  || 21 22 23 -1  || 31 32 33 34  || 
12 13 14 -1  || 22 23 24 -1  || 32 33 34 -1  || 
23 21 22 -1  || 33 31 32 -1  || 43 41 42 43  || 
21 22 23 -1  || 31 32 33 -1  || 41 42 43 44  || 
22 23 24 -1  || 32 33 34 -1  || 42 43 44 -1  || 
--------------------------------
-1 0 0 0  || -1 11 12 13  || -1 21 22 23  || 
0 0 0 0  || 11 12 13 14  || 21 22 23 24  || 
0 0 0 0  || 12 13 14 15  || 22 23 24 25  || 
-1 11 12 0  || -1 21 22 15  || -1 31 32 33  || 
11 12 13 0  || 21 22 23 15  || 31 32 33 34  || 
12 13 14 0  || 22 23 24 15  || 32 33 34 35  || 
-1 21 22 0  || -1 31 32 15  || -1 41 42 43  || 
21 22 23 0  || 31 32 33 15  || 41 42 43 44  || 
22 23 24 0  || 32 33 34 15  || 42 43 44 45  || 
--------------------------------
0 0 0 0  || 13 11 12 13  || 23 21 22 23  || 
0 0 0 0  || 11 12 13 14  || 21 22 23 24  || 
0 0 0 -1  || 12 13 14 -1  || 22 23 24 -1  || 
13 11 12 -1  || 23 21 22 -1  || 33 31 32 33  || 
11 12 13 -1  || 21 22 23 -1  || 31 32 33 34  || 
12 13 14 -1  || 22 23 24 -1  || 32 33 34 -1  || 
23 21 22 -1  || 33 31 32 -1  || 43 41 42 43  || 
21 22 23 -1  || 31 32 33 -1  || 41 42 43 44  || 
22 23 24 -1  || 32 33 34 -1  || 42 43 44 -1  || 
--------------------------------
WARNING: Hls::stream 'hls::stream<ap_int<8>, 0>.11' contains leftover data, which may result in RTL simulation hanging.
WARNING: Hls::stream 'hls::stream<ap_int<8>, 0>.10' contains leftover data, which may result in RTL simulation hanging.
WARNING: Hls::stream 'hls::stream<ap_int<8>, 0>.9' contains leftover data, which may result in RTL simulation hanging.
WARNING: Hls::stream 'hls::stream<ap_int<8>, 0>.8' contains leftover data, which may result in RTL simulation hanging.
WARNING: Hls::stream 'hls::stream<ap_int<8>, 0>.7' contains leftover data, which may result in RTL simulation hanging.
WARNING: Hls::stream 'hls::stream<ap_int<8>, 0>.6' contains leftover data, which may result in RTL simulation hanging.
WARNING: Hls::stream 'hls::stream<ap_int<8>, 0>.5' contains leftover data, which may result in RTL simulation hanging.
WARNING: Hls::stream 'hls::stream<ap_int<8>, 0>.4' contains leftover data, which may result in RTL simulation hanging.
WARNING: Hls::stream 'hls::stream<ap_int<8>, 0>.3' contains leftover data, which may result in RTL simulation hanging.
WARNING: Hls::stream 'hls::stream<ap_int<8>, 0>.2' contains leftover data, which may result in RTL simulation hanging.
INFO: [SIM 1] CSim done with 0 errors.
INFO: [SIM 3] *************** CSIM finish ***************
