INFO: [SIM 2] *************** CSIM start ***************
INFO: [SIM 4] CSIM will launch GCC as the compiler.
   Compiling ../../../test_buf2pe.cpp in debug mode
   Compiling ../../../buf2pe.cpp in debug mode
   Generating csim.exe
Hello?
decalration done
0 0 0 0  || 0 11 12 13  || 0 21 22 23  || 
0 0 0 0  || 11 12 13 14  || 21 22 23 24  || 
0 0 0 0  || 12 13 14 14  || 22 23 24 24  || 
0 11 12 0  || 0 21 22 14  || 0 31 32 33  || 
11 12 13 0  || 21 22 23 14  || 31 32 33 34  || 
12 13 14 0  || 22 23 24 14  || 32 33 34 34  || 
0 21 22 0  || 0 31 32 14  || 0 41 42 43  || 
21 22 23 0  || 31 32 33 14  || 41 42 43 44  || 
22 23 24 0  || 32 33 34 14  || 42 43 44 44  || 
WARNING: Hls::stream 'hls::stream<ap_int<8>, 0>.11' contains leftover data, which may result in RTL simulation hanging.
WARNING: Hls::stream 'hls::stream<ap_int<8>, 0>.10' contains leftover data, which may result in RTL simulation hanging.
WARNING: Hls::stream 'hls::stream<ap_int<8>, 0>.9' contains leftover data, which may result in RTL simulation hanging.
WARNING: Hls::stream 'hls::stream<ap_int<8>, 0>.8' contains leftover data, which may result in RTL simulation hanging.
WARNING: Hls::stream 'hls::stream<ap_int<8>, 0>.7' contains leftover data, which may result in RTL simulation hanging.
WARNING: Hls::stream 'hls::stream<ap_int<8>, 0>.6' contains leftover data, which may result in RTL simulation hanging.
WARNING: Hls::stream 'hls::stream<ap_int<8>, 0>.5' contains leftover data, which may result in RTL simulation hanging.
WARNING: Hls::stream 'hls::stream<ap_int<8>, 0>.4' contains leftover data, which may result in RTL simulation hanging.
WARNING: Hls::stream 'hls::stream<ap_int<8>, 0>.3' contains leftover data, which may result in RTL simulation hanging.
WARNING: Hls::stream 'hls::stream<ap_int<8>, 0>.2' contains leftover data, which may result in RTL simulation hanging.
INFO: [SIM 1] CSim done with 0 errors.
INFO: [SIM 3] *************** CSIM finish ***************
