

================================================================
== Vitis HLS Report for 'stream2buf'
================================================================
* Date:           Thu Oct 15 23:47:00 2020

* Version:        2020.1 (Build 2902540 on Wed May 27 20:16:15 MDT 2020)
* Project:        PING_PONG
* Solution:       original (Vivado IP Flow Target)
* Product family: zynquplus
* Target device:  xczu7ev-ffvc1156-2-e


================================================================
== Performance Estimates
================================================================
+ Timing: 
    * Summary: 
    +--------+----------+----------+------------+
    |  Clock |  Target  | Estimated| Uncertainty|
    +--------+----------+----------+------------+
    |ap_clk  | 10.00 ns | 2.313 ns |   2.70 ns  |
    +--------+----------+----------+------------+

+ Latency: 
    * Summary: 
    +---------+---------+-----------+----------+-----+-----+---------+
    |  Latency (cycles) |  Latency (absolute)  |  Interval | Pipeline|
    |   min   |   max   |    min    |    max   | min | max |   Type  |
    +---------+---------+-----------+----------+-----+-----+---------+
    |        1|       12| 10.000 ns | 0.120 us |    1|   12|   none  |
    +---------+---------+-----------+----------+-----+-----+---------+

    + Detail: 
        * Instance: 
        N/A

        * Loop: 
        +-------------+---------+---------+----------+-----------+-----------+------+----------+
        |             |  Latency (cycles) | Iteration|  Initiation Interval  | Trip |          |
        |  Loop Name  |   min   |   max   |  Latency |  achieved |   target  | Count| Pipelined|
        +-------------+---------+---------+----------+-----------+-----------+------+----------+
        |- LOOP_READ  |       10|       10|         2|          1|          1|    10|    yes   |
        +-------------+---------+---------+----------+-----------+-----------+------+----------+



================================================================
== Utilization Estimates
================================================================
* Summary: 
+-----------------+---------+------+--------+--------+-----+
|       Name      | BRAM_18K|  DSP |   FF   |   LUT  | URAM|
+-----------------+---------+------+--------+--------+-----+
|DSP              |        -|     -|       -|       -|    -|
|Expression       |        -|     -|       0|      23|    -|
|FIFO             |        -|     -|       -|       -|    -|
|Instance         |        -|     -|       -|       -|    -|
|Memory           |        -|     -|       -|       -|    -|
|Multiplexer      |        -|     -|       -|     144|    -|
|Register         |        -|     -|      16|       -|    -|
+-----------------+---------+------+--------+--------+-----+
|Total            |        0|     0|      16|     167|    0|
+-----------------+---------+------+--------+--------+-----+
|Available        |      624|  1728|  460800|  230400|   96|
+-----------------+---------+------+--------+--------+-----+
|Utilization (%)  |        0|     0|   ~0   |   ~0   |    0|
+-----------------+---------+------+--------+--------+-----+

+ Detail: 
    * Instance: 
    N/A

    * DSP: 
    N/A

    * Memory: 
    N/A

    * FIFO: 
    N/A

    * Expression: 
    +----------------------------------+----------+----+---+----+------------+------------+
    |           Variable Name          | Operation| DSP| FF| LUT| Bitwidth P0| Bitwidth P1|
    +----------------------------------+----------+----+---+----+------------+------------+
    |add_ln29_fu_308_p2                |     +    |   0|  0|  15|           5|           2|
    |ap_block_pp0_stage0_11001         |    and   |   0|  0|   2|           1|           1|
    |ap_block_state3_pp0_stage0_iter1  |    or    |   0|  0|   2|           1|           1|
    |ap_enable_pp0                     |    xor   |   0|  0|   2|           1|           2|
    |ap_enable_reg_pp0_iter1           |    xor   |   0|  0|   2|           2|           1|
    +----------------------------------+----------+----+---+----+------------+------------+
    |Total                             |          |   0|  0|  23|          10|           7|
    +----------------------------------+----------+----+---+----+------------+------------+

    * Multiplexer: 
    +----------------------------+----+-----------+-----+-----------+
    |            Name            | LUT| Input Size| Bits| Total Bits|
    +----------------------------+----+-----------+-----+-----------+
    |ap_NS_fsm                   |  21|          4|    1|          4|
    |ap_enable_reg_pp0_iter1     |  15|          3|    1|          3|
    |ap_phi_mux_i_phi_fu_292_p4  |   9|          2|    5|         10|
    |i_reg_288                   |   9|          2|    5|         10|
    |src_1_V_blk_n               |   9|          2|    1|          2|
    |src_2_V_blk_n               |   9|          2|    1|          2|
    |src_3_V_blk_n               |   9|          2|    1|          2|
    |src_4_V_blk_n               |   9|          2|    1|          2|
    |src_5_V_blk_n               |   9|          2|    1|          2|
    |src_6_V_blk_n               |   9|          2|    1|          2|
    |src_7_V_blk_n               |   9|          2|    1|          2|
    |src_8_V_blk_n               |   9|          2|    1|          2|
    |src_9_V_blk_n               |   9|          2|    1|          2|
    |src_V_blk_n                 |   9|          2|    1|          2|
    +----------------------------+----+-----------+-----+-----------+
    |Total                       | 144|         31|   22|         47|
    +----------------------------+----+-----------+-----+-----------+

    * Register: 
    +-------------------------+---+----+-----+-----------+
    |           Name          | FF| LUT| Bits| Const Bits|
    +-------------------------+---+----+-----+-----------+
    |add_ln29_reg_336         |  5|   0|    5|          0|
    |ap_CS_fsm                |  3|   0|    3|          0|
    |ap_enable_reg_pp0_iter0  |  1|   0|    1|          0|
    |ap_enable_reg_pp0_iter1  |  1|   0|    1|          0|
    |i_reg_288                |  5|   0|    5|          0|
    |tmp_reg_332              |  1|   0|    1|          0|
    +-------------------------+---+----+-----+-----------+
    |Total                    | 16|   0|   16|          0|
    +-------------------------+---+----+-----+-----------+



================================================================
== Interface
================================================================
* Summary: 
+-------------------+-----+-----+------------+--------------+--------------+
|     RTL Ports     | Dir | Bits|  Protocol  | Source Object|    C Type    |
+-------------------+-----+-----+------------+--------------+--------------+
|ap_clk             |  in |    1| ap_ctrl_hs |  stream2buf  | return value |
|ap_rst             |  in |    1| ap_ctrl_hs |  stream2buf  | return value |
|ap_start           |  in |    1| ap_ctrl_hs |  stream2buf  | return value |
|ap_done            | out |    1| ap_ctrl_hs |  stream2buf  | return value |
|ap_idle            | out |    1| ap_ctrl_hs |  stream2buf  | return value |
|ap_ready           | out |    1| ap_ctrl_hs |  stream2buf  | return value |
|src_V_dout         |  in |   32|   ap_fifo  |     src_V    |    pointer   |
|src_V_empty_n      |  in |    1|   ap_fifo  |     src_V    |    pointer   |
|src_V_read         | out |    1|   ap_fifo  |     src_V    |    pointer   |
|src_1_V_dout       |  in |   32|   ap_fifo  |    src_1_V   |    pointer   |
|src_1_V_empty_n    |  in |    1|   ap_fifo  |    src_1_V   |    pointer   |
|src_1_V_read       | out |    1|   ap_fifo  |    src_1_V   |    pointer   |
|src_2_V_dout       |  in |   32|   ap_fifo  |    src_2_V   |    pointer   |
|src_2_V_empty_n    |  in |    1|   ap_fifo  |    src_2_V   |    pointer   |
|src_2_V_read       | out |    1|   ap_fifo  |    src_2_V   |    pointer   |
|src_3_V_dout       |  in |   32|   ap_fifo  |    src_3_V   |    pointer   |
|src_3_V_empty_n    |  in |    1|   ap_fifo  |    src_3_V   |    pointer   |
|src_3_V_read       | out |    1|   ap_fifo  |    src_3_V   |    pointer   |
|src_4_V_dout       |  in |   32|   ap_fifo  |    src_4_V   |    pointer   |
|src_4_V_empty_n    |  in |    1|   ap_fifo  |    src_4_V   |    pointer   |
|src_4_V_read       | out |    1|   ap_fifo  |    src_4_V   |    pointer   |
|src_5_V_dout       |  in |   32|   ap_fifo  |    src_5_V   |    pointer   |
|src_5_V_empty_n    |  in |    1|   ap_fifo  |    src_5_V   |    pointer   |
|src_5_V_read       | out |    1|   ap_fifo  |    src_5_V   |    pointer   |
|src_6_V_dout       |  in |   32|   ap_fifo  |    src_6_V   |    pointer   |
|src_6_V_empty_n    |  in |    1|   ap_fifo  |    src_6_V   |    pointer   |
|src_6_V_read       | out |    1|   ap_fifo  |    src_6_V   |    pointer   |
|src_7_V_dout       |  in |   32|   ap_fifo  |    src_7_V   |    pointer   |
|src_7_V_empty_n    |  in |    1|   ap_fifo  |    src_7_V   |    pointer   |
|src_7_V_read       | out |    1|   ap_fifo  |    src_7_V   |    pointer   |
|src_8_V_dout       |  in |   32|   ap_fifo  |    src_8_V   |    pointer   |
|src_8_V_empty_n    |  in |    1|   ap_fifo  |    src_8_V   |    pointer   |
|src_8_V_read       | out |    1|   ap_fifo  |    src_8_V   |    pointer   |
|src_9_V_dout       |  in |   32|   ap_fifo  |    src_9_V   |    pointer   |
|src_9_V_empty_n    |  in |    1|   ap_fifo  |    src_9_V   |    pointer   |
|src_9_V_read       | out |    1|   ap_fifo  |    src_9_V   |    pointer   |
|buffer_0_address0  | out |    4|  ap_memory |   buffer_0   |     array    |
|buffer_0_ce0       | out |    1|  ap_memory |   buffer_0   |     array    |
|buffer_0_we0       | out |    1|  ap_memory |   buffer_0   |     array    |
|buffer_0_d0        | out |   32|  ap_memory |   buffer_0   |     array    |
|buffer_1_address0  | out |    4|  ap_memory |   buffer_1   |     array    |
|buffer_1_ce0       | out |    1|  ap_memory |   buffer_1   |     array    |
|buffer_1_we0       | out |    1|  ap_memory |   buffer_1   |     array    |
|buffer_1_d0        | out |   32|  ap_memory |   buffer_1   |     array    |
|buffer_2_address0  | out |    4|  ap_memory |   buffer_2   |     array    |
|buffer_2_ce0       | out |    1|  ap_memory |   buffer_2   |     array    |
|buffer_2_we0       | out |    1|  ap_memory |   buffer_2   |     array    |
|buffer_2_d0        | out |   32|  ap_memory |   buffer_2   |     array    |
|buffer_3_address0  | out |    4|  ap_memory |   buffer_3   |     array    |
|buffer_3_ce0       | out |    1|  ap_memory |   buffer_3   |     array    |
|buffer_3_we0       | out |    1|  ap_memory |   buffer_3   |     array    |
|buffer_3_d0        | out |   32|  ap_memory |   buffer_3   |     array    |
|buffer_4_address0  | out |    4|  ap_memory |   buffer_4   |     array    |
|buffer_4_ce0       | out |    1|  ap_memory |   buffer_4   |     array    |
|buffer_4_we0       | out |    1|  ap_memory |   buffer_4   |     array    |
|buffer_4_d0        | out |   32|  ap_memory |   buffer_4   |     array    |
|buffer_5_address0  | out |    4|  ap_memory |   buffer_5   |     array    |
|buffer_5_ce0       | out |    1|  ap_memory |   buffer_5   |     array    |
|buffer_5_we0       | out |    1|  ap_memory |   buffer_5   |     array    |
|buffer_5_d0        | out |   32|  ap_memory |   buffer_5   |     array    |
|buffer_6_address0  | out |    4|  ap_memory |   buffer_6   |     array    |
|buffer_6_ce0       | out |    1|  ap_memory |   buffer_6   |     array    |
|buffer_6_we0       | out |    1|  ap_memory |   buffer_6   |     array    |
|buffer_6_d0        | out |   32|  ap_memory |   buffer_6   |     array    |
|buffer_7_address0  | out |    4|  ap_memory |   buffer_7   |     array    |
|buffer_7_ce0       | out |    1|  ap_memory |   buffer_7   |     array    |
|buffer_7_we0       | out |    1|  ap_memory |   buffer_7   |     array    |
|buffer_7_d0        | out |   32|  ap_memory |   buffer_7   |     array    |
|buffer_8_address0  | out |    4|  ap_memory |   buffer_8   |     array    |
|buffer_8_ce0       | out |    1|  ap_memory |   buffer_8   |     array    |
|buffer_8_we0       | out |    1|  ap_memory |   buffer_8   |     array    |
|buffer_8_d0        | out |   32|  ap_memory |   buffer_8   |     array    |
|buffer_9_address0  | out |    4|  ap_memory |   buffer_9   |     array    |
|buffer_9_ce0       | out |    1|  ap_memory |   buffer_9   |     array    |
|buffer_9_we0       | out |    1|  ap_memory |   buffer_9   |     array    |
|buffer_9_d0        | out |   32|  ap_memory |   buffer_9   |     array    |
|enable             |  in |    1|   ap_none  |    enable    |    scalar    |
+-------------------+-----+-----+------------+--------------+--------------+

