

================================================================
== Vitis HLS Report for 'top'
================================================================
* Date:           Thu Oct 15 23:47:01 2020

* Version:        2020.1 (Build 2902540 on Wed May 27 20:16:15 MDT 2020)
* Project:        PING_PONG
* Solution:       original (Vivado IP Flow Target)
* Product family: zynquplus
* Target device:  xczu7ev-ffvc1156-2-e


================================================================
== Performance Estimates
================================================================
+ Timing: 
    * Summary: 
    +--------+----------+----------+------------+
    |  Clock |  Target  | Estimated| Uncertainty|
    +--------+----------+----------+------------+
    |ap_clk  | 10.00 ns | 2.969 ns |   2.70 ns  |
    +--------+----------+----------+------------+

+ Latency: 
    * Summary: 
    +---------+---------+----------+----------+-----+-----+---------+
    |  Latency (cycles) |  Latency (absolute) |  Interval | Pipeline|
    |   min   |   max   |    min   |    max   | min | max |   Type  |
    +---------+---------+----------+----------+-----+-----+---------+
    |       49|      385| 0.490 us | 3.850 us |   50|  386|   none  |
    +---------+---------+----------+----------+-----+-----+---------+

    + Detail: 
        * Instance: 
        +-----------------------+------------+---------+---------+-----------+----------+-----+-----+---------+
        |                       |            |  Latency (cycles) |  Latency (absolute)  |  Interval | Pipeline|
        |        Instance       |   Module   |   min   |   max   |    min    |    max   | min | max |   Type  |
        +-----------------------+------------+---------+---------+-----------+----------+-----+-----+---------+
        |grp_buf2stream_fu_161  |buf2stream  |        1|       22| 10.000 ns | 0.220 us |    1|   22|   none  |
        |grp_stream2buf_fu_186  |stream2buf  |        1|       12| 10.000 ns | 0.120 us |    1|   12|   none  |
        +-----------------------+------------+---------+---------+-----------+----------+-----+-----+---------+

        * Loop: 
        +-------------+---------+---------+----------+-----------+-----------+------+----------+
        |             |  Latency (cycles) | Iteration|  Initiation Interval  | Trip |          |
        |  Loop Name  |   min   |   max   |  Latency |  achieved |   target  | Count| Pipelined|
        +-------------+---------+---------+----------+-----------+-----------+------+----------+
        |- PING_PONG  |       48|      384|  3 ~ 24  |          -|          -|    16|    no    |
        +-------------+---------+---------+----------+-----------+-----------+------+----------+



================================================================
== Utilization Estimates
================================================================
* Summary: 
+-----------------+---------+------+--------+--------+-----+
|       Name      | BRAM_18K|  DSP |   FF   |   LUT  | URAM|
+-----------------+---------+------+--------+--------+-----+
|DSP              |        -|     -|       -|       -|    -|
|Expression       |        -|     -|       0|      50|    -|
|FIFO             |        -|     -|       -|       -|    -|
|Instance         |        -|     -|      28|     366|    -|
|Memory           |        0|     -|    1280|     100|    -|
|Multiplexer      |        -|     -|       -|    1110|    -|
|Register         |        -|     -|      19|       -|    -|
+-----------------+---------+------+--------+--------+-----+
|Total            |        0|     0|    1327|    1626|    0|
+-----------------+---------+------+--------+--------+-----+
|Available        |      624|  1728|  460800|  230400|   96|
+-----------------+---------+------+--------+--------+-----+
|Utilization (%)  |        0|     0|   ~0   |   ~0   |    0|
+-----------------+---------+------+--------+--------+-----+

+ Detail: 
    * Instance: 
    +-----------------------+------------+---------+----+----+-----+-----+
    |        Instance       |   Module   | BRAM_18K| DSP| FF | LUT | URAM|
    +-----------------------+------------+---------+----+----+-----+-----+
    |grp_buf2stream_fu_161  |buf2stream  |        0|   0|  12|  199|    0|
    |grp_stream2buf_fu_186  |stream2buf  |        0|   0|  16|  167|    0|
    +-----------------------+------------+---------+----+----+-----+-----+
    |Total                  |            |        0|   0|  28|  366|    0|
    +-----------------------+------------+---------+----+----+-----+-----+

    * DSP: 
    N/A

    * Memory: 
    +----------+--------+---------+----+----+-----+------+-----+------+-------------+
    |  Memory  | Module | BRAM_18K| FF | LUT| URAM| Words| Bits| Banks| W*Bits*Banks|
    +----------+--------+---------+----+----+-----+------+-----+------+-------------+
    |ping_0_U  |ping_0  |        0|  64|   5|    0|    10|   32|     1|          320|
    |ping_1_U  |ping_0  |        0|  64|   5|    0|    10|   32|     1|          320|
    |ping_2_U  |ping_0  |        0|  64|   5|    0|    10|   32|     1|          320|
    |ping_3_U  |ping_0  |        0|  64|   5|    0|    10|   32|     1|          320|
    |ping_4_U  |ping_0  |        0|  64|   5|    0|    10|   32|     1|          320|
    |ping_5_U  |ping_0  |        0|  64|   5|    0|    10|   32|     1|          320|
    |ping_6_U  |ping_0  |        0|  64|   5|    0|    10|   32|     1|          320|
    |ping_7_U  |ping_0  |        0|  64|   5|    0|    10|   32|     1|          320|
    |ping_8_U  |ping_0  |        0|  64|   5|    0|    10|   32|     1|          320|
    |ping_9_U  |ping_0  |        0|  64|   5|    0|    10|   32|     1|          320|
    |pong_0_U  |ping_0  |        0|  64|   5|    0|    10|   32|     1|          320|
    |pong_1_U  |ping_0  |        0|  64|   5|    0|    10|   32|     1|          320|
    |pong_2_U  |ping_0  |        0|  64|   5|    0|    10|   32|     1|          320|
    |pong_3_U  |ping_0  |        0|  64|   5|    0|    10|   32|     1|          320|
    |pong_4_U  |ping_0  |        0|  64|   5|    0|    10|   32|     1|          320|
    |pong_5_U  |ping_0  |        0|  64|   5|    0|    10|   32|     1|          320|
    |pong_6_U  |ping_0  |        0|  64|   5|    0|    10|   32|     1|          320|
    |pong_7_U  |ping_0  |        0|  64|   5|    0|    10|   32|     1|          320|
    |pong_8_U  |ping_0  |        0|  64|   5|    0|    10|   32|     1|          320|
    |pong_9_U  |ping_0  |        0|  64|   5|    0|    10|   32|     1|          320|
    +----------+--------+---------+----+----+-----+------+-----+------+-------------+
    |Total     |        |        0|1280| 100|    0|   200|  640|    20|         6400|
    +----------+--------+---------+----+----+-----+------+-----+------+-------------+

    * FIFO: 
    N/A

    * Expression: 
    +---------------------------------+----------+----+---+----+------------+------------+
    |          Variable Name          | Operation| DSP| FF| LUT| Bitwidth P0| Bitwidth P1|
    +---------------------------------+----------+----+---+----+------------+------------+
    |i_fu_238_p2                      |     +    |   0|  0|  15|           1|           5|
    |grp_fu_221_p2                    |   icmp   |   0|  0|  11|           5|           1|
    |icmp_ln47_fu_232_p2              |   icmp   |   0|  0|  11|           5|           6|
    |icmp_ln878_fu_244_p2             |   icmp   |   0|  0|  11|           5|           4|
    |ap_block_state3_on_subcall_done  |    or    |   0|  0|   2|           1|           1|
    +---------------------------------+----------+----+---+----+------------+------------+
    |Total                            |          |   0|  0|  50|          17|          17|
    +---------------------------------+----------+----+---+----+------------+------------+

    * Multiplexer: 
    +-----------------------------------+----+-----------+-----+-----------+
    |                Name               | LUT| Input Size| Bits| Total Bits|
    +-----------------------------------+----+-----------+-----+-----------+
    |ap_NS_fsm                          |  21|          4|    1|          4|
    |dst_V_0_write                      |   9|          2|    1|          2|
    |dst_V_1_write                      |   9|          2|    1|          2|
    |dst_V_2_write                      |   9|          2|    1|          2|
    |dst_V_3_write                      |   9|          2|    1|          2|
    |dst_V_4_write                      |   9|          2|    1|          2|
    |grp_buf2stream_fu_161_buffer_0_q0  |  15|          3|   32|         96|
    |grp_buf2stream_fu_161_buffer_1_q0  |  15|          3|   32|         96|
    |grp_buf2stream_fu_161_buffer_2_q0  |  15|          3|   32|         96|
    |grp_buf2stream_fu_161_buffer_3_q0  |  15|          3|   32|         96|
    |grp_buf2stream_fu_161_buffer_4_q0  |  15|          3|   32|         96|
    |grp_buf2stream_fu_161_buffer_5_q0  |  15|          3|   32|         96|
    |grp_buf2stream_fu_161_buffer_6_q0  |  15|          3|   32|         96|
    |grp_buf2stream_fu_161_buffer_7_q0  |  15|          3|   32|         96|
    |grp_buf2stream_fu_161_buffer_8_q0  |  15|          3|   32|         96|
    |grp_buf2stream_fu_161_buffer_9_q0  |  15|          3|   32|         96|
    |grp_buf2stream_fu_161_enable       |  15|          3|    1|          3|
    |p_Val2_s_reg_150                   |   9|          2|    5|         10|
    |ping_0_address0                    |  15|          3|    4|         12|
    |ping_0_ce0                         |  15|          3|    1|          3|
    |ping_0_we0                         |   9|          2|    1|          2|
    |ping_1_address0                    |  15|          3|    4|         12|
    |ping_1_ce0                         |  15|          3|    1|          3|
    |ping_1_we0                         |   9|          2|    1|          2|
    |ping_2_address0                    |  15|          3|    4|         12|
    |ping_2_ce0                         |  15|          3|    1|          3|
    |ping_2_we0                         |   9|          2|    1|          2|
    |ping_3_address0                    |  15|          3|    4|         12|
    |ping_3_ce0                         |  15|          3|    1|          3|
    |ping_3_we0                         |   9|          2|    1|          2|
    |ping_4_address0                    |  15|          3|    4|         12|
    |ping_4_ce0                         |  15|          3|    1|          3|
    |ping_4_we0                         |   9|          2|    1|          2|
    |ping_5_address0                    |  15|          3|    4|         12|
    |ping_5_ce0                         |  15|          3|    1|          3|
    |ping_5_we0                         |   9|          2|    1|          2|
    |ping_6_address0                    |  15|          3|    4|         12|
    |ping_6_ce0                         |  15|          3|    1|          3|
    |ping_6_we0                         |   9|          2|    1|          2|
    |ping_7_address0                    |  15|          3|    4|         12|
    |ping_7_ce0                         |  15|          3|    1|          3|
    |ping_7_we0                         |   9|          2|    1|          2|
    |ping_8_address0                    |  15|          3|    4|         12|
    |ping_8_ce0                         |  15|          3|    1|          3|
    |ping_8_we0                         |   9|          2|    1|          2|
    |ping_9_address0                    |  15|          3|    4|         12|
    |ping_9_ce0                         |  15|          3|    1|          3|
    |ping_9_we0                         |   9|          2|    1|          2|
    |pong_0_address0                    |  15|          3|    4|         12|
    |pong_0_ce0                         |  15|          3|    1|          3|
    |pong_0_we0                         |   9|          2|    1|          2|
    |pong_1_address0                    |  15|          3|    4|         12|
    |pong_1_ce0                         |  15|          3|    1|          3|
    |pong_1_we0                         |   9|          2|    1|          2|
    |pong_2_address0                    |  15|          3|    4|         12|
    |pong_2_ce0                         |  15|          3|    1|          3|
    |pong_2_we0                         |   9|          2|    1|          2|
    |pong_3_address0                    |  15|          3|    4|         12|
    |pong_3_ce0                         |  15|          3|    1|          3|
    |pong_3_we0                         |   9|          2|    1|          2|
    |pong_4_address0                    |  15|          3|    4|         12|
    |pong_4_ce0                         |  15|          3|    1|          3|
    |pong_4_we0                         |   9|          2|    1|          2|
    |pong_5_address0                    |  15|          3|    4|         12|
    |pong_5_ce0                         |  15|          3|    1|          3|
    |pong_5_we0                         |   9|          2|    1|          2|
    |pong_6_address0                    |  15|          3|    4|         12|
    |pong_6_ce0                         |  15|          3|    1|          3|
    |pong_6_we0                         |   9|          2|    1|          2|
    |pong_7_address0                    |  15|          3|    4|         12|
    |pong_7_ce0                         |  15|          3|    1|          3|
    |pong_7_we0                         |   9|          2|    1|          2|
    |pong_8_address0                    |  15|          3|    4|         12|
    |pong_8_ce0                         |  15|          3|    1|          3|
    |pong_8_we0                         |   9|          2|    1|          2|
    |pong_9_address0                    |  15|          3|    4|         12|
    |pong_9_ce0                         |  15|          3|    1|          3|
    |pong_9_we0                         |   9|          2|    1|          2|
    |src_V_0_read                       |   9|          2|    1|          2|
    |src_V_1_read                       |   9|          2|    1|          2|
    |src_V_2_read                       |   9|          2|    1|          2|
    |src_V_3_read                       |   9|          2|    1|          2|
    |src_V_4_read                       |   9|          2|    1|          2|
    |src_V_5_read                       |   9|          2|    1|          2|
    |src_V_6_read                       |   9|          2|    1|          2|
    |src_V_7_read                       |   9|          2|    1|          2|
    |src_V_8_read                       |   9|          2|    1|          2|
    |src_V_9_read                       |   9|          2|    1|          2|
    +-----------------------------------+----+-----------+-----+-----------+
    |Total                              |1110|        229|  462|       1347|
    +-----------------------------------+----+-----------+-----+-----------+

    * Register: 
    +------------------------------------+---+----+-----+-----------+
    |                Name                | FF| LUT| Bits| Const Bits|
    +------------------------------------+---+----+-----+-----------+
    |ap_CS_fsm                           |  3|   0|    3|          0|
    |grp_buf2stream_fu_161_ap_start_reg  |  1|   0|    1|          0|
    |grp_stream2buf_fu_186_ap_start_reg  |  1|   0|    1|          0|
    |i_reg_258                           |  5|   0|    5|          0|
    |icmp_ln878_1_reg_268                |  1|   0|    1|          0|
    |icmp_ln878_2_reg_273                |  1|   0|    1|          0|
    |icmp_ln878_reg_263                  |  1|   0|    1|          0|
    |p_Val2_s_reg_150                    |  5|   0|    5|          0|
    |trunc_ln47_reg_251                  |  1|   0|    1|          0|
    +------------------------------------+---+----+-----+-----------+
    |Total                               | 19|   0|   19|          0|
    +------------------------------------+---+----+-----+-----------+



================================================================
== Interface
================================================================
* Summary: 
+-----------------+-----+-----+------------+--------------+--------------+
|    RTL Ports    | Dir | Bits|  Protocol  | Source Object|    C Type    |
+-----------------+-----+-----+------------+--------------+--------------+
|ap_clk           |  in |    1| ap_ctrl_hs |      top     | return value |
|ap_rst           |  in |    1| ap_ctrl_hs |      top     | return value |
|ap_start         |  in |    1| ap_ctrl_hs |      top     | return value |
|ap_done          | out |    1| ap_ctrl_hs |      top     | return value |
|ap_idle          | out |    1| ap_ctrl_hs |      top     | return value |
|ap_ready         | out |    1| ap_ctrl_hs |      top     | return value |
|src_V_0_dout     |  in |   32|   ap_fifo  |    src_V_0   |    pointer   |
|src_V_0_empty_n  |  in |    1|   ap_fifo  |    src_V_0   |    pointer   |
|src_V_0_read     | out |    1|   ap_fifo  |    src_V_0   |    pointer   |
|src_V_1_dout     |  in |   32|   ap_fifo  |    src_V_1   |    pointer   |
|src_V_1_empty_n  |  in |    1|   ap_fifo  |    src_V_1   |    pointer   |
|src_V_1_read     | out |    1|   ap_fifo  |    src_V_1   |    pointer   |
|src_V_2_dout     |  in |   32|   ap_fifo  |    src_V_2   |    pointer   |
|src_V_2_empty_n  |  in |    1|   ap_fifo  |    src_V_2   |    pointer   |
|src_V_2_read     | out |    1|   ap_fifo  |    src_V_2   |    pointer   |
|src_V_3_dout     |  in |   32|   ap_fifo  |    src_V_3   |    pointer   |
|src_V_3_empty_n  |  in |    1|   ap_fifo  |    src_V_3   |    pointer   |
|src_V_3_read     | out |    1|   ap_fifo  |    src_V_3   |    pointer   |
|src_V_4_dout     |  in |   32|   ap_fifo  |    src_V_4   |    pointer   |
|src_V_4_empty_n  |  in |    1|   ap_fifo  |    src_V_4   |    pointer   |
|src_V_4_read     | out |    1|   ap_fifo  |    src_V_4   |    pointer   |
|src_V_5_dout     |  in |   32|   ap_fifo  |    src_V_5   |    pointer   |
|src_V_5_empty_n  |  in |    1|   ap_fifo  |    src_V_5   |    pointer   |
|src_V_5_read     | out |    1|   ap_fifo  |    src_V_5   |    pointer   |
|src_V_6_dout     |  in |   32|   ap_fifo  |    src_V_6   |    pointer   |
|src_V_6_empty_n  |  in |    1|   ap_fifo  |    src_V_6   |    pointer   |
|src_V_6_read     | out |    1|   ap_fifo  |    src_V_6   |    pointer   |
|src_V_7_dout     |  in |   32|   ap_fifo  |    src_V_7   |    pointer   |
|src_V_7_empty_n  |  in |    1|   ap_fifo  |    src_V_7   |    pointer   |
|src_V_7_read     | out |    1|   ap_fifo  |    src_V_7   |    pointer   |
|src_V_8_dout     |  in |   32|   ap_fifo  |    src_V_8   |    pointer   |
|src_V_8_empty_n  |  in |    1|   ap_fifo  |    src_V_8   |    pointer   |
|src_V_8_read     | out |    1|   ap_fifo  |    src_V_8   |    pointer   |
|src_V_9_dout     |  in |   32|   ap_fifo  |    src_V_9   |    pointer   |
|src_V_9_empty_n  |  in |    1|   ap_fifo  |    src_V_9   |    pointer   |
|src_V_9_read     | out |    1|   ap_fifo  |    src_V_9   |    pointer   |
|dst_V_0_din      | out |   32|   ap_fifo  |    dst_V_0   |    pointer   |
|dst_V_0_full_n   |  in |    1|   ap_fifo  |    dst_V_0   |    pointer   |
|dst_V_0_write    | out |    1|   ap_fifo  |    dst_V_0   |    pointer   |
|dst_V_1_din      | out |   32|   ap_fifo  |    dst_V_1   |    pointer   |
|dst_V_1_full_n   |  in |    1|   ap_fifo  |    dst_V_1   |    pointer   |
|dst_V_1_write    | out |    1|   ap_fifo  |    dst_V_1   |    pointer   |
|dst_V_2_din      | out |   32|   ap_fifo  |    dst_V_2   |    pointer   |
|dst_V_2_full_n   |  in |    1|   ap_fifo  |    dst_V_2   |    pointer   |
|dst_V_2_write    | out |    1|   ap_fifo  |    dst_V_2   |    pointer   |
|dst_V_3_din      | out |   32|   ap_fifo  |    dst_V_3   |    pointer   |
|dst_V_3_full_n   |  in |    1|   ap_fifo  |    dst_V_3   |    pointer   |
|dst_V_3_write    | out |    1|   ap_fifo  |    dst_V_3   |    pointer   |
|dst_V_4_din      | out |   32|   ap_fifo  |    dst_V_4   |    pointer   |
|dst_V_4_full_n   |  in |    1|   ap_fifo  |    dst_V_4   |    pointer   |
|dst_V_4_write    | out |    1|   ap_fifo  |    dst_V_4   |    pointer   |
+-----------------+-----+-----+------------+--------------+--------------+

