INFO: [SIM 2] *************** CSIM start ***************
INFO: [SIM 4] CSIM will launch GCC as the compiler.
   Compiling ../../../buf2pe.cpp in debug mode
   Generating csim.exe
Hello?
decalration done
0 0 0 0  || 0 13 11 12  || 0 21 22 23  || 
0 0 0 0  || 13 11 12 16  || 21 22 23 24  || 
0 0 0 0  || 11 12 16 16  || 22 23 24 24  || 
0 13 11 0  || 0 21 22 16  || 0 31 32 33  || 
13 11 12 0  || 21 22 23 16  || 31 32 33 34  || 
11 12 16 0  || 22 23 24 16  || 32 33 34 34  || 
0 21 22 0  || 0 31 32 16  || 0 41 42 43  || 
21 22 23 0  || 31 32 33 16  || 41 42 43 44  || 
22 23 24 0  || 32 33 34 16  || 42 43 44 44  || 
WARNING: Hls::stream 'hls::stream<ap_int<8>, 0>.11' contains leftover data, which may result in RTL simulation hanging.
WARNING: Hls::stream 'hls::stream<ap_int<8>, 0>.10' contains leftover data, which may result in RTL simulation hanging.
WARNING: Hls::stream 'hls::stream<ap_int<8>, 0>.9' contains leftover data, which may result in RTL simulation hanging.
WARNING: Hls::stream 'hls::stream<ap_int<8>, 0>.8' contains leftover data, which may result in RTL simulation hanging.
WARNING: Hls::stream 'hls::stream<ap_int<8>, 0>.7' contains leftover data, which may result in RTL simulation hanging.
WARNING: Hls::stream 'hls::stream<ap_int<8>, 0>.6' contains leftover data, which may result in RTL simulation hanging.
WARNING: Hls::stream 'hls::stream<ap_int<8>, 0>.5' contains leftover data, which may result in RTL simulation hanging.
WARNING: Hls::stream 'hls::stream<ap_int<8>, 0>.4' contains leftover data, which may result in RTL simulation hanging.
WARNING: Hls::stream 'hls::stream<ap_int<8>, 0>.3' contains leftover data, which may result in RTL simulation hanging.
WARNING: Hls::stream 'hls::stream<ap_int<8>, 0>.2' contains leftover data, which may result in RTL simulation hanging.
INFO: [SIM 1] CSim done with 0 errors.
INFO: [SIM 3] *************** CSIM finish ***************
